Simulator report for relogio
Sun Jun 02 12:17:04 2013
Quartus II Version 9.1 Build 350 03/24/2010 Service Pack 2 SJ Web Edition


---------------------
; Table of Contents ;
---------------------
  1. Legal Notice
  2. Simulator Summary
  3. Simulator Settings
  4. Simulation Waveforms
  5. Coverage Summary
  6. Complete 1/0-Value Coverage
  7. Missing 1-Value Coverage
  8. Missing 0-Value Coverage
  9. Simulator INI Usage
 10. Simulator Messages



----------------
; Legal Notice ;
----------------
Copyright (C) 1991-2010 Altera Corporation
Your use of Altera Corporation's design tools, logic functions 
and other software and tools, and its AMPP partner logic 
functions, and any output files from any of the foregoing 
(including device programming or simulation files), and any 
associated documentation or information are expressly subject 
to the terms and conditions of the Altera Program License 
Subscription Agreement, Altera MegaCore Function License 
Agreement, or other applicable license agreement, including, 
without limitation, that your use is for the sole purpose of 
programming logic devices manufactured by Altera and sold by 
Altera or its authorized distributors.  Please refer to the 
applicable agreement for further details.



+--------------------------------------------+
; Simulator Summary                          ;
+-----------------------------+--------------+
; Type                        ; Value        ;
+-----------------------------+--------------+
; Simulation Start Time       ; 0 ps         ;
; Simulation End Time         ; 1.73 ms      ;
; Simulation Netlist Size     ; 230 nodes    ;
; Simulation Coverage         ;      38.16 % ;
; Total Number of Transitions ; 351019       ;
; Simulation Breakpoints      ; 0            ;
; Family                      ; Stratix III  ;
+-----------------------------+--------------+


+-------------------------------------------------------------------------------------------------------------------------+
; Simulator Settings                                                                                                      ;
+--------------------------------------------------------------------------------------------+------------+---------------+
; Option                                                                                     ; Setting    ; Default Value ;
+--------------------------------------------------------------------------------------------+------------+---------------+
; Simulation mode                                                                            ; Functional ; Timing        ;
; Start time                                                                                 ; 0 ns       ; 0 ns          ;
; Simulation results format                                                                  ; CVWF       ;               ;
; Add pins automatically to simulation output waveforms                                      ; On         ; On            ;
; Check outputs                                                                              ; Off        ; Off           ;
; Report simulation coverage                                                                 ; On         ; On            ;
; Display complete 1/0 value coverage report                                                 ; On         ; On            ;
; Display missing 1-value coverage report                                                    ; On         ; On            ;
; Display missing 0-value coverage report                                                    ; On         ; On            ;
; Detect setup and hold time violations                                                      ; Off        ; Off           ;
; Detect glitches                                                                            ; Off        ; Off           ;
; Disable timing delays in Timing Simulation                                                 ; Off        ; Off           ;
; Generate Signal Activity File                                                              ; Off        ; Off           ;
; Generate VCD File for PowerPlay Power Analyzer                                             ; Off        ; Off           ;
; Group bus channels in simulation results                                                   ; Off        ; Off           ;
; Preserve fewer signal transitions to reduce memory requirements                            ; On         ; On            ;
; Trigger vector comparison with the specified mode                                          ; INPUT_EDGE ; INPUT_EDGE    ;
; Disable setup and hold time violations detection in input registers of bi-directional pins ; Off        ; Off           ;
; Overwrite Waveform Inputs With Simulation Outputs                                          ; Off        ;               ;
; Perform Glitch Filtering in Timing Simulation                                              ; Auto       ; Auto          ;
; Interconnect Delay Model Type                                                              ; Transport  ; Transport     ;
; Cell Delay Model Type                                                                      ; Transport  ; Transport     ;
+--------------------------------------------------------------------------------------------+------------+---------------+


+----------------------+
; Simulation Waveforms ;
+----------------------+
Waveform report data cannot be output to ASCII.
Please use Quartus II to view the waveform report data.


+--------------------------------------------------------------------+
; Coverage Summary                                                   ;
+-----------------------------------------------------+--------------+
; Type                                                ; Value        ;
+-----------------------------------------------------+--------------+
; Total coverage as a percentage                      ;      38.16 % ;
; Total nodes checked                                 ; 230          ;
; Total output ports checked                          ; 228          ;
; Total output ports with complete 1/0-value coverage ; 87           ;
; Total output ports with no 1/0-value coverage       ; 109          ;
; Total output ports with no 1-value coverage         ; 117          ;
; Total output ports with no 0-value coverage         ; 133          ;
+-----------------------------------------------------+--------------+


The following table displays output ports that toggle between 1 and 0 during simulation.
+--------------------------------------------------------------------------------------------------------------+
; Complete 1/0-Value Coverage                                                                                  ;
+---------------------------------------------+---------------------------------------------+------------------+
; Node Name                                   ; Output Port Name                            ; Output Port Type ;
+---------------------------------------------+---------------------------------------------+------------------+
; |relogio|un_min_bcd[0]                      ; |relogio|un_min_bcd[0]                      ; pin_out          ;
; |relogio|un_min_bcd[1]                      ; |relogio|un_min_bcd[1]                      ; pin_out          ;
; |relogio|un_min_bcd[2]                      ; |relogio|un_min_bcd[2]                      ; pin_out          ;
; |relogio|un_min_bcd[4]                      ; |relogio|un_min_bcd[4]                      ; pin_out          ;
; |relogio|un_min_bcd[5]                      ; |relogio|un_min_bcd[5]                      ; pin_out          ;
; |relogio|un_min_bcd[6]                      ; |relogio|un_min_bcd[6]                      ; pin_out          ;
; |relogio|decodificador_bcd:P6|display[0]~0  ; |relogio|decodificador_bcd:P6|display[0]~0  ; out              ;
; |relogio|decodificador_bcd:P6|display[0]~1  ; |relogio|decodificador_bcd:P6|display[0]~1  ; out              ;
; |relogio|decodificador_bcd:P6|comb~0        ; |relogio|decodificador_bcd:P6|comb~0        ; out0             ;
; |relogio|decodificador_bcd:P6|display[6]~2  ; |relogio|decodificador_bcd:P6|display[6]~2  ; out0             ;
; |relogio|decodificador_bcd:P6|comb~1        ; |relogio|decodificador_bcd:P6|comb~1        ; out0             ;
; |relogio|decodificador_bcd:P6|display[6]~3  ; |relogio|decodificador_bcd:P6|display[6]~3  ; out0             ;
; |relogio|decodificador_bcd:P6|display[0]    ; |relogio|decodificador_bcd:P6|display[0]    ; out              ;
; |relogio|decodificador_bcd:P6|display[1]~4  ; |relogio|decodificador_bcd:P6|display[1]~4  ; out              ;
; |relogio|decodificador_bcd:P6|display[6]~5  ; |relogio|decodificador_bcd:P6|display[6]~5  ; out0             ;
; |relogio|decodificador_bcd:P6|comb~2        ; |relogio|decodificador_bcd:P6|comb~2        ; out0             ;
; |relogio|decodificador_bcd:P6|display[4]~6  ; |relogio|decodificador_bcd:P6|display[4]~6  ; out              ;
; |relogio|decodificador_bcd:P6|display[1]~7  ; |relogio|decodificador_bcd:P6|display[1]~7  ; out              ;
; |relogio|decodificador_bcd:P6|display[1]    ; |relogio|decodificador_bcd:P6|display[1]    ; out              ;
; |relogio|decodificador_bcd:P6|display[6]~8  ; |relogio|decodificador_bcd:P6|display[6]~8  ; out0             ;
; |relogio|decodificador_bcd:P6|display[5]~9  ; |relogio|decodificador_bcd:P6|display[5]~9  ; out              ;
; |relogio|decodificador_bcd:P6|display[4]~10 ; |relogio|decodificador_bcd:P6|display[4]~10 ; out              ;
; |relogio|decodificador_bcd:P6|display[1]~11 ; |relogio|decodificador_bcd:P6|display[1]~11 ; out              ;
; |relogio|decodificador_bcd:P6|comb~3        ; |relogio|decodificador_bcd:P6|comb~3        ; out0             ;
; |relogio|decodificador_bcd:P6|display[6]~12 ; |relogio|decodificador_bcd:P6|display[6]~12 ; out0             ;
; |relogio|decodificador_bcd:P6|display[2]    ; |relogio|decodificador_bcd:P6|display[2]    ; out              ;
; |relogio|decodificador_bcd:P6|display[5]~13 ; |relogio|decodificador_bcd:P6|display[5]~13 ; out              ;
; |relogio|decodificador_bcd:P6|display[2]~15 ; |relogio|decodificador_bcd:P6|display[2]~15 ; out              ;
; |relogio|decodificador_bcd:P6|display[1]~16 ; |relogio|decodificador_bcd:P6|display[1]~16 ; out              ;
; |relogio|decodificador_bcd:P6|display[6]~17 ; |relogio|decodificador_bcd:P6|display[6]~17 ; out0             ;
; |relogio|decodificador_bcd:P6|display[0]~18 ; |relogio|decodificador_bcd:P6|display[0]~18 ; out              ;
; |relogio|decodificador_bcd:P6|comb~4        ; |relogio|decodificador_bcd:P6|comb~4        ; out0             ;
; |relogio|decodificador_bcd:P6|display[1]~19 ; |relogio|decodificador_bcd:P6|display[1]~19 ; out              ;
; |relogio|decodificador_bcd:P6|display[1]~20 ; |relogio|decodificador_bcd:P6|display[1]~20 ; out              ;
; |relogio|decodificador_bcd:P6|display[1]~21 ; |relogio|decodificador_bcd:P6|display[1]~21 ; out              ;
; |relogio|decodificador_bcd:P6|display[1]~22 ; |relogio|decodificador_bcd:P6|display[1]~22 ; out              ;
; |relogio|decodificador_bcd:P6|comb~5        ; |relogio|decodificador_bcd:P6|comb~5        ; out0             ;
; |relogio|decodificador_bcd:P6|display[2]~23 ; |relogio|decodificador_bcd:P6|display[2]~23 ; out              ;
; |relogio|decodificador_bcd:P6|display[2]~24 ; |relogio|decodificador_bcd:P6|display[2]~24 ; out              ;
; |relogio|decodificador_bcd:P6|display[2]~25 ; |relogio|decodificador_bcd:P6|display[2]~25 ; out              ;
; |relogio|decodificador_bcd:P6|display[2]~26 ; |relogio|decodificador_bcd:P6|display[2]~26 ; out              ;
; |relogio|decodificador_bcd:P6|comb~7        ; |relogio|decodificador_bcd:P6|comb~7        ; out0             ;
; |relogio|decodificador_bcd:P6|display[4]~31 ; |relogio|decodificador_bcd:P6|display[4]~31 ; out              ;
; |relogio|decodificador_bcd:P6|display[4]~32 ; |relogio|decodificador_bcd:P6|display[4]~32 ; out              ;
; |relogio|decodificador_bcd:P6|comb~8        ; |relogio|decodificador_bcd:P6|comb~8        ; out0             ;
; |relogio|decodificador_bcd:P6|display[5]~33 ; |relogio|decodificador_bcd:P6|display[5]~33 ; out              ;
; |relogio|decodificador_bcd:P6|display[5]~34 ; |relogio|decodificador_bcd:P6|display[5]~34 ; out              ;
; |relogio|decodificador_bcd:P6|display[5]~35 ; |relogio|decodificador_bcd:P6|display[5]~35 ; out              ;
; |relogio|decodificador_bcd:P6|display[5]~36 ; |relogio|decodificador_bcd:P6|display[5]~36 ; out              ;
; |relogio|decodificador_bcd:P6|comb~9        ; |relogio|decodificador_bcd:P6|comb~9        ; out0             ;
; |relogio|decodificador_bcd:P6|display[6]~37 ; |relogio|decodificador_bcd:P6|display[6]~37 ; out              ;
; |relogio|decodificador_bcd:P6|display[6]~38 ; |relogio|decodificador_bcd:P6|display[6]~38 ; out0             ;
; |relogio|decodificador_bcd:P6|display[6]~39 ; |relogio|decodificador_bcd:P6|display[6]~39 ; out              ;
; |relogio|decodificador_bcd:P6|display[6]~40 ; |relogio|decodificador_bcd:P6|display[6]~40 ; out0             ;
; |relogio|decodificador_bcd:P6|display[6]~41 ; |relogio|decodificador_bcd:P6|display[6]~41 ; out              ;
; |relogio|decodificador_bcd:P6|display[6]~42 ; |relogio|decodificador_bcd:P6|display[6]~42 ; out0             ;
; |relogio|decodificador_bcd:P6|display[6]~43 ; |relogio|decodificador_bcd:P6|display[6]~43 ; out              ;
; |relogio|decodificador_bcd:P6|comb~10       ; |relogio|decodificador_bcd:P6|comb~10       ; out0             ;
; |relogio|decodificador_bcd:P6|comb~11       ; |relogio|decodificador_bcd:P6|comb~11       ; out0             ;
; |relogio|decodificador_bcd:P6|display[4]    ; |relogio|decodificador_bcd:P6|display[4]    ; out              ;
; |relogio|decodificador_bcd:P6|comb~12       ; |relogio|decodificador_bcd:P6|comb~12       ; out0             ;
; |relogio|decodificador_bcd:P6|display[5]    ; |relogio|decodificador_bcd:P6|display[5]    ; out              ;
; |relogio|decodificador_bcd:P6|comb~13       ; |relogio|decodificador_bcd:P6|comb~13       ; out0             ;
; |relogio|decodificador_bcd:P6|display[6]    ; |relogio|decodificador_bcd:P6|display[6]    ; out              ;
; |relogio|minutos:P2|un[3]                   ; |relogio|minutos:P2|un[3]                   ; out              ;
; |relogio|minutos:P2|process_0~0             ; |relogio|minutos:P2|process_0~0             ; out0             ;
; |relogio|minutos:P2|un~0                    ; |relogio|minutos:P2|un~0                    ; out              ;
; |relogio|minutos:P2|un~1                    ; |relogio|minutos:P2|un~1                    ; out              ;
; |relogio|minutos:P2|un~2                    ; |relogio|minutos:P2|un~2                    ; out              ;
; |relogio|minutos:P2|un~3                    ; |relogio|minutos:P2|un~3                    ; out              ;
; |relogio|minutos:P2|un[2]                   ; |relogio|minutos:P2|un[2]                   ; out              ;
; |relogio|minutos:P2|un[1]                   ; |relogio|minutos:P2|un[1]                   ; out              ;
; |relogio|minutos:P2|un[0]                   ; |relogio|minutos:P2|un[0]                   ; out              ;
; |relogio|minutos:P2|Add0~0                  ; |relogio|minutos:P2|Add0~0                  ; out0             ;
; |relogio|minutos:P2|Add0~1                  ; |relogio|minutos:P2|Add0~1                  ; out0             ;
; |relogio|minutos:P2|Add0~2                  ; |relogio|minutos:P2|Add0~2                  ; out0             ;
; |relogio|minutos:P2|Add0~3                  ; |relogio|minutos:P2|Add0~3                  ; out0             ;
; |relogio|minutos:P2|Add0~4                  ; |relogio|minutos:P2|Add0~4                  ; out0             ;
; |relogio|decodificador_bcd:P6|Equal0~0      ; |relogio|decodificador_bcd:P6|Equal0~0      ; out0             ;
; |relogio|decodificador_bcd:P6|Equal1~0      ; |relogio|decodificador_bcd:P6|Equal1~0      ; out0             ;
; |relogio|decodificador_bcd:P6|Equal2~0      ; |relogio|decodificador_bcd:P6|Equal2~0      ; out0             ;
; |relogio|decodificador_bcd:P6|Equal4~0      ; |relogio|decodificador_bcd:P6|Equal4~0      ; out0             ;
; |relogio|decodificador_bcd:P6|Equal5~0      ; |relogio|decodificador_bcd:P6|Equal5~0      ; out0             ;
; |relogio|decodificador_bcd:P6|Equal6~0      ; |relogio|decodificador_bcd:P6|Equal6~0      ; out0             ;
; |relogio|decodificador_bcd:P6|Equal8~0      ; |relogio|decodificador_bcd:P6|Equal8~0      ; out0             ;
; |relogio|decodificador_bcd:P6|Equal9~0      ; |relogio|decodificador_bcd:P6|Equal9~0      ; out0             ;
; |relogio|minutos:P2|Equal1~0                ; |relogio|minutos:P2|Equal1~0                ; out0             ;
+---------------------------------------------+---------------------------------------------+------------------+


The following table displays output ports that do not toggle to 1 during simulation.
+--------------------------------------------------------------------------------------------------------------+
; Missing 1-Value Coverage                                                                                     ;
+---------------------------------------------+---------------------------------------------+------------------+
; Node Name                                   ; Output Port Name                            ; Output Port Type ;
+---------------------------------------------+---------------------------------------------+------------------+
; |relogio|change1                            ; |relogio|change1                            ; pin_out          ;
; |relogio|change2                            ; |relogio|change2                            ; pin_out          ;
; |relogio|un_seg_bcd[0]                      ; |relogio|un_seg_bcd[0]                      ; pin_out          ;
; |relogio|un_seg_bcd[1]                      ; |relogio|un_seg_bcd[1]                      ; pin_out          ;
; |relogio|un_seg_bcd[2]                      ; |relogio|un_seg_bcd[2]                      ; pin_out          ;
; |relogio|un_seg_bcd[3]                      ; |relogio|un_seg_bcd[3]                      ; pin_out          ;
; |relogio|un_seg_bcd[4]                      ; |relogio|un_seg_bcd[4]                      ; pin_out          ;
; |relogio|un_seg_bcd[5]                      ; |relogio|un_seg_bcd[5]                      ; pin_out          ;
; |relogio|un_seg_bcd[6]                      ; |relogio|un_seg_bcd[6]                      ; pin_out          ;
; |relogio|dez_seg_bcd[0]                     ; |relogio|dez_seg_bcd[0]                     ; pin_out          ;
; |relogio|dez_seg_bcd[1]                     ; |relogio|dez_seg_bcd[1]                     ; pin_out          ;
; |relogio|dez_seg_bcd[2]                     ; |relogio|dez_seg_bcd[2]                     ; pin_out          ;
; |relogio|dez_seg_bcd[3]                     ; |relogio|dez_seg_bcd[3]                     ; pin_out          ;
; |relogio|dez_seg_bcd[4]                     ; |relogio|dez_seg_bcd[4]                     ; pin_out          ;
; |relogio|dez_seg_bcd[5]                     ; |relogio|dez_seg_bcd[5]                     ; pin_out          ;
; |relogio|dez_seg_bcd[6]                     ; |relogio|dez_seg_bcd[6]                     ; pin_out          ;
; |relogio|un_min_bcd[3]                      ; |relogio|un_min_bcd[3]                      ; pin_out          ;
; |relogio|dez_min_bcd[3]                     ; |relogio|dez_min_bcd[3]                     ; pin_out          ;
; |relogio|dez_min_bcd[4]                     ; |relogio|dez_min_bcd[4]                     ; pin_out          ;
; |relogio|dez_min_bcd[5]                     ; |relogio|dez_min_bcd[5]                     ; pin_out          ;
; |relogio|un_hora_bcd[0]                     ; |relogio|un_hora_bcd[0]                     ; pin_out          ;
; |relogio|un_hora_bcd[1]                     ; |relogio|un_hora_bcd[1]                     ; pin_out          ;
; |relogio|un_hora_bcd[2]                     ; |relogio|un_hora_bcd[2]                     ; pin_out          ;
; |relogio|un_hora_bcd[3]                     ; |relogio|un_hora_bcd[3]                     ; pin_out          ;
; |relogio|un_hora_bcd[4]                     ; |relogio|un_hora_bcd[4]                     ; pin_out          ;
; |relogio|un_hora_bcd[5]                     ; |relogio|un_hora_bcd[5]                     ; pin_out          ;
; |relogio|un_hora_bcd[6]                     ; |relogio|un_hora_bcd[6]                     ; pin_out          ;
; |relogio|dez_hora_bcd[0]                    ; |relogio|dez_hora_bcd[0]                    ; pin_out          ;
; |relogio|dez_hora_bcd[1]                    ; |relogio|dez_hora_bcd[1]                    ; pin_out          ;
; |relogio|dez_hora_bcd[2]                    ; |relogio|dez_hora_bcd[2]                    ; pin_out          ;
; |relogio|dez_hora_bcd[3]                    ; |relogio|dez_hora_bcd[3]                    ; pin_out          ;
; |relogio|dez_hora_bcd[4]                    ; |relogio|dez_hora_bcd[4]                    ; pin_out          ;
; |relogio|dez_hora_bcd[5]                    ; |relogio|dez_hora_bcd[5]                    ; pin_out          ;
; |relogio|dez_hora_bcd[6]                    ; |relogio|dez_hora_bcd[6]                    ; pin_out          ;
; |relogio|decodificador_bcd:P7|display[0]~1  ; |relogio|decodificador_bcd:P7|display[0]~1  ; out              ;
; |relogio|decodificador_bcd:P7|display[6]~2  ; |relogio|decodificador_bcd:P7|display[6]~2  ; out0             ;
; |relogio|decodificador_bcd:P7|comb~1        ; |relogio|decodificador_bcd:P7|comb~1        ; out0             ;
; |relogio|decodificador_bcd:P7|display[6]~3  ; |relogio|decodificador_bcd:P7|display[6]~3  ; out0             ;
; |relogio|decodificador_bcd:P7|display[1]~4  ; |relogio|decodificador_bcd:P7|display[1]~4  ; out              ;
; |relogio|decodificador_bcd:P7|display[6]~5  ; |relogio|decodificador_bcd:P7|display[6]~5  ; out0             ;
; |relogio|decodificador_bcd:P7|comb~2        ; |relogio|decodificador_bcd:P7|comb~2        ; out0             ;
; |relogio|decodificador_bcd:P7|display[4]~6  ; |relogio|decodificador_bcd:P7|display[4]~6  ; out              ;
; |relogio|decodificador_bcd:P7|display[1]~7  ; |relogio|decodificador_bcd:P7|display[1]~7  ; out              ;
; |relogio|decodificador_bcd:P7|display[6]~8  ; |relogio|decodificador_bcd:P7|display[6]~8  ; out0             ;
; |relogio|decodificador_bcd:P7|display[5]~9  ; |relogio|decodificador_bcd:P7|display[5]~9  ; out              ;
; |relogio|decodificador_bcd:P7|display[4]~10 ; |relogio|decodificador_bcd:P7|display[4]~10 ; out              ;
; |relogio|decodificador_bcd:P7|display[1]~11 ; |relogio|decodificador_bcd:P7|display[1]~11 ; out              ;
; |relogio|decodificador_bcd:P7|comb~3        ; |relogio|decodificador_bcd:P7|comb~3        ; out0             ;
; |relogio|decodificador_bcd:P7|display[6]~12 ; |relogio|decodificador_bcd:P7|display[6]~12 ; out0             ;
; |relogio|decodificador_bcd:P7|display[5]~13 ; |relogio|decodificador_bcd:P7|display[5]~13 ; out              ;
; |relogio|decodificador_bcd:P7|display[4]~14 ; |relogio|decodificador_bcd:P7|display[4]~14 ; out              ;
; |relogio|decodificador_bcd:P7|display[2]~15 ; |relogio|decodificador_bcd:P7|display[2]~15 ; out              ;
; |relogio|decodificador_bcd:P7|display[1]~16 ; |relogio|decodificador_bcd:P7|display[1]~16 ; out              ;
; |relogio|decodificador_bcd:P7|display[6]~17 ; |relogio|decodificador_bcd:P7|display[6]~17 ; out0             ;
; |relogio|decodificador_bcd:P7|display[1]~19 ; |relogio|decodificador_bcd:P7|display[1]~19 ; out              ;
; |relogio|decodificador_bcd:P7|display[1]~20 ; |relogio|decodificador_bcd:P7|display[1]~20 ; out              ;
; |relogio|decodificador_bcd:P7|display[1]~21 ; |relogio|decodificador_bcd:P7|display[1]~21 ; out              ;
; |relogio|decodificador_bcd:P7|display[2]~23 ; |relogio|decodificador_bcd:P7|display[2]~23 ; out              ;
; |relogio|decodificador_bcd:P7|display[2]~24 ; |relogio|decodificador_bcd:P7|display[2]~24 ; out              ;
; |relogio|decodificador_bcd:P7|comb~6        ; |relogio|decodificador_bcd:P7|comb~6        ; out0             ;
; |relogio|decodificador_bcd:P7|display[3]~27 ; |relogio|decodificador_bcd:P7|display[3]~27 ; out              ;
; |relogio|decodificador_bcd:P7|display[3]~28 ; |relogio|decodificador_bcd:P7|display[3]~28 ; out              ;
; |relogio|decodificador_bcd:P7|comb~7        ; |relogio|decodificador_bcd:P7|comb~7        ; out0             ;
; |relogio|decodificador_bcd:P7|display[4]~29 ; |relogio|decodificador_bcd:P7|display[4]~29 ; out              ;
; |relogio|decodificador_bcd:P7|display[4]~30 ; |relogio|decodificador_bcd:P7|display[4]~30 ; out              ;
; |relogio|decodificador_bcd:P7|display[4]~32 ; |relogio|decodificador_bcd:P7|display[4]~32 ; out              ;
; |relogio|decodificador_bcd:P7|comb~8        ; |relogio|decodificador_bcd:P7|comb~8        ; out0             ;
; |relogio|decodificador_bcd:P7|display[5]~33 ; |relogio|decodificador_bcd:P7|display[5]~33 ; out              ;
; |relogio|decodificador_bcd:P7|display[5]~34 ; |relogio|decodificador_bcd:P7|display[5]~34 ; out              ;
; |relogio|decodificador_bcd:P7|display[5]~35 ; |relogio|decodificador_bcd:P7|display[5]~35 ; out              ;
; |relogio|decodificador_bcd:P7|display[5]~36 ; |relogio|decodificador_bcd:P7|display[5]~36 ; out              ;
; |relogio|decodificador_bcd:P7|display[6]~37 ; |relogio|decodificador_bcd:P7|display[6]~37 ; out              ;
; |relogio|decodificador_bcd:P7|display[6]~38 ; |relogio|decodificador_bcd:P7|display[6]~38 ; out0             ;
; |relogio|decodificador_bcd:P7|display[6]~39 ; |relogio|decodificador_bcd:P7|display[6]~39 ; out              ;
; |relogio|decodificador_bcd:P7|display[6]~42 ; |relogio|decodificador_bcd:P7|display[6]~42 ; out0             ;
; |relogio|decodificador_bcd:P7|comb~10       ; |relogio|decodificador_bcd:P7|comb~10       ; out0             ;
; |relogio|decodificador_bcd:P7|display[3]    ; |relogio|decodificador_bcd:P7|display[3]    ; out              ;
; |relogio|decodificador_bcd:P7|comb~11       ; |relogio|decodificador_bcd:P7|comb~11       ; out0             ;
; |relogio|decodificador_bcd:P7|display[4]    ; |relogio|decodificador_bcd:P7|display[4]    ; out              ;
; |relogio|decodificador_bcd:P7|comb~12       ; |relogio|decodificador_bcd:P7|comb~12       ; out0             ;
; |relogio|decodificador_bcd:P7|display[5]    ; |relogio|decodificador_bcd:P7|display[5]    ; out              ;
; |relogio|decodificador_bcd:P7|comb~13       ; |relogio|decodificador_bcd:P7|comb~13       ; out0             ;
; |relogio|decodificador_bcd:P6|display[4]~14 ; |relogio|decodificador_bcd:P6|display[4]~14 ; out              ;
; |relogio|decodificador_bcd:P6|comb~6        ; |relogio|decodificador_bcd:P6|comb~6        ; out0             ;
; |relogio|decodificador_bcd:P6|display[3]~27 ; |relogio|decodificador_bcd:P6|display[3]~27 ; out              ;
; |relogio|decodificador_bcd:P6|display[3]~28 ; |relogio|decodificador_bcd:P6|display[3]~28 ; out              ;
; |relogio|decodificador_bcd:P6|display[4]~29 ; |relogio|decodificador_bcd:P6|display[4]~29 ; out              ;
; |relogio|decodificador_bcd:P6|display[4]~30 ; |relogio|decodificador_bcd:P6|display[4]~30 ; out              ;
; |relogio|decodificador_bcd:P6|display[3]    ; |relogio|decodificador_bcd:P6|display[3]    ; out              ;
; |relogio|minutos:P2|change2~0               ; |relogio|minutos:P2|change2~0               ; out0             ;
; |relogio|minutos:P2|process_0~1             ; |relogio|minutos:P2|process_0~1             ; out0             ;
; |relogio|minutos:P2|dez[3]                  ; |relogio|minutos:P2|dez[3]                  ; out              ;
; |relogio|minutos:P2|dez[2]                  ; |relogio|minutos:P2|dez[2]                  ; out              ;
; |relogio|minutos:P2|dez[1]                  ; |relogio|minutos:P2|dez[1]                  ; out              ;
; |relogio|minutos:P2|change2                 ; |relogio|minutos:P2|change2                 ; out              ;
; |relogio|minutos:P2|comb~0                  ; |relogio|minutos:P2|comb~0                  ; out0             ;
; |relogio|minutos:P2|comb~1                  ; |relogio|minutos:P2|comb~1                  ; out0             ;
; |relogio|minutos:P2|LessThan0~0             ; |relogio|minutos:P2|LessThan0~0             ; out0             ;
; |relogio|minutos:P2|LessThan0~1             ; |relogio|minutos:P2|LessThan0~1             ; out0             ;
; |relogio|minutos:P2|LessThan0~2             ; |relogio|minutos:P2|LessThan0~2             ; out0             ;
; |relogio|minutos:P2|LessThan0~3             ; |relogio|minutos:P2|LessThan0~3             ; out0             ;
; |relogio|minutos:P2|Add1~1                  ; |relogio|minutos:P2|Add1~1                  ; out0             ;
; |relogio|minutos:P2|Add1~2                  ; |relogio|minutos:P2|Add1~2                  ; out0             ;
; |relogio|minutos:P2|Add1~3                  ; |relogio|minutos:P2|Add1~3                  ; out0             ;
; |relogio|minutos:P2|Add1~4                  ; |relogio|minutos:P2|Add1~4                  ; out0             ;
; |relogio|decodificador_bcd:P7|Equal0~0      ; |relogio|decodificador_bcd:P7|Equal0~0      ; out0             ;
; |relogio|decodificador_bcd:P7|Equal1~0      ; |relogio|decodificador_bcd:P7|Equal1~0      ; out0             ;
; |relogio|decodificador_bcd:P7|Equal2~0      ; |relogio|decodificador_bcd:P7|Equal2~0      ; out0             ;
; |relogio|decodificador_bcd:P7|Equal3~0      ; |relogio|decodificador_bcd:P7|Equal3~0      ; out0             ;
; |relogio|decodificador_bcd:P7|Equal4~0      ; |relogio|decodificador_bcd:P7|Equal4~0      ; out0             ;
; |relogio|decodificador_bcd:P7|Equal5~0      ; |relogio|decodificador_bcd:P7|Equal5~0      ; out0             ;
; |relogio|decodificador_bcd:P7|Equal6~0      ; |relogio|decodificador_bcd:P7|Equal6~0      ; out0             ;
; |relogio|decodificador_bcd:P7|Equal7~0      ; |relogio|decodificador_bcd:P7|Equal7~0      ; out0             ;
; |relogio|decodificador_bcd:P7|Equal9~0      ; |relogio|decodificador_bcd:P7|Equal9~0      ; out0             ;
; |relogio|decodificador_bcd:P6|Equal3~0      ; |relogio|decodificador_bcd:P6|Equal3~0      ; out0             ;
; |relogio|decodificador_bcd:P6|Equal7~0      ; |relogio|decodificador_bcd:P6|Equal7~0      ; out0             ;
; |relogio|minutos:P2|Equal0~0                ; |relogio|minutos:P2|Equal0~0                ; out0             ;
+---------------------------------------------+---------------------------------------------+------------------+


The following table displays output ports that do not toggle to 0 during simulation.
+--------------------------------------------------------------------------------------------------------------+
; Missing 0-Value Coverage                                                                                     ;
+---------------------------------------------+---------------------------------------------+------------------+
; Node Name                                   ; Output Port Name                            ; Output Port Type ;
+---------------------------------------------+---------------------------------------------+------------------+
; |relogio|clr                                ; |relogio|clr                                ; out              ;
; |relogio|change1                            ; |relogio|change1                            ; pin_out          ;
; |relogio|change2                            ; |relogio|change2                            ; pin_out          ;
; |relogio|un_seg_bcd[0]                      ; |relogio|un_seg_bcd[0]                      ; pin_out          ;
; |relogio|un_seg_bcd[1]                      ; |relogio|un_seg_bcd[1]                      ; pin_out          ;
; |relogio|un_seg_bcd[2]                      ; |relogio|un_seg_bcd[2]                      ; pin_out          ;
; |relogio|un_seg_bcd[3]                      ; |relogio|un_seg_bcd[3]                      ; pin_out          ;
; |relogio|un_seg_bcd[4]                      ; |relogio|un_seg_bcd[4]                      ; pin_out          ;
; |relogio|un_seg_bcd[5]                      ; |relogio|un_seg_bcd[5]                      ; pin_out          ;
; |relogio|un_seg_bcd[6]                      ; |relogio|un_seg_bcd[6]                      ; pin_out          ;
; |relogio|dez_seg_bcd[0]                     ; |relogio|dez_seg_bcd[0]                     ; pin_out          ;
; |relogio|dez_seg_bcd[1]                     ; |relogio|dez_seg_bcd[1]                     ; pin_out          ;
; |relogio|dez_seg_bcd[2]                     ; |relogio|dez_seg_bcd[2]                     ; pin_out          ;
; |relogio|dez_seg_bcd[3]                     ; |relogio|dez_seg_bcd[3]                     ; pin_out          ;
; |relogio|dez_seg_bcd[4]                     ; |relogio|dez_seg_bcd[4]                     ; pin_out          ;
; |relogio|dez_seg_bcd[5]                     ; |relogio|dez_seg_bcd[5]                     ; pin_out          ;
; |relogio|dez_seg_bcd[6]                     ; |relogio|dez_seg_bcd[6]                     ; pin_out          ;
; |relogio|un_min_bcd[3]                      ; |relogio|un_min_bcd[3]                      ; pin_out          ;
; |relogio|dez_min_bcd[0]                     ; |relogio|dez_min_bcd[0]                     ; pin_out          ;
; |relogio|dez_min_bcd[1]                     ; |relogio|dez_min_bcd[1]                     ; pin_out          ;
; |relogio|dez_min_bcd[2]                     ; |relogio|dez_min_bcd[2]                     ; pin_out          ;
; |relogio|dez_min_bcd[3]                     ; |relogio|dez_min_bcd[3]                     ; pin_out          ;
; |relogio|dez_min_bcd[4]                     ; |relogio|dez_min_bcd[4]                     ; pin_out          ;
; |relogio|dez_min_bcd[5]                     ; |relogio|dez_min_bcd[5]                     ; pin_out          ;
; |relogio|dez_min_bcd[6]                     ; |relogio|dez_min_bcd[6]                     ; pin_out          ;
; |relogio|un_hora_bcd[0]                     ; |relogio|un_hora_bcd[0]                     ; pin_out          ;
; |relogio|un_hora_bcd[1]                     ; |relogio|un_hora_bcd[1]                     ; pin_out          ;
; |relogio|un_hora_bcd[2]                     ; |relogio|un_hora_bcd[2]                     ; pin_out          ;
; |relogio|un_hora_bcd[3]                     ; |relogio|un_hora_bcd[3]                     ; pin_out          ;
; |relogio|un_hora_bcd[4]                     ; |relogio|un_hora_bcd[4]                     ; pin_out          ;
; |relogio|un_hora_bcd[5]                     ; |relogio|un_hora_bcd[5]                     ; pin_out          ;
; |relogio|un_hora_bcd[6]                     ; |relogio|un_hora_bcd[6]                     ; pin_out          ;
; |relogio|dez_hora_bcd[0]                    ; |relogio|dez_hora_bcd[0]                    ; pin_out          ;
; |relogio|dez_hora_bcd[1]                    ; |relogio|dez_hora_bcd[1]                    ; pin_out          ;
; |relogio|dez_hora_bcd[2]                    ; |relogio|dez_hora_bcd[2]                    ; pin_out          ;
; |relogio|dez_hora_bcd[3]                    ; |relogio|dez_hora_bcd[3]                    ; pin_out          ;
; |relogio|dez_hora_bcd[4]                    ; |relogio|dez_hora_bcd[4]                    ; pin_out          ;
; |relogio|dez_hora_bcd[5]                    ; |relogio|dez_hora_bcd[5]                    ; pin_out          ;
; |relogio|dez_hora_bcd[6]                    ; |relogio|dez_hora_bcd[6]                    ; pin_out          ;
; |relogio|decodificador_bcd:P7|display[0]~0  ; |relogio|decodificador_bcd:P7|display[0]~0  ; out              ;
; |relogio|decodificador_bcd:P7|display[0]~1  ; |relogio|decodificador_bcd:P7|display[0]~1  ; out              ;
; |relogio|decodificador_bcd:P7|comb~0        ; |relogio|decodificador_bcd:P7|comb~0        ; out0             ;
; |relogio|decodificador_bcd:P7|display[6]~2  ; |relogio|decodificador_bcd:P7|display[6]~2  ; out0             ;
; |relogio|decodificador_bcd:P7|display[6]~3  ; |relogio|decodificador_bcd:P7|display[6]~3  ; out0             ;
; |relogio|decodificador_bcd:P7|display[0]    ; |relogio|decodificador_bcd:P7|display[0]    ; out              ;
; |relogio|decodificador_bcd:P7|display[1]~4  ; |relogio|decodificador_bcd:P7|display[1]~4  ; out              ;
; |relogio|decodificador_bcd:P7|display[6]~5  ; |relogio|decodificador_bcd:P7|display[6]~5  ; out0             ;
; |relogio|decodificador_bcd:P7|display[4]~6  ; |relogio|decodificador_bcd:P7|display[4]~6  ; out              ;
; |relogio|decodificador_bcd:P7|display[1]~7  ; |relogio|decodificador_bcd:P7|display[1]~7  ; out              ;
; |relogio|decodificador_bcd:P7|display[1]    ; |relogio|decodificador_bcd:P7|display[1]    ; out              ;
; |relogio|decodificador_bcd:P7|display[6]~8  ; |relogio|decodificador_bcd:P7|display[6]~8  ; out0             ;
; |relogio|decodificador_bcd:P7|display[5]~9  ; |relogio|decodificador_bcd:P7|display[5]~9  ; out              ;
; |relogio|decodificador_bcd:P7|display[4]~10 ; |relogio|decodificador_bcd:P7|display[4]~10 ; out              ;
; |relogio|decodificador_bcd:P7|display[1]~11 ; |relogio|decodificador_bcd:P7|display[1]~11 ; out              ;
; |relogio|decodificador_bcd:P7|display[6]~12 ; |relogio|decodificador_bcd:P7|display[6]~12 ; out0             ;
; |relogio|decodificador_bcd:P7|display[2]    ; |relogio|decodificador_bcd:P7|display[2]    ; out              ;
; |relogio|decodificador_bcd:P7|display[5]~13 ; |relogio|decodificador_bcd:P7|display[5]~13 ; out              ;
; |relogio|decodificador_bcd:P7|display[4]~14 ; |relogio|decodificador_bcd:P7|display[4]~14 ; out              ;
; |relogio|decodificador_bcd:P7|display[2]~15 ; |relogio|decodificador_bcd:P7|display[2]~15 ; out              ;
; |relogio|decodificador_bcd:P7|display[1]~16 ; |relogio|decodificador_bcd:P7|display[1]~16 ; out              ;
; |relogio|decodificador_bcd:P7|display[6]~17 ; |relogio|decodificador_bcd:P7|display[6]~17 ; out0             ;
; |relogio|decodificador_bcd:P7|display[0]~18 ; |relogio|decodificador_bcd:P7|display[0]~18 ; out              ;
; |relogio|decodificador_bcd:P7|comb~4        ; |relogio|decodificador_bcd:P7|comb~4        ; out0             ;
; |relogio|decodificador_bcd:P7|display[1]~19 ; |relogio|decodificador_bcd:P7|display[1]~19 ; out              ;
; |relogio|decodificador_bcd:P7|display[1]~20 ; |relogio|decodificador_bcd:P7|display[1]~20 ; out              ;
; |relogio|decodificador_bcd:P7|display[1]~21 ; |relogio|decodificador_bcd:P7|display[1]~21 ; out              ;
; |relogio|decodificador_bcd:P7|display[1]~22 ; |relogio|decodificador_bcd:P7|display[1]~22 ; out              ;
; |relogio|decodificador_bcd:P7|comb~5        ; |relogio|decodificador_bcd:P7|comb~5        ; out0             ;
; |relogio|decodificador_bcd:P7|display[2]~23 ; |relogio|decodificador_bcd:P7|display[2]~23 ; out              ;
; |relogio|decodificador_bcd:P7|display[2]~24 ; |relogio|decodificador_bcd:P7|display[2]~24 ; out              ;
; |relogio|decodificador_bcd:P7|display[2]~25 ; |relogio|decodificador_bcd:P7|display[2]~25 ; out              ;
; |relogio|decodificador_bcd:P7|display[2]~26 ; |relogio|decodificador_bcd:P7|display[2]~26 ; out              ;
; |relogio|decodificador_bcd:P7|comb~6        ; |relogio|decodificador_bcd:P7|comb~6        ; out0             ;
; |relogio|decodificador_bcd:P7|display[3]~27 ; |relogio|decodificador_bcd:P7|display[3]~27 ; out              ;
; |relogio|decodificador_bcd:P7|display[3]~28 ; |relogio|decodificador_bcd:P7|display[3]~28 ; out              ;
; |relogio|decodificador_bcd:P7|comb~7        ; |relogio|decodificador_bcd:P7|comb~7        ; out0             ;
; |relogio|decodificador_bcd:P7|display[4]~29 ; |relogio|decodificador_bcd:P7|display[4]~29 ; out              ;
; |relogio|decodificador_bcd:P7|display[4]~30 ; |relogio|decodificador_bcd:P7|display[4]~30 ; out              ;
; |relogio|decodificador_bcd:P7|display[4]~31 ; |relogio|decodificador_bcd:P7|display[4]~31 ; out              ;
; |relogio|decodificador_bcd:P7|display[4]~32 ; |relogio|decodificador_bcd:P7|display[4]~32 ; out              ;
; |relogio|decodificador_bcd:P7|comb~8        ; |relogio|decodificador_bcd:P7|comb~8        ; out0             ;
; |relogio|decodificador_bcd:P7|display[5]~33 ; |relogio|decodificador_bcd:P7|display[5]~33 ; out              ;
; |relogio|decodificador_bcd:P7|display[5]~34 ; |relogio|decodificador_bcd:P7|display[5]~34 ; out              ;
; |relogio|decodificador_bcd:P7|display[5]~35 ; |relogio|decodificador_bcd:P7|display[5]~35 ; out              ;
; |relogio|decodificador_bcd:P7|display[5]~36 ; |relogio|decodificador_bcd:P7|display[5]~36 ; out              ;
; |relogio|decodificador_bcd:P7|comb~9        ; |relogio|decodificador_bcd:P7|comb~9        ; out0             ;
; |relogio|decodificador_bcd:P7|display[6]~37 ; |relogio|decodificador_bcd:P7|display[6]~37 ; out              ;
; |relogio|decodificador_bcd:P7|display[6]~38 ; |relogio|decodificador_bcd:P7|display[6]~38 ; out0             ;
; |relogio|decodificador_bcd:P7|display[6]~39 ; |relogio|decodificador_bcd:P7|display[6]~39 ; out              ;
; |relogio|decodificador_bcd:P7|display[6]~40 ; |relogio|decodificador_bcd:P7|display[6]~40 ; out0             ;
; |relogio|decodificador_bcd:P7|display[6]~41 ; |relogio|decodificador_bcd:P7|display[6]~41 ; out              ;
; |relogio|decodificador_bcd:P7|display[6]~42 ; |relogio|decodificador_bcd:P7|display[6]~42 ; out0             ;
; |relogio|decodificador_bcd:P7|display[6]~43 ; |relogio|decodificador_bcd:P7|display[6]~43 ; out              ;
; |relogio|decodificador_bcd:P7|comb~10       ; |relogio|decodificador_bcd:P7|comb~10       ; out0             ;
; |relogio|decodificador_bcd:P7|display[3]    ; |relogio|decodificador_bcd:P7|display[3]    ; out              ;
; |relogio|decodificador_bcd:P7|comb~11       ; |relogio|decodificador_bcd:P7|comb~11       ; out0             ;
; |relogio|decodificador_bcd:P7|display[4]    ; |relogio|decodificador_bcd:P7|display[4]    ; out              ;
; |relogio|decodificador_bcd:P7|comb~12       ; |relogio|decodificador_bcd:P7|comb~12       ; out0             ;
; |relogio|decodificador_bcd:P7|display[5]    ; |relogio|decodificador_bcd:P7|display[5]    ; out              ;
; |relogio|decodificador_bcd:P7|display[6]    ; |relogio|decodificador_bcd:P7|display[6]    ; out              ;
; |relogio|decodificador_bcd:P6|display[4]~14 ; |relogio|decodificador_bcd:P6|display[4]~14 ; out              ;
; |relogio|decodificador_bcd:P6|comb~6        ; |relogio|decodificador_bcd:P6|comb~6        ; out0             ;
; |relogio|decodificador_bcd:P6|display[3]~27 ; |relogio|decodificador_bcd:P6|display[3]~27 ; out              ;
; |relogio|decodificador_bcd:P6|display[3]~28 ; |relogio|decodificador_bcd:P6|display[3]~28 ; out              ;
; |relogio|decodificador_bcd:P6|display[4]~29 ; |relogio|decodificador_bcd:P6|display[4]~29 ; out              ;
; |relogio|decodificador_bcd:P6|display[4]~30 ; |relogio|decodificador_bcd:P6|display[4]~30 ; out              ;
; |relogio|decodificador_bcd:P6|display[3]    ; |relogio|decodificador_bcd:P6|display[3]    ; out              ;
; |relogio|minutos:P2|process_0~1             ; |relogio|minutos:P2|process_0~1             ; out0             ;
; |relogio|minutos:P2|dez[3]                  ; |relogio|minutos:P2|dez[3]                  ; out              ;
; |relogio|minutos:P2|dez[2]                  ; |relogio|minutos:P2|dez[2]                  ; out              ;
; |relogio|minutos:P2|dez[1]                  ; |relogio|minutos:P2|dez[1]                  ; out              ;
; |relogio|minutos:P2|change2                 ; |relogio|minutos:P2|change2                 ; out              ;
; |relogio|minutos:P2|comb~1                  ; |relogio|minutos:P2|comb~1                  ; out0             ;
; |relogio|minutos:P2|LessThan0~1             ; |relogio|minutos:P2|LessThan0~1             ; out0             ;
; |relogio|minutos:P2|LessThan0~2             ; |relogio|minutos:P2|LessThan0~2             ; out0             ;
; |relogio|minutos:P2|LessThan0~3             ; |relogio|minutos:P2|LessThan0~3             ; out0             ;
; |relogio|minutos:P2|Add1~0                  ; |relogio|minutos:P2|Add1~0                  ; out0             ;
; |relogio|minutos:P2|Add1~1                  ; |relogio|minutos:P2|Add1~1                  ; out0             ;
; |relogio|minutos:P2|Add1~2                  ; |relogio|minutos:P2|Add1~2                  ; out0             ;
; |relogio|minutos:P2|Add1~3                  ; |relogio|minutos:P2|Add1~3                  ; out0             ;
; |relogio|minutos:P2|Add1~4                  ; |relogio|minutos:P2|Add1~4                  ; out0             ;
; |relogio|decodificador_bcd:P7|Equal0~0      ; |relogio|decodificador_bcd:P7|Equal0~0      ; out0             ;
; |relogio|decodificador_bcd:P7|Equal1~0      ; |relogio|decodificador_bcd:P7|Equal1~0      ; out0             ;
; |relogio|decodificador_bcd:P7|Equal2~0      ; |relogio|decodificador_bcd:P7|Equal2~0      ; out0             ;
; |relogio|decodificador_bcd:P7|Equal3~0      ; |relogio|decodificador_bcd:P7|Equal3~0      ; out0             ;
; |relogio|decodificador_bcd:P7|Equal4~0      ; |relogio|decodificador_bcd:P7|Equal4~0      ; out0             ;
; |relogio|decodificador_bcd:P7|Equal5~0      ; |relogio|decodificador_bcd:P7|Equal5~0      ; out0             ;
; |relogio|decodificador_bcd:P7|Equal6~0      ; |relogio|decodificador_bcd:P7|Equal6~0      ; out0             ;
; |relogio|decodificador_bcd:P7|Equal7~0      ; |relogio|decodificador_bcd:P7|Equal7~0      ; out0             ;
; |relogio|decodificador_bcd:P7|Equal8~0      ; |relogio|decodificador_bcd:P7|Equal8~0      ; out0             ;
; |relogio|decodificador_bcd:P6|Equal3~0      ; |relogio|decodificador_bcd:P6|Equal3~0      ; out0             ;
; |relogio|decodificador_bcd:P6|Equal7~0      ; |relogio|decodificador_bcd:P6|Equal7~0      ; out0             ;
; |relogio|minutos:P2|Equal0~0                ; |relogio|minutos:P2|Equal0~0                ; out0             ;
+---------------------------------------------+---------------------------------------------+------------------+


+---------------------+
; Simulator INI Usage ;
+--------+------------+
; Option ; Usage      ;
+--------+------------+


+--------------------+
; Simulator Messages ;
+--------------------+
Info: *******************************************************************
Info: Running Quartus II Simulator
    Info: Version 9.1 Build 350 03/24/2010 Service Pack 2 SJ Web Edition
    Info: Processing started: Sun Jun 02 12:16:55 2013
Info: Command: quartus_sim --read_settings_files=on --write_settings_files=off relogio -c relogio
Info: Using vector source file "D:/relogio/relogio/relogio.vwf"
Warning: Ignored node in vector source file. Can't find corresponding node name "dez_hora[3]" in design.
Warning: Ignored node in vector source file. Can't find corresponding node name "dez_hora[2]" in design.
Warning: Ignored node in vector source file. Can't find corresponding node name "dez_hora[1]" in design.
Warning: Ignored node in vector source file. Can't find corresponding node name "dez_hora[0]" in design.
Warning: Ignored node in vector source file. Can't find corresponding node name "dez_min[3]" in design.
Warning: Ignored node in vector source file. Can't find corresponding node name "dez_min[2]" in design.
Warning: Ignored node in vector source file. Can't find corresponding node name "dez_min[1]" in design.
Warning: Ignored node in vector source file. Can't find corresponding node name "dez_min[0]" in design.
Warning: Ignored node in vector source file. Can't find corresponding node name "dez_seg[3]" in design.
Warning: Ignored node in vector source file. Can't find corresponding node name "dez_seg[2]" in design.
Warning: Ignored node in vector source file. Can't find corresponding node name "dez_seg[1]" in design.
Warning: Ignored node in vector source file. Can't find corresponding node name "dez_seg[0]" in design.
Warning: Ignored node in vector source file. Can't find corresponding node name "un_hora[3]" in design.
Warning: Ignored node in vector source file. Can't find corresponding node name "un_hora[2]" in design.
Warning: Ignored node in vector source file. Can't find corresponding node name "un_hora[1]" in design.
Warning: Ignored node in vector source file. Can't find corresponding node name "un_hora[0]" in design.
Warning: Ignored node in vector source file. Can't find corresponding node name "un_min[3]" in design.
Warning: Ignored node in vector source file. Can't find corresponding node name "un_min[2]" in design.
Warning: Ignored node in vector source file. Can't find corresponding node name "un_min[1]" in design.
Warning: Ignored node in vector source file. Can't find corresponding node name "un_min[0]" in design.
Warning: Ignored node in vector source file. Can't find corresponding node name "un_seg[3]" in design.
Warning: Ignored node in vector source file. Can't find corresponding node name "un_seg[2]" in design.
Warning: Ignored node in vector source file. Can't find corresponding node name "un_seg[1]" in design.
Warning: Ignored node in vector source file. Can't find corresponding node name "un_seg[0]" in design.
Info: Option to preserve fewer signal transitions to reduce memory requirements is enabled
    Info: Simulation has been partitioned into sub-simulations according to the maximum transition count determined by the engine. Transitions from memory will be flushed out to disk at the end of each sub-simulation to reduce memory requirements.
Error: Zero-time oscillation in node "|relogio|minutos:P2|Add0~4" at time 10.0 ns. Check the design or vector source file for combinational loop.
Error: Zero-time oscillation in node "|relogio|minutos:P2|Add0~0" at time 10.0 ns. Check the design or vector source file for combinational loop.
Error: Zero-time oscillation in node "|relogio|minutos:P2|un~3" at time 10.0 ns. Check the design or vector source file for combinational loop.
Error: Zero-time oscillation in node "|relogio|minutos:P2|un~0" at time 10.0 ns. Check the design or vector source file for combinational loop.
Error: Zero-time oscillation in node "|relogio|minutos:P2|un[3]" at time 10.0 ns. Check the design or vector source file for combinational loop.
Info: Simulation partitioned into 1 sub-simulations
Info: Simulation coverage is      38.16 %
Info: Number of transitions in simulation is 351019
Error: Quartus II Simulator was unsuccessful. 5 errors, 24 warnings
    Error: Peak virtual memory: 131 megabytes
    Error: Processing ended: Sun Jun 02 12:17:05 2013
    Error: Elapsed time: 00:00:10
    Error: Total CPU time (on all processors): 00:00:09


