Analysis & Synthesis report for ULA_1BIT
Tue May 14 13:47:07 2013
Quartus II Version 9.1 Build 350 03/24/2010 Service Pack 2 SJ Web Edition


---------------------
; Table of Contents ;
---------------------
  1. Legal Notice
  2. Analysis & Synthesis Summary
  3. Analysis & Synthesis Settings
  4. Parallel Compilation
  5. Analysis & Synthesis Source Files Read
  6. Analysis & Synthesis Resource Usage Summary
  7. Analysis & Synthesis Resource Utilization by Entity
  8. Port Connectivity Checks: "DECODIFICADOR_3x8:P1"
  9. Analysis & Synthesis Messages



----------------
; Legal Notice ;
----------------
Copyright (C) 1991-2010 Altera Corporation
Your use of Altera Corporation's design tools, logic functions 
and other software and tools, and its AMPP partner logic 
functions, and any output files from any of the foregoing 
(including device programming or simulation files), and any 
associated documentation or information are expressly subject 
to the terms and conditions of the Altera Program License 
Subscription Agreement, Altera MegaCore Function License 
Agreement, or other applicable license agreement, including, 
without limitation, that your use is for the sole purpose of 
programming logic devices manufactured by Altera and sold by 
Altera or its authorized distributors.  Please refer to the 
applicable agreement for further details.



+----------------------------------------------------------------------------+
; Analysis & Synthesis Summary                                               ;
+-----------------------------+----------------------------------------------+
; Analysis & Synthesis Status ; Successful - Tue May 14 13:47:07 2013        ;
; Quartus II Version          ; 9.1 Build 350 03/24/2010 SP 2 SJ Web Edition ;
; Revision Name               ; ULA_1BIT                                     ;
; Top-level Entity Name       ; ULA_1BIT                                     ;
; Family                      ; MAX7000S                                     ;
; Total macrocells            ; 3                                            ;
; Total pins                  ; 11                                           ;
+-----------------------------+----------------------------------------------+


+-----------------------------------------------------------------------------------------------------------+
; Analysis & Synthesis Settings                                                                             ;
+----------------------------------------------------------------------------+--------------+---------------+
; Option                                                                     ; Setting      ; Default Value ;
+----------------------------------------------------------------------------+--------------+---------------+
; Top-level entity name                                                      ; ULA_1BIT     ; ULA_1BIT      ;
; Family name                                                                ; MAX7000S     ; Stratix II    ;
; Type of Retiming Performed During Resynthesis                              ; Full         ;               ;
; Resynthesis Optimization Effort                                            ; Normal       ;               ;
; Physical Synthesis Level for Resynthesis                                   ; Normal       ;               ;
; Use Generated Physical Constraints File                                    ; On           ;               ;
; Use smart compilation                                                      ; Off          ; Off           ;
; Enable parallel Assembler and TimeQuest Timing Analyzer during compilation ; On           ; On            ;
; Enable compact report table                                                ; Off          ; Off           ;
; Create Debugging Nodes for IP Cores                                        ; Off          ; Off           ;
; Preserve fewer node names                                                  ; On           ; On            ;
; Disable OpenCore Plus hardware evaluation                                  ; Off          ; Off           ;
; Verilog Version                                                            ; Verilog_2001 ; Verilog_2001  ;
; VHDL Version                                                               ; VHDL_1993    ; VHDL_1993     ;
; State Machine Processing                                                   ; Auto         ; Auto          ;
; Safe State Machine                                                         ; Off          ; Off           ;
; Extract Verilog State Machines                                             ; On           ; On            ;
; Extract VHDL State Machines                                                ; On           ; On            ;
; Ignore Verilog initial constructs                                          ; Off          ; Off           ;
; Iteration limit for constant Verilog loops                                 ; 5000         ; 5000          ;
; Iteration limit for non-constant Verilog loops                             ; 250          ; 250           ;
; Add Pass-Through Logic to Inferred RAMs                                    ; On           ; On            ;
; Parallel Synthesis                                                         ; On           ; On            ;
; NOT Gate Push-Back                                                         ; On           ; On            ;
; Power-Up Don't Care                                                        ; On           ; On            ;
; Remove Duplicate Registers                                                 ; On           ; On            ;
; Ignore CARRY Buffers                                                       ; Off          ; Off           ;
; Ignore CASCADE Buffers                                                     ; Off          ; Off           ;
; Ignore GLOBAL Buffers                                                      ; Off          ; Off           ;
; Ignore ROW GLOBAL Buffers                                                  ; Off          ; Off           ;
; Ignore LCELL Buffers                                                       ; Auto         ; Auto          ;
; Ignore SOFT Buffers                                                        ; Off          ; Off           ;
; Limit AHDL Integers to 32 Bits                                             ; Off          ; Off           ;
; Optimization Technique                                                     ; Speed        ; Speed         ;
; Allow XOR Gate Usage                                                       ; On           ; On            ;
; Auto Logic Cell Insertion                                                  ; On           ; On            ;
; Parallel Expander Chain Length                                             ; 4            ; 4             ;
; Auto Parallel Expanders                                                    ; On           ; On            ;
; Auto Open-Drain Pins                                                       ; On           ; On            ;
; Auto Resource Sharing                                                      ; Off          ; Off           ;
; Maximum Fan-in Per Macrocell                                               ; 100          ; 100           ;
; Use LogicLock Constraints during Resource Balancing                        ; On           ; On            ;
; Ignore translate_off and synthesis_off directives                          ; Off          ; Off           ;
; Show Parameter Settings Tables in Synthesis Report                         ; On           ; On            ;
; HDL message level                                                          ; Level2       ; Level2        ;
; Suppress Register Optimization Related Messages                            ; Off          ; Off           ;
; Number of Removed Registers Reported in Synthesis Report                   ; 5000         ; 5000          ;
; Number of Inverted Registers Reported in Synthesis Report                  ; 100          ; 100           ;
; Block Design Naming                                                        ; Auto         ; Auto          ;
; Synthesis Effort                                                           ; Auto         ; Auto          ;
; Shift Register Replacement - Allow Asynchronous Clear Signal               ; On           ; On            ;
; Analysis & Synthesis Message Level                                         ; Medium       ; Medium        ;
; Disable Register Merging Across Hierarchies                                ; Auto         ; Auto          ;
+----------------------------------------------------------------------------+--------------+---------------+


Parallel compilation was disabled, but you have multiple processors available. Enable parallel compilation to reduce compilation time.
+-------------------------------------+
; Parallel Compilation                ;
+----------------------------+--------+
; Processors                 ; Number ;
+----------------------------+--------+
; Number detected on machine ; 2      ;
; Maximum allowed            ; 1      ;
+----------------------------+--------+


+-----------------------------------------------------------------------------------------------------------------------------------------------------------------+
; Analysis & Synthesis Source Files Read                                                                                                                          ;
+--------------------------------------------+-----------------+-----------------------+--------------------------------------------------------------------------+
; File Name with User-Entered Path           ; Used in Netlist ; File Type             ; File Name with Absolute Path                                             ;
+--------------------------------------------+-----------------+-----------------------+--------------------------------------------------------------------------+
; ../OR_8/OR_8.vhd                           ; yes             ; User VHDL File        ; C:/Users/Thiago/Desktop/TRABALHO/OR_8/OR_8.vhd                           ;
; ../SUBTRATOR/SUBTRATOR.vhd                 ; yes             ; User VHDL File        ; C:/Users/Thiago/Desktop/TRABALHO/SUBTRATOR/SUBTRATOR.vhd                 ;
; ../SOMADOR/SOMADOR.vhd                     ; yes             ; User VHDL File        ; C:/Users/Thiago/Desktop/TRABALHO/SOMADOR/SOMADOR.vhd                     ;
; ../PORTAS_LOGICAS/PORTAS_LOGICAS.vhd       ; yes             ; User VHDL File        ; C:/Users/Thiago/Desktop/TRABALHO/PORTAS_LOGICAS/PORTAS_LOGICAS.vhd       ;
; ../DECODIFICADOR_3x8/DECODIFICADOR_3x8.vhd ; yes             ; User VHDL File        ; C:/Users/Thiago/Desktop/TRABALHO/DECODIFICADOR_3x8/DECODIFICADOR_3x8.vhd ;
; ula_1bit.vhd                               ; yes             ; Auto-Found VHDL File  ; C:/Users/Thiago/Desktop/TRABALHO/ULA_1BIT/ula_1bit.vhd                   ;
+--------------------------------------------+-----------------+-----------------------+--------------------------------------------------------------------------+


+---------------------------------------------+
; Analysis & Synthesis Resource Usage Summary ;
+----------------------+----------------------+
; Resource             ; Usage                ;
+----------------------+----------------------+
; Logic cells          ; 3                    ;
; Total registers      ; 0                    ;
; I/O pins             ; 11                   ;
; Maximum fan-out node ; A_B_Cin[0]           ;
; Maximum fan-out      ; 2                    ;
; Total fan-out        ; 9                    ;
; Average fan-out      ; 0.64                 ;
+----------------------+----------------------+


+----------------------------------------------------------------------------------------+
; Analysis & Synthesis Resource Utilization by Entity                                    ;
+----------------------------+------------+------+------------------------+--------------+
; Compilation Hierarchy Node ; Macrocells ; Pins ; Full Hierarchy Name    ; Library Name ;
+----------------------------+------------+------+------------------------+--------------+
; |ULA_1BIT                  ; 3          ; 11   ; |ULA_1BIT              ; work         ;
;    |SOMADOR:P2|            ; 1          ; 0    ; |ULA_1BIT|SOMADOR:P2   ; work         ;
;    |SUBTRATOR:P3|          ; 1          ; 0    ; |ULA_1BIT|SUBTRATOR:P3 ; work         ;
+----------------------------+------------+------+------------------------+--------------+


+----------------------------------------------------------------------------------------------------------------+
; Port Connectivity Checks: "DECODIFICADOR_3x8:P1"                                                               ;
+------+--------+----------+-------------------------------------------------------------------------------------+
; Port ; Type   ; Severity ; Details                                                                             ;
+------+--------+----------+-------------------------------------------------------------------------------------+
; s0   ; Output ; Info     ; Connecting a non-array bit to a single-element array                                ;
; s1   ; Output ; Info     ; Connecting a non-array bit to a single-element array                                ;
; s2   ; Output ; Info     ; Connecting a non-array bit to a single-element array                                ;
; s3   ; Output ; Info     ; Connecting a non-array bit to a single-element array                                ;
; s4   ; Output ; Info     ; Connecting a non-array bit to a single-element array                                ;
; s5   ; Output ; Info     ; Connecting a non-array bit to a single-element array                                ;
; s6   ; Output ; Info     ; Connecting a non-array bit to a single-element array                                ;
; s6   ; Output ; Info     ; Connected to dangling logic. Logic that only feeds a dangling port will be removed. ;
; s7   ; Output ; Info     ; Connecting a non-array bit to a single-element array                                ;
; s7   ; Output ; Info     ; Connected to dangling logic. Logic that only feeds a dangling port will be removed. ;
+------+--------+----------+-------------------------------------------------------------------------------------+


+-------------------------------+
; Analysis & Synthesis Messages ;
+-------------------------------+
Info: *******************************************************************
Info: Running Quartus II Analysis & Synthesis
    Info: Version 9.1 Build 350 03/24/2010 Service Pack 2 SJ Web Edition
    Info: Processing started: Tue May 14 13:47:06 2013
Info: Command: quartus_map --read_settings_files=on --write_settings_files=off ULA_1BIT -c ULA_1BIT
Info: Found 2 design units, including 1 entities, in source file /users/thiago/desktop/trabalho/or_8/or_8.vhd
    Info: Found design unit 1: OR_8-TEST_OR
    Info: Found entity 1: OR_8
Info: Found 2 design units, including 1 entities, in source file /users/thiago/desktop/trabalho/subtrator/subtrator.vhd
    Info: Found design unit 1: SUBTRATOR-TEST_SUBTRATOR
    Info: Found entity 1: SUBTRATOR
Info: Found 2 design units, including 1 entities, in source file /users/thiago/desktop/trabalho/somador/somador.vhd
    Info: Found design unit 1: SOMADOR-TEST_SOMADOR
    Info: Found entity 1: SOMADOR
Info: Found 2 design units, including 1 entities, in source file /users/thiago/desktop/trabalho/portas_logicas/portas_logicas.vhd
    Info: Found design unit 1: PORTAS_LOGICAS-COMPORTAMENTAL
    Info: Found entity 1: PORTAS_LOGICAS
Info: Found 2 design units, including 1 entities, in source file /users/thiago/desktop/trabalho/decodificador_3x8/decodificador_3x8.vhd
    Info: Found design unit 1: DECODIFICADOR_3x8-TEST_DECO_3x8
    Info: Found entity 1: DECODIFICADOR_3x8
Warning: Using design file ula_1bit.vhd, which is not specified as a design file for the current project, but contains definitions for 2 design units and 1 entities in project
    Info: Found design unit 1: ULA_1BIT-ESTRUTURAL
    Info: Found entity 1: ULA_1BIT
Info: Elaborating entity "ULA_1BIT" for the top level hierarchy
Info: Elaborating entity "DECODIFICADOR_3x8" for hierarchy "DECODIFICADOR_3x8:P1"
Warning (10631): VHDL Process Statement warning at DECODIFICADOR_3x8.vhd(12): inferring latch(es) for signal or variable "S0", which holds its previous value in one or more paths through the process
Warning (10631): VHDL Process Statement warning at DECODIFICADOR_3x8.vhd(12): inferring latch(es) for signal or variable "S1", which holds its previous value in one or more paths through the process
Warning (10631): VHDL Process Statement warning at DECODIFICADOR_3x8.vhd(12): inferring latch(es) for signal or variable "S2", which holds its previous value in one or more paths through the process
Warning (10631): VHDL Process Statement warning at DECODIFICADOR_3x8.vhd(12): inferring latch(es) for signal or variable "S3", which holds its previous value in one or more paths through the process
Warning (10631): VHDL Process Statement warning at DECODIFICADOR_3x8.vhd(12): inferring latch(es) for signal or variable "S4", which holds its previous value in one or more paths through the process
Warning (10631): VHDL Process Statement warning at DECODIFICADOR_3x8.vhd(12): inferring latch(es) for signal or variable "S5", which holds its previous value in one or more paths through the process
Warning (10631): VHDL Process Statement warning at DECODIFICADOR_3x8.vhd(12): inferring latch(es) for signal or variable "S6", which holds its previous value in one or more paths through the process
Warning (10631): VHDL Process Statement warning at DECODIFICADOR_3x8.vhd(12): inferring latch(es) for signal or variable "S7", which holds its previous value in one or more paths through the process
Info (10041): Inferred latch for "S7[0]" at DECODIFICADOR_3x8.vhd(12)
Info (10041): Inferred latch for "S6[0]" at DECODIFICADOR_3x8.vhd(12)
Info (10041): Inferred latch for "S5[0]" at DECODIFICADOR_3x8.vhd(12)
Info (10041): Inferred latch for "S4[0]" at DECODIFICADOR_3x8.vhd(12)
Info (10041): Inferred latch for "S3[0]" at DECODIFICADOR_3x8.vhd(12)
Info (10041): Inferred latch for "S2[0]" at DECODIFICADOR_3x8.vhd(12)
Info (10041): Inferred latch for "S1[0]" at DECODIFICADOR_3x8.vhd(12)
Info (10041): Inferred latch for "S0[0]" at DECODIFICADOR_3x8.vhd(12)
Info: Elaborating entity "SOMADOR" for hierarchy "SOMADOR:P2"
Info: Elaborating entity "SUBTRATOR" for hierarchy "SUBTRATOR:P3"
Info (10041): Inferred latch for "Cout" at SUBTRATOR.vhd(26)
Info (10041): Inferred latch for "S" at SUBTRATOR.vhd(17)
Info: Elaborating entity "PORTAS_LOGICAS" for hierarchy "PORTAS_LOGICAS:P4"
Warning (10492): VHDL Process Statement warning at PORTAS_LOGICAS.vhd(15): signal "COND_PORTA" is read inside the Process Statement but isn't in the Process Statement's sensitivity list
Warning (10492): VHDL Process Statement warning at PORTAS_LOGICAS.vhd(17): signal "COND_PORTA" is read inside the Process Statement but isn't in the Process Statement's sensitivity list
Warning (10492): VHDL Process Statement warning at PORTAS_LOGICAS.vhd(19): signal "COND_PORTA" is read inside the Process Statement but isn't in the Process Statement's sensitivity list
Warning (10492): VHDL Process Statement warning at PORTAS_LOGICAS.vhd(21): signal "COND_PORTA" is read inside the Process Statement but isn't in the Process Statement's sensitivity list
Warning (10492): VHDL Process Statement warning at PORTAS_LOGICAS.vhd(23): signal "COND_PORTA" is read inside the Process Statement but isn't in the Process Statement's sensitivity list
Warning (10492): VHDL Process Statement warning at PORTAS_LOGICAS.vhd(25): signal "COND_PORTA" is read inside the Process Statement but isn't in the Process Statement's sensitivity list
Warning (10492): VHDL Process Statement warning at PORTAS_LOGICAS.vhd(27): signal "EP6" is read inside the Process Statement but isn't in the Process Statement's sensitivity list
Warning (10492): VHDL Process Statement warning at PORTAS_LOGICAS.vhd(27): signal "COND_PORTA" is read inside the Process Statement but isn't in the Process Statement's sensitivity list
Warning (10492): VHDL Process Statement warning at PORTAS_LOGICAS.vhd(28): signal "EP6" is read inside the Process Statement but isn't in the Process Statement's sensitivity list
Warning (10492): VHDL Process Statement warning at PORTAS_LOGICAS.vhd(29): signal "EP7" is read inside the Process Statement but isn't in the Process Statement's sensitivity list
Warning (10492): VHDL Process Statement warning at PORTAS_LOGICAS.vhd(29): signal "COND_PORTA" is read inside the Process Statement but isn't in the Process Statement's sensitivity list
Warning (10492): VHDL Process Statement warning at PORTAS_LOGICAS.vhd(30): signal "EP7" is read inside the Process Statement but isn't in the Process Statement's sensitivity list
Warning (10631): VHDL Process Statement warning at PORTAS_LOGICAS.vhd(13): inferring latch(es) for signal or variable "S0", which holds its previous value in one or more paths through the process
Warning (10631): VHDL Process Statement warning at PORTAS_LOGICAS.vhd(13): inferring latch(es) for signal or variable "S1", which holds its previous value in one or more paths through the process
Warning (10631): VHDL Process Statement warning at PORTAS_LOGICAS.vhd(13): inferring latch(es) for signal or variable "S2", which holds its previous value in one or more paths through the process
Warning (10631): VHDL Process Statement warning at PORTAS_LOGICAS.vhd(13): inferring latch(es) for signal or variable "S3", which holds its previous value in one or more paths through the process
Warning (10631): VHDL Process Statement warning at PORTAS_LOGICAS.vhd(13): inferring latch(es) for signal or variable "S4", which holds its previous value in one or more paths through the process
Warning (10631): VHDL Process Statement warning at PORTAS_LOGICAS.vhd(13): inferring latch(es) for signal or variable "S5", which holds its previous value in one or more paths through the process
Warning (10631): VHDL Process Statement warning at PORTAS_LOGICAS.vhd(13): inferring latch(es) for signal or variable "S6", which holds its previous value in one or more paths through the process
Warning (10631): VHDL Process Statement warning at PORTAS_LOGICAS.vhd(13): inferring latch(es) for signal or variable "S7", which holds its previous value in one or more paths through the process
Info (10041): Inferred latch for "S7" at PORTAS_LOGICAS.vhd(13)
Info (10041): Inferred latch for "S6" at PORTAS_LOGICAS.vhd(13)
Info (10041): Inferred latch for "S5" at PORTAS_LOGICAS.vhd(13)
Info (10041): Inferred latch for "S4" at PORTAS_LOGICAS.vhd(13)
Info (10041): Inferred latch for "S3" at PORTAS_LOGICAS.vhd(13)
Info (10041): Inferred latch for "S2" at PORTAS_LOGICAS.vhd(13)
Info (10041): Inferred latch for "S1" at PORTAS_LOGICAS.vhd(13)
Info (10041): Inferred latch for "S0" at PORTAS_LOGICAS.vhd(13)
Info: Elaborating entity "OR_8" for hierarchy "OR_8:P5"
Warning: Output pins are stuck at VCC or GND
    Warning (13410): Pin "SAIDA_ULA" is stuck at VCC
Warning: Design contains 5 input pin(s) that do not drive logic
    Warning (15610): No output dependent on input pin "A"
    Warning (15610): No output dependent on input pin "B"
    Warning (15610): No output dependent on input pin "SEL_ULA[0]"
    Warning (15610): No output dependent on input pin "SEL_ULA[1]"
    Warning (15610): No output dependent on input pin "SEL_ULA[2]"
Info: Implemented 14 device resources after synthesis - the final resource count might be different
    Info: Implemented 8 input pins
    Info: Implemented 3 output pins
    Info: Implemented 3 macrocells
Info: Quartus II Analysis & Synthesis was successful. 0 errors, 37 warnings
    Info: Peak virtual memory: 238 megabytes
    Info: Processing ended: Tue May 14 13:47:07 2013
    Info: Elapsed time: 00:00:01
    Info: Total CPU time (on all processors): 00:00:01


