Analysis & Synthesis report for Relogio
Tue May 28 12:05:19 2013
Quartus II Version 9.1 Build 350 03/24/2010 Service Pack 2 SJ Web Edition


---------------------
; Table of Contents ;
---------------------
  1. Legal Notice
  2. Analysis & Synthesis Summary
  3. Analysis & Synthesis Settings
  4. Parallel Compilation
  5. Analysis & Synthesis Source Files Read
  6. Analysis & Synthesis Resource Usage Summary
  7. Analysis & Synthesis Resource Utilization by Entity
  8. Port Connectivity Checks: "cont_mod24_horas:Horas0|contadorFFT:contadorFFT0"
  9. Port Connectivity Checks: "cont_mod24_horas:Horas0|contadorFFT:contadorFFT1"
 10. Port Connectivity Checks: "cont_mod24_horas:Horas0|contadorFFT:contadorFFT2"
 11. Port Connectivity Checks: "cont_mod24_horas:Horas0|contadorFFT:contadorFFT3"
 12. Port Connectivity Checks: "cont_mod24_horas:Horas0|contadorFFT:contadorFFT4"
 13. Port Connectivity Checks: "cont_mod6_minutos:Minutos1|contadorFFT:contadorFFT0"
 14. Port Connectivity Checks: "cont_mod6_minutos:Minutos1|contadorFFT:contadorFFT1"
 15. Port Connectivity Checks: "cont_mod6_minutos:Minutos1|contadorFFT:contadorFFT2"
 16. Port Connectivity Checks: "cont_mod10_minutos:Minutos0|contadorFFT:contadorFFT0"
 17. Port Connectivity Checks: "cont_mod10_minutos:Minutos0|contadorFFT:contadorFFT1"
 18. Port Connectivity Checks: "cont_mod10_minutos:Minutos0|contadorFFT:contadorFFT2"
 19. Port Connectivity Checks: "cont_mod10_minutos:Minutos0|contadorFFT:contadorFFT3"
 20. Port Connectivity Checks: "cont_mod6_segundos:Segundos1|contadorFFT:contadorFFT0"
 21. Port Connectivity Checks: "cont_mod6_segundos:Segundos1|contadorFFT:contadorFFT1"
 22. Port Connectivity Checks: "cont_mod6_segundos:Segundos1|contadorFFT:contadorFFT2"
 23. Port Connectivity Checks: "cont_mod10_segundos:Segundos0|contadorFFT:contadorFFT0"
 24. Port Connectivity Checks: "cont_mod10_segundos:Segundos0|contadorFFT:contadorFFT1"
 25. Port Connectivity Checks: "cont_mod10_segundos:Segundos0|contadorFFT:contadorFFT2"
 26. Port Connectivity Checks: "cont_mod10_segundos:Segundos0|contadorFFT:contadorFFT3"
 27. Analysis & Synthesis Messages



----------------
; Legal Notice ;
----------------
Copyright (C) 1991-2010 Altera Corporation
Your use of Altera Corporation's design tools, logic functions 
and other software and tools, and its AMPP partner logic 
functions, and any output files from any of the foregoing 
(including device programming or simulation files), and any 
associated documentation or information are expressly subject 
to the terms and conditions of the Altera Program License 
Subscription Agreement, Altera MegaCore Function License 
Agreement, or other applicable license agreement, including, 
without limitation, that your use is for the sole purpose of 
programming logic devices manufactured by Altera and sold by 
Altera or its authorized distributors.  Please refer to the 
applicable agreement for further details.



+----------------------------------------------------------------------------+
; Analysis & Synthesis Summary                                               ;
+-----------------------------+----------------------------------------------+
; Analysis & Synthesis Status ; Successful - Tue May 28 12:05:19 2013        ;
; Quartus II Version          ; 9.1 Build 350 03/24/2010 SP 2 SJ Web Edition ;
; Revision Name               ; Relogio                                      ;
; Top-level Entity Name       ; Relogio                                      ;
; Family                      ; MAX7000S                                     ;
; Total macrocells            ; 65                                           ;
; Total pins                  ; 43                                           ;
+-----------------------------+----------------------------------------------+


+-------------------------------------------------------------------------------------------------------------+
; Analysis & Synthesis Settings                                                                               ;
+----------------------------------------------------------------------------+----------------+---------------+
; Option                                                                     ; Setting        ; Default Value ;
+----------------------------------------------------------------------------+----------------+---------------+
; Device                                                                     ; EPM7128SLC84-7 ;               ;
; Top-level entity name                                                      ; Relogio        ; Relogio       ;
; Family name                                                                ; MAX7000S       ; Stratix II    ;
; Type of Retiming Performed During Resynthesis                              ; Full           ;               ;
; Resynthesis Optimization Effort                                            ; Normal         ;               ;
; Physical Synthesis Level for Resynthesis                                   ; Normal         ;               ;
; Use Generated Physical Constraints File                                    ; On             ;               ;
; Use smart compilation                                                      ; Off            ; Off           ;
; Enable parallel Assembler and TimeQuest Timing Analyzer during compilation ; On             ; On            ;
; Enable compact report table                                                ; Off            ; Off           ;
; Create Debugging Nodes for IP Cores                                        ; Off            ; Off           ;
; Preserve fewer node names                                                  ; On             ; On            ;
; Disable OpenCore Plus hardware evaluation                                  ; Off            ; Off           ;
; Verilog Version                                                            ; Verilog_2001   ; Verilog_2001  ;
; VHDL Version                                                               ; VHDL_1993      ; VHDL_1993     ;
; State Machine Processing                                                   ; Auto           ; Auto          ;
; Safe State Machine                                                         ; Off            ; Off           ;
; Extract Verilog State Machines                                             ; On             ; On            ;
; Extract VHDL State Machines                                                ; On             ; On            ;
; Ignore Verilog initial constructs                                          ; Off            ; Off           ;
; Iteration limit for constant Verilog loops                                 ; 5000           ; 5000          ;
; Iteration limit for non-constant Verilog loops                             ; 250            ; 250           ;
; Add Pass-Through Logic to Inferred RAMs                                    ; On             ; On            ;
; Parallel Synthesis                                                         ; On             ; On            ;
; NOT Gate Push-Back                                                         ; On             ; On            ;
; Power-Up Don't Care                                                        ; On             ; On            ;
; Remove Duplicate Registers                                                 ; On             ; On            ;
; Ignore CARRY Buffers                                                       ; Off            ; Off           ;
; Ignore CASCADE Buffers                                                     ; Off            ; Off           ;
; Ignore GLOBAL Buffers                                                      ; Off            ; Off           ;
; Ignore ROW GLOBAL Buffers                                                  ; Off            ; Off           ;
; Ignore LCELL Buffers                                                       ; Auto           ; Auto          ;
; Ignore SOFT Buffers                                                        ; Off            ; Off           ;
; Limit AHDL Integers to 32 Bits                                             ; Off            ; Off           ;
; Optimization Technique                                                     ; Speed          ; Speed         ;
; Allow XOR Gate Usage                                                       ; On             ; On            ;
; Auto Logic Cell Insertion                                                  ; On             ; On            ;
; Parallel Expander Chain Length                                             ; 4              ; 4             ;
; Auto Parallel Expanders                                                    ; On             ; On            ;
; Auto Open-Drain Pins                                                       ; On             ; On            ;
; Auto Resource Sharing                                                      ; Off            ; Off           ;
; Maximum Fan-in Per Macrocell                                               ; 100            ; 100           ;
; Use LogicLock Constraints during Resource Balancing                        ; On             ; On            ;
; Ignore translate_off and synthesis_off directives                          ; Off            ; Off           ;
; Show Parameter Settings Tables in Synthesis Report                         ; On             ; On            ;
; HDL message level                                                          ; Level2         ; Level2        ;
; Suppress Register Optimization Related Messages                            ; Off            ; Off           ;
; Number of Removed Registers Reported in Synthesis Report                   ; 5000           ; 5000          ;
; Number of Inverted Registers Reported in Synthesis Report                  ; 100            ; 100           ;
; Block Design Naming                                                        ; Auto           ; Auto          ;
; Synthesis Effort                                                           ; Auto           ; Auto          ;
; Shift Register Replacement - Allow Asynchronous Clear Signal               ; On             ; On            ;
; Analysis & Synthesis Message Level                                         ; Medium         ; Medium        ;
; Disable Register Merging Across Hierarchies                                ; Auto           ; Auto          ;
+----------------------------------------------------------------------------+----------------+---------------+


Parallel compilation was disabled, but you have multiple processors available. Enable parallel compilation to reduce compilation time.
+-------------------------------------+
; Parallel Compilation                ;
+----------------------------+--------+
; Processors                 ; Number ;
+----------------------------+--------+
; Number detected on machine ; 2      ;
; Maximum allowed            ; 1      ;
+----------------------------+--------+


+------------------------------------------------------------------------------------------------------------------------------+
; Analysis & Synthesis Source Files Read                                                                                       ;
+----------------------------------+-----------------+-----------------+-------------------------------------------------------+
; File Name with User-Entered Path ; Used in Netlist ; File Type       ; File Name with Absolute Path                          ;
+----------------------------------+-----------------+-----------------+-------------------------------------------------------+
; BCD_Horas.vhd                    ; yes             ; User VHDL File  ; C:/Users/Gustavo/Desktop/work/BCD_Horas.vhd           ;
; BCD_Minutos.vhd                  ; yes             ; User VHDL File  ; C:/Users/Gustavo/Desktop/work/BCD_Minutos.vhd         ;
; BCD_Segundos.vhd                 ; yes             ; User VHDL File  ; C:/Users/Gustavo/Desktop/work/BCD_Segundos.vhd        ;
; cont_mod10_minutos.vhd           ; yes             ; User VHDL File  ; C:/Users/Gustavo/Desktop/work/cont_mod10_minutos.vhd  ;
; cont_mod10_segundos.vhd          ; yes             ; User VHDL File  ; C:/Users/Gustavo/Desktop/work/cont_mod10_segundos.vhd ;
; cont_mod24_horas.vhd             ; yes             ; User VHDL File  ; C:/Users/Gustavo/Desktop/work/cont_mod24_horas.vhd    ;
; cont_mod6_minutos.vhd            ; yes             ; User VHDL File  ; C:/Users/Gustavo/Desktop/work/cont_mod6_minutos.vhd   ;
; cont_mod6_segundos.vhd           ; yes             ; User VHDL File  ; C:/Users/Gustavo/Desktop/work/cont_mod6_segundos.vhd  ;
; contadorFFT.vhd                  ; yes             ; User VHDL File  ; C:/Users/Gustavo/Desktop/work/contadorFFT.vhd         ;
; Relogio.vhd                      ; yes             ; User VHDL File  ; C:/Users/Gustavo/Desktop/work/Relogio.vhd             ;
; Relogio_package.vhd              ; yes             ; User VHDL File  ; C:/Users/Gustavo/Desktop/work/Relogio_package.vhd     ;
+----------------------------------+-----------------+-----------------+-------------------------------------------------------+


+----------------------------------------------------------------------------+
; Analysis & Synthesis Resource Usage Summary                                ;
+----------------------+-----------------------------------------------------+
; Resource             ; Usage                                               ;
+----------------------+-----------------------------------------------------+
; Logic cells          ; 65                                                  ;
; Total registers      ; 19                                                  ;
; I/O pins             ; 43                                                  ;
; Parallel expanders   ; 4                                                   ;
; Maximum fan-out node ; cont_mod24_horas:Horas0|contadorFFT:contadorFFT0|qv ;
; Maximum fan-out      ; 23                                                  ;
; Total fan-out        ; 271                                                 ;
; Average fan-out      ; 2.51                                                ;
+----------------------+-----------------------------------------------------+


+-----------------------------------------------------------------------------------------------------------------------------------------+
; Analysis & Synthesis Resource Utilization by Entity                                                                                     ;
+------------------------------------+------------+------+-----------------------------------------------------------------+--------------+
; Compilation Hierarchy Node         ; Macrocells ; Pins ; Full Hierarchy Name                                             ; Library Name ;
+------------------------------------+------------+------+-----------------------------------------------------------------+--------------+
; |Relogio                           ; 65         ; 43   ; |Relogio                                                        ; work         ;
;    |BCD_Horas:BcdHoras|            ; 17         ; 0    ; |Relogio|BCD_Horas:BcdHoras                                     ; work         ;
;    |BCD_Minutos:BcdMinutos|        ; 14         ; 0    ; |Relogio|BCD_Minutos:BcdMinutos                                 ; work         ;
;    |BCD_Segundos:BcdSegundos|      ; 14         ; 0    ; |Relogio|BCD_Segundos:BcdSegundos                               ; work         ;
;    |cont_mod10_minutos:Minutos0|   ; 4          ; 0    ; |Relogio|cont_mod10_minutos:Minutos0                            ; work         ;
;       |contadorFFT:contadorFFT0|   ; 1          ; 0    ; |Relogio|cont_mod10_minutos:Minutos0|contadorFFT:contadorFFT0   ; work         ;
;       |contadorFFT:contadorFFT1|   ; 1          ; 0    ; |Relogio|cont_mod10_minutos:Minutos0|contadorFFT:contadorFFT1   ; work         ;
;       |contadorFFT:contadorFFT2|   ; 1          ; 0    ; |Relogio|cont_mod10_minutos:Minutos0|contadorFFT:contadorFFT2   ; work         ;
;       |contadorFFT:contadorFFT3|   ; 1          ; 0    ; |Relogio|cont_mod10_minutos:Minutos0|contadorFFT:contadorFFT3   ; work         ;
;    |cont_mod10_segundos:Segundos0| ; 4          ; 0    ; |Relogio|cont_mod10_segundos:Segundos0                          ; work         ;
;       |contadorFFT:contadorFFT0|   ; 1          ; 0    ; |Relogio|cont_mod10_segundos:Segundos0|contadorFFT:contadorFFT0 ; work         ;
;       |contadorFFT:contadorFFT1|   ; 1          ; 0    ; |Relogio|cont_mod10_segundos:Segundos0|contadorFFT:contadorFFT1 ; work         ;
;       |contadorFFT:contadorFFT2|   ; 1          ; 0    ; |Relogio|cont_mod10_segundos:Segundos0|contadorFFT:contadorFFT2 ; work         ;
;       |contadorFFT:contadorFFT3|   ; 1          ; 0    ; |Relogio|cont_mod10_segundos:Segundos0|contadorFFT:contadorFFT3 ; work         ;
;    |cont_mod24_horas:Horas0|       ; 6          ; 0    ; |Relogio|cont_mod24_horas:Horas0                                ; work         ;
;       |contadorFFT:contadorFFT0|   ; 1          ; 0    ; |Relogio|cont_mod24_horas:Horas0|contadorFFT:contadorFFT0       ; work         ;
;       |contadorFFT:contadorFFT1|   ; 1          ; 0    ; |Relogio|cont_mod24_horas:Horas0|contadorFFT:contadorFFT1       ; work         ;
;       |contadorFFT:contadorFFT2|   ; 1          ; 0    ; |Relogio|cont_mod24_horas:Horas0|contadorFFT:contadorFFT2       ; work         ;
;       |contadorFFT:contadorFFT3|   ; 1          ; 0    ; |Relogio|cont_mod24_horas:Horas0|contadorFFT:contadorFFT3       ; work         ;
;       |contadorFFT:contadorFFT4|   ; 1          ; 0    ; |Relogio|cont_mod24_horas:Horas0|contadorFFT:contadorFFT4       ; work         ;
;    |cont_mod6_minutos:Minutos1|    ; 3          ; 0    ; |Relogio|cont_mod6_minutos:Minutos1                             ; work         ;
;       |contadorFFT:contadorFFT0|   ; 1          ; 0    ; |Relogio|cont_mod6_minutos:Minutos1|contadorFFT:contadorFFT0    ; work         ;
;       |contadorFFT:contadorFFT1|   ; 1          ; 0    ; |Relogio|cont_mod6_minutos:Minutos1|contadorFFT:contadorFFT1    ; work         ;
;       |contadorFFT:contadorFFT2|   ; 1          ; 0    ; |Relogio|cont_mod6_minutos:Minutos1|contadorFFT:contadorFFT2    ; work         ;
;    |cont_mod6_segundos:Segundos1|  ; 3          ; 0    ; |Relogio|cont_mod6_segundos:Segundos1                           ; work         ;
;       |contadorFFT:contadorFFT0|   ; 1          ; 0    ; |Relogio|cont_mod6_segundos:Segundos1|contadorFFT:contadorFFT0  ; work         ;
;       |contadorFFT:contadorFFT1|   ; 1          ; 0    ; |Relogio|cont_mod6_segundos:Segundos1|contadorFFT:contadorFFT1  ; work         ;
;       |contadorFFT:contadorFFT2|   ; 1          ; 0    ; |Relogio|cont_mod6_segundos:Segundos1|contadorFFT:contadorFFT2  ; work         ;
+------------------------------------+------------+------+-----------------------------------------------------------------+--------------+


+------------------------------------------------------------------------------+
; Port Connectivity Checks: "cont_mod24_horas:Horas0|contadorFFT:contadorFFT0" ;
+------+-------+----------+----------------------------------------------------+
; Port ; Type  ; Severity ; Details                                            ;
+------+-------+----------+----------------------------------------------------+
; es   ; Input ; Info     ; Stuck at VCC                                       ;
+------+-------+----------+----------------------------------------------------+


+------------------------------------------------------------------------------+
; Port Connectivity Checks: "cont_mod24_horas:Horas0|contadorFFT:contadorFFT1" ;
+------+-------+----------+----------------------------------------------------+
; Port ; Type  ; Severity ; Details                                            ;
+------+-------+----------+----------------------------------------------------+
; es   ; Input ; Info     ; Stuck at VCC                                       ;
+------+-------+----------+----------------------------------------------------+


+------------------------------------------------------------------------------+
; Port Connectivity Checks: "cont_mod24_horas:Horas0|contadorFFT:contadorFFT2" ;
+------+-------+----------+----------------------------------------------------+
; Port ; Type  ; Severity ; Details                                            ;
+------+-------+----------+----------------------------------------------------+
; es   ; Input ; Info     ; Stuck at VCC                                       ;
+------+-------+----------+----------------------------------------------------+


+------------------------------------------------------------------------------+
; Port Connectivity Checks: "cont_mod24_horas:Horas0|contadorFFT:contadorFFT3" ;
+------+-------+----------+----------------------------------------------------+
; Port ; Type  ; Severity ; Details                                            ;
+------+-------+----------+----------------------------------------------------+
; es   ; Input ; Info     ; Stuck at VCC                                       ;
+------+-------+----------+----------------------------------------------------+


+------------------------------------------------------------------------------+
; Port Connectivity Checks: "cont_mod24_horas:Horas0|contadorFFT:contadorFFT4" ;
+------+-------+----------+----------------------------------------------------+
; Port ; Type  ; Severity ; Details                                            ;
+------+-------+----------+----------------------------------------------------+
; es   ; Input ; Info     ; Stuck at VCC                                       ;
+------+-------+----------+----------------------------------------------------+


+---------------------------------------------------------------------------------+
; Port Connectivity Checks: "cont_mod6_minutos:Minutos1|contadorFFT:contadorFFT0" ;
+------+-------+----------+-------------------------------------------------------+
; Port ; Type  ; Severity ; Details                                               ;
+------+-------+----------+-------------------------------------------------------+
; es   ; Input ; Info     ; Stuck at VCC                                          ;
+------+-------+----------+-------------------------------------------------------+


+---------------------------------------------------------------------------------+
; Port Connectivity Checks: "cont_mod6_minutos:Minutos1|contadorFFT:contadorFFT1" ;
+------+-------+----------+-------------------------------------------------------+
; Port ; Type  ; Severity ; Details                                               ;
+------+-------+----------+-------------------------------------------------------+
; es   ; Input ; Info     ; Stuck at VCC                                          ;
+------+-------+----------+-------------------------------------------------------+


+---------------------------------------------------------------------------------+
; Port Connectivity Checks: "cont_mod6_minutos:Minutos1|contadorFFT:contadorFFT2" ;
+------+-------+----------+-------------------------------------------------------+
; Port ; Type  ; Severity ; Details                                               ;
+------+-------+----------+-------------------------------------------------------+
; es   ; Input ; Info     ; Stuck at VCC                                          ;
+------+-------+----------+-------------------------------------------------------+


+----------------------------------------------------------------------------------+
; Port Connectivity Checks: "cont_mod10_minutos:Minutos0|contadorFFT:contadorFFT0" ;
+------+-------+----------+--------------------------------------------------------+
; Port ; Type  ; Severity ; Details                                                ;
+------+-------+----------+--------------------------------------------------------+
; es   ; Input ; Info     ; Stuck at VCC                                           ;
+------+-------+----------+--------------------------------------------------------+


+----------------------------------------------------------------------------------+
; Port Connectivity Checks: "cont_mod10_minutos:Minutos0|contadorFFT:contadorFFT1" ;
+------+-------+----------+--------------------------------------------------------+
; Port ; Type  ; Severity ; Details                                                ;
+------+-------+----------+--------------------------------------------------------+
; es   ; Input ; Info     ; Stuck at VCC                                           ;
+------+-------+----------+--------------------------------------------------------+


+----------------------------------------------------------------------------------+
; Port Connectivity Checks: "cont_mod10_minutos:Minutos0|contadorFFT:contadorFFT2" ;
+------+-------+----------+--------------------------------------------------------+
; Port ; Type  ; Severity ; Details                                                ;
+------+-------+----------+--------------------------------------------------------+
; es   ; Input ; Info     ; Stuck at VCC                                           ;
+------+-------+----------+--------------------------------------------------------+


+----------------------------------------------------------------------------------+
; Port Connectivity Checks: "cont_mod10_minutos:Minutos0|contadorFFT:contadorFFT3" ;
+------+-------+----------+--------------------------------------------------------+
; Port ; Type  ; Severity ; Details                                                ;
+------+-------+----------+--------------------------------------------------------+
; es   ; Input ; Info     ; Stuck at VCC                                           ;
+------+-------+----------+--------------------------------------------------------+


+-----------------------------------------------------------------------------------+
; Port Connectivity Checks: "cont_mod6_segundos:Segundos1|contadorFFT:contadorFFT0" ;
+------+-------+----------+---------------------------------------------------------+
; Port ; Type  ; Severity ; Details                                                 ;
+------+-------+----------+---------------------------------------------------------+
; es   ; Input ; Info     ; Stuck at VCC                                            ;
+------+-------+----------+---------------------------------------------------------+


+-----------------------------------------------------------------------------------+
; Port Connectivity Checks: "cont_mod6_segundos:Segundos1|contadorFFT:contadorFFT1" ;
+------+-------+----------+---------------------------------------------------------+
; Port ; Type  ; Severity ; Details                                                 ;
+------+-------+----------+---------------------------------------------------------+
; es   ; Input ; Info     ; Stuck at VCC                                            ;
+------+-------+----------+---------------------------------------------------------+


+-----------------------------------------------------------------------------------+
; Port Connectivity Checks: "cont_mod6_segundos:Segundos1|contadorFFT:contadorFFT2" ;
+------+-------+----------+---------------------------------------------------------+
; Port ; Type  ; Severity ; Details                                                 ;
+------+-------+----------+---------------------------------------------------------+
; es   ; Input ; Info     ; Stuck at VCC                                            ;
+------+-------+----------+---------------------------------------------------------+


+------------------------------------------------------------------------------------+
; Port Connectivity Checks: "cont_mod10_segundos:Segundos0|contadorFFT:contadorFFT0" ;
+------+-------+----------+----------------------------------------------------------+
; Port ; Type  ; Severity ; Details                                                  ;
+------+-------+----------+----------------------------------------------------------+
; es   ; Input ; Info     ; Stuck at VCC                                             ;
+------+-------+----------+----------------------------------------------------------+


+------------------------------------------------------------------------------------+
; Port Connectivity Checks: "cont_mod10_segundos:Segundos0|contadorFFT:contadorFFT1" ;
+------+-------+----------+----------------------------------------------------------+
; Port ; Type  ; Severity ; Details                                                  ;
+------+-------+----------+----------------------------------------------------------+
; es   ; Input ; Info     ; Stuck at VCC                                             ;
+------+-------+----------+----------------------------------------------------------+


+------------------------------------------------------------------------------------+
; Port Connectivity Checks: "cont_mod10_segundos:Segundos0|contadorFFT:contadorFFT2" ;
+------+-------+----------+----------------------------------------------------------+
; Port ; Type  ; Severity ; Details                                                  ;
+------+-------+----------+----------------------------------------------------------+
; es   ; Input ; Info     ; Stuck at VCC                                             ;
+------+-------+----------+----------------------------------------------------------+


+------------------------------------------------------------------------------------+
; Port Connectivity Checks: "cont_mod10_segundos:Segundos0|contadorFFT:contadorFFT3" ;
+------+-------+----------+----------------------------------------------------------+
; Port ; Type  ; Severity ; Details                                                  ;
+------+-------+----------+----------------------------------------------------------+
; es   ; Input ; Info     ; Stuck at VCC                                             ;
+------+-------+----------+----------------------------------------------------------+


+-------------------------------+
; Analysis & Synthesis Messages ;
+-------------------------------+
Info: *******************************************************************
Info: Running Quartus II Analysis & Synthesis
    Info: Version 9.1 Build 350 03/24/2010 Service Pack 2 SJ Web Edition
    Info: Processing started: Tue May 28 12:05:16 2013
Info: Command: quartus_map --read_settings_files=on --write_settings_files=off Relogio -c Relogio
Info: Found 2 design units, including 1 entities, in source file bcd_horas.vhd
    Info: Found design unit 1: BCD_Horas-Fluxo_Dados
    Info: Found entity 1: BCD_Horas
Info: Found 2 design units, including 1 entities, in source file bcd_minutos.vhd
    Info: Found design unit 1: BCD_Minutos-Fluxo_Dados
    Info: Found entity 1: BCD_Minutos
Info: Found 2 design units, including 1 entities, in source file bcd_segundos.vhd
    Info: Found design unit 1: BCD_Segundos-Fluxo_Dados
    Info: Found entity 1: BCD_Segundos
Info: Found 2 design units, including 1 entities, in source file cont_mod10_minutos.vhd
    Info: Found design unit 1: cont_mod10_minutos-estrutural
    Info: Found entity 1: cont_mod10_minutos
Info: Found 2 design units, including 1 entities, in source file cont_mod10_segundos.vhd
    Info: Found design unit 1: cont_mod10_segundos-estrutural
    Info: Found entity 1: cont_mod10_segundos
Info: Found 2 design units, including 1 entities, in source file cont_mod24_horas.vhd
    Info: Found design unit 1: cont_mod24_horas-estrutural
    Info: Found entity 1: cont_mod24_horas
Info: Found 2 design units, including 1 entities, in source file cont_mod6_minutos.vhd
    Info: Found design unit 1: cont_mod6_minutos-estrutural
    Info: Found entity 1: cont_mod6_minutos
Info: Found 2 design units, including 1 entities, in source file cont_mod6_segundos.vhd
    Info: Found design unit 1: cont_mod6_segundos-estrutural
    Info: Found entity 1: cont_mod6_segundos
Info: Found 2 design units, including 1 entities, in source file contadorfft.vhd
    Info: Found design unit 1: contadorFFT-logica
    Info: Found entity 1: contadorFFT
Info: Found 2 design units, including 1 entities, in source file relogio.vhd
    Info: Found design unit 1: Relogio-logic
    Info: Found entity 1: Relogio
Info: Found 1 design units, including 0 entities, in source file relogio_package.vhd
    Info: Found design unit 1: Relogio_package
Info: Elaborating entity "Relogio" for the top level hierarchy
Info: Elaborating entity "cont_mod10_segundos" for hierarchy "cont_mod10_segundos:Segundos0"
Info: Elaborating entity "contadorFFT" for hierarchy "cont_mod10_segundos:Segundos0|contadorFFT:contadorFFT3"
Info: Elaborating entity "cont_mod6_segundos" for hierarchy "cont_mod6_segundos:Segundos1"
Info: Elaborating entity "cont_mod10_minutos" for hierarchy "cont_mod10_minutos:Minutos0"
Info: Elaborating entity "cont_mod6_minutos" for hierarchy "cont_mod6_minutos:Minutos1"
Info: Elaborating entity "cont_mod24_horas" for hierarchy "cont_mod24_horas:Horas0"
Info: Elaborating entity "BCD_Segundos" for hierarchy "BCD_Segundos:BcdSegundos"
Info: Elaborating entity "BCD_Minutos" for hierarchy "BCD_Minutos:BcdMinutos"
Info: Elaborating entity "BCD_Horas" for hierarchy "BCD_Horas:BcdHoras"
Info: Promoted pin-driven signal(s) to global signal
    Info: Promoted clock signal driven by pin "clk" to global clock signal
Info: Implemented 108 device resources after synthesis - the final resource count might be different
    Info: Implemented 1 input pins
    Info: Implemented 42 output pins
    Info: Implemented 65 macrocells
Info: Quartus II Analysis & Synthesis was successful. 0 errors, 0 warnings
    Info: Peak virtual memory: 225 megabytes
    Info: Processing ended: Tue May 28 12:05:19 2013
    Info: Elapsed time: 00:00:03
    Info: Total CPU time (on all processors): 00:00:03


