Flow report for Relogio
Tue May 28 12:05:27 2013
Quartus II Version 9.1 Build 350 03/24/2010 Service Pack 2 SJ Web Edition


---------------------
; Table of Contents ;
---------------------
  1. Legal Notice
  2. Flow Summary
  3. Flow Settings
  4. Flow Non-Default Global Settings
  5. Flow Elapsed Time
  6. Flow OS Summary
  7. Flow Log



----------------
; Legal Notice ;
----------------
Copyright (C) 1991-2010 Altera Corporation
Your use of Altera Corporation's design tools, logic functions 
and other software and tools, and its AMPP partner logic 
functions, and any output files from any of the foregoing 
(including device programming or simulation files), and any 
associated documentation or information are expressly subject 
to the terms and conditions of the Altera Program License 
Subscription Agreement, Altera MegaCore Function License 
Agreement, or other applicable license agreement, including, 
without limitation, that your use is for the sole purpose of 
programming logic devices manufactured by Altera and sold by 
Altera or its authorized distributors.  Please refer to the 
applicable agreement for further details.



+------------------------------------------------------------------------+
; Flow Summary                                                           ;
+-------------------------+----------------------------------------------+
; Flow Status             ; Successful - Tue May 28 12:05:27 2013        ;
; Quartus II Version      ; 9.1 Build 350 03/24/2010 SP 2 SJ Web Edition ;
; Revision Name           ; Relogio                                      ;
; Top-level Entity Name   ; Relogio                                      ;
; Family                  ; MAX7000S                                     ;
; Device                  ; EPM7128SLC84-7                               ;
; Timing Models           ; Final                                        ;
; Met timing requirements ; Yes                                          ;
; Total macrocells        ; 65 / 128 ( 51 % )                            ;
; Total pins              ; 47 / 68 ( 69 % )                             ;
+-------------------------+----------------------------------------------+


+-----------------------------------------+
; Flow Settings                           ;
+-------------------+---------------------+
; Option            ; Setting             ;
+-------------------+---------------------+
; Start date & time ; 05/28/2013 12:05:17 ;
; Main task         ; Compilation         ;
; Revision Name     ; Relogio             ;
+-------------------+---------------------+


+------------------------------------------------------------------------------------------------------------------------+
; Flow Non-Default Global Settings                                                                                       ;
+------------------------------------+------------------------------+---------------+-------------+----------------------+
; Assignment Name                    ; Value                        ; Default Value ; Entity Name ; Section Id           ;
+------------------------------------+------------------------------+---------------+-------------+----------------------+
; COMPILER_SIGNATURE_ID              ; 126176061297.136975351607184 ; --            ; --          ; --                   ;
; EDA_DESIGN_ENTRY_SYNTHESIS_TOOL    ; LeonardoSpectrum             ; <None>        ; --          ; --                   ;
; EDA_INPUT_DATA_FORMAT              ; Edif                         ; --            ; --          ; eda_design_synthesis ;
; EDA_LMF_FILE                       ; mentor.lmf                   ; --            ; --          ; eda_design_synthesis ;
; EDA_OUTPUT_DATA_FORMAT             ; Vhdl                         ; --            ; --          ; eda_simulation       ;
; EDA_OUTPUT_DATA_FORMAT             ; Verilog Hdl                  ; --            ; --          ; eda_timing_analysis  ;
; EDA_SIMULATION_TOOL                ; ModelSim (VHDL)              ; <None>        ; --          ; --                   ;
; EDA_TIMING_ANALYSIS_TOOL           ; PrimeTime (Verilog)          ; <None>        ; --          ; --                   ;
; MAX_CORE_JUNCTION_TEMP             ; 85                           ; --            ; --          ; --                   ;
; MIN_CORE_JUNCTION_TEMP             ; 0                            ; --            ; --          ; --                   ;
; USE_GENERATED_PHYSICAL_CONSTRAINTS ; Off                          ; --            ; --          ; eda_blast_fpga       ;
+------------------------------------+------------------------------+---------------+-------------+----------------------+


+-----------------------------------------------------------------------------------------------------------------------------+
; Flow Elapsed Time                                                                                                           ;
+-------------------------+--------------+-------------------------+---------------------+------------------------------------+
; Module Name             ; Elapsed Time ; Average Processors Used ; Peak Virtual Memory ; Total CPU Time (on all processors) ;
+-------------------------+--------------+-------------------------+---------------------+------------------------------------+
; Analysis & Synthesis    ; 00:00:03     ; 1.0                     ; 225 MB              ; 00:00:03                           ;
; Fitter                  ; 00:00:01     ; 1.0                     ; 173 MB              ; 00:00:01                           ;
; Assembler               ; 00:00:01     ; 1.0                     ; 184 MB              ; 00:00:00                           ;
; Classic Timing Analyzer ; 00:00:01     ; 1.0                     ; 155 MB              ; 00:00:01                           ;
; EDA Netlist Writer      ; 00:00:01     ; 1.0                     ; 166 MB              ; 00:00:01                           ;
; Total                   ; 00:00:07     ; --                      ; --                  ; 00:00:06                           ;
+-------------------------+--------------+-------------------------+---------------------+------------------------------------+


+------------------------------------------------------------------------------------------+
; Flow OS Summary                                                                          ;
+-------------------------+------------------+---------------+------------+----------------+
; Module Name             ; Machine Hostname ; OS Name       ; OS Version ; Processor type ;
+-------------------------+------------------+---------------+------------+----------------+
; Analysis & Synthesis    ; Gustavo-PC       ; Windows Vista ; 6.1        ; x86_64         ;
; Fitter                  ; Gustavo-PC       ; Windows Vista ; 6.1        ; x86_64         ;
; Assembler               ; Gustavo-PC       ; Windows Vista ; 6.1        ; x86_64         ;
; Classic Timing Analyzer ; Gustavo-PC       ; Windows Vista ; 6.1        ; x86_64         ;
; EDA Netlist Writer      ; Gustavo-PC       ; Windows Vista ; 6.1        ; x86_64         ;
+-------------------------+------------------+---------------+------------+----------------+


------------
; Flow Log ;
------------
quartus_map --read_settings_files=on --write_settings_files=off Relogio -c Relogio
quartus_fit --read_settings_files=off --write_settings_files=off Relogio -c Relogio
quartus_asm --read_settings_files=off --write_settings_files=off Relogio -c Relogio
quartus_tan --read_settings_files=off --write_settings_files=off Relogio -c Relogio
quartus_eda --read_settings_files=off --write_settings_files=off Relogio -c Relogio



