Analysis & Synthesis report for ULA_PACKAGE
Fri Apr 03 10:14:02 2015
Quartus II Version 9.1 Build 350 03/24/2010 Service Pack 2 SJ Web Edition


---------------------
; Table of Contents ;
---------------------
  1. Legal Notice
  2. Analysis & Synthesis Summary
  3. Analysis & Synthesis Settings
  4. Parallel Compilation
  5. Analysis & Synthesis Messages



----------------
; Legal Notice ;
----------------
Copyright (C) 1991-2010 Altera Corporation
Your use of Altera Corporation's design tools, logic functions 
and other software and tools, and its AMPP partner logic 
functions, and any output files from any of the foregoing 
(including device programming or simulation files), and any 
associated documentation or information are expressly subject 
to the terms and conditions of the Altera Program License 
Subscription Agreement, Altera MegaCore Function License 
Agreement, or other applicable license agreement, including, 
without limitation, that your use is for the sole purpose of 
programming logic devices manufactured by Altera and sold by 
Altera or its authorized distributors.  Please refer to the 
applicable agreement for further details.



+----------------------------------------------------------------------------+
; Analysis & Synthesis Summary                                               ;
+-----------------------------+----------------------------------------------+
; Analysis & Synthesis Status ; Failed - Fri Apr 03 10:14:02 2015            ;
; Quartus II Version          ; 9.1 Build 350 03/24/2010 SP 2 SJ Web Edition ;
; Revision Name               ; ULA_PACKAGE                                  ;
; Top-level Entity Name       ; ULA_PACKAGE                                  ;
; Family                      ; MAX7000S                                     ;
+-----------------------------+----------------------------------------------+


+-----------------------------------------------------------------------------------------------------------+
; Analysis & Synthesis Settings                                                                             ;
+----------------------------------------------------------------------------+--------------+---------------+
; Option                                                                     ; Setting      ; Default Value ;
+----------------------------------------------------------------------------+--------------+---------------+
; Top-level entity name                                                      ; ULA_PACKAGE  ; ULA_PACKAGE   ;
; Family name                                                                ; MAX7000S     ; Stratix II    ;
; Type of Retiming Performed During Resynthesis                              ; Full         ;               ;
; Resynthesis Optimization Effort                                            ; Normal       ;               ;
; Physical Synthesis Level for Resynthesis                                   ; Normal       ;               ;
; Use Generated Physical Constraints File                                    ; On           ;               ;
; Use smart compilation                                                      ; Off          ; Off           ;
; Enable parallel Assembler and TimeQuest Timing Analyzer during compilation ; On           ; On            ;
; Enable compact report table                                                ; Off          ; Off           ;
; Create Debugging Nodes for IP Cores                                        ; Off          ; Off           ;
; Preserve fewer node names                                                  ; On           ; On            ;
; Disable OpenCore Plus hardware evaluation                                  ; Off          ; Off           ;
; Verilog Version                                                            ; Verilog_2001 ; Verilog_2001  ;
; VHDL Version                                                               ; VHDL_1993    ; VHDL_1993     ;
; State Machine Processing                                                   ; Auto         ; Auto          ;
; Safe State Machine                                                         ; Off          ; Off           ;
; Extract Verilog State Machines                                             ; On           ; On            ;
; Extract VHDL State Machines                                                ; On           ; On            ;
; Ignore Verilog initial constructs                                          ; Off          ; Off           ;
; Iteration limit for constant Verilog loops                                 ; 5000         ; 5000          ;
; Iteration limit for non-constant Verilog loops                             ; 250          ; 250           ;
; Add Pass-Through Logic to Inferred RAMs                                    ; On           ; On            ;
; Parallel Synthesis                                                         ; On           ; On            ;
; NOT Gate Push-Back                                                         ; On           ; On            ;
; Power-Up Don't Care                                                        ; On           ; On            ;
; Remove Duplicate Registers                                                 ; On           ; On            ;
; Ignore CARRY Buffers                                                       ; Off          ; Off           ;
; Ignore CASCADE Buffers                                                     ; Off          ; Off           ;
; Ignore GLOBAL Buffers                                                      ; Off          ; Off           ;
; Ignore ROW GLOBAL Buffers                                                  ; Off          ; Off           ;
; Ignore LCELL Buffers                                                       ; Auto         ; Auto          ;
; Ignore SOFT Buffers                                                        ; Off          ; Off           ;
; Limit AHDL Integers to 32 Bits                                             ; Off          ; Off           ;
; Optimization Technique                                                     ; Speed        ; Speed         ;
; Allow XOR Gate Usage                                                       ; On           ; On            ;
; Auto Logic Cell Insertion                                                  ; On           ; On            ;
; Parallel Expander Chain Length                                             ; 4            ; 4             ;
; Auto Parallel Expanders                                                    ; On           ; On            ;
; Auto Open-Drain Pins                                                       ; On           ; On            ;
; Auto Resource Sharing                                                      ; Off          ; Off           ;
; Maximum Fan-in Per Macrocell                                               ; 100          ; 100           ;
; Use LogicLock Constraints during Resource Balancing                        ; On           ; On            ;
; Ignore translate_off and synthesis_off directives                          ; Off          ; Off           ;
; Show Parameter Settings Tables in Synthesis Report                         ; On           ; On            ;
; HDL message level                                                          ; Level2       ; Level2        ;
; Suppress Register Optimization Related Messages                            ; Off          ; Off           ;
; Number of Removed Registers Reported in Synthesis Report                   ; 5000         ; 5000          ;
; Number of Inverted Registers Reported in Synthesis Report                  ; 100          ; 100           ;
; Block Design Naming                                                        ; Auto         ; Auto          ;
; Synthesis Effort                                                           ; Auto         ; Auto          ;
; Shift Register Replacement - Allow Asynchronous Clear Signal               ; On           ; On            ;
; Analysis & Synthesis Message Level                                         ; Medium       ; Medium        ;
; Disable Register Merging Across Hierarchies                                ; Auto         ; Auto          ;
+----------------------------------------------------------------------------+--------------+---------------+


Parallel compilation was disabled, but you have multiple processors available. Enable parallel compilation to reduce compilation time.
+-------------------------------------+
; Parallel Compilation                ;
+----------------------------+--------+
; Processors                 ; Number ;
+----------------------------+--------+
; Number detected on machine ; 2      ;
; Maximum allowed            ; 1      ;
+----------------------------+--------+


+-------------------------------+
; Analysis & Synthesis Messages ;
+-------------------------------+
Info: *******************************************************************
Info: Running Quartus II Analysis & Synthesis
    Info: Version 9.1 Build 350 03/24/2010 Service Pack 2 SJ Web Edition
    Info: Processing started: Fri Apr 03 10:13:56 2015
Info: Command: quartus_map --read_settings_files=on --write_settings_files=off ULA_PACKAGE -c ULA_PACKAGE
Info: Found 2 design units, including 1 entities, in source file subtrator/subtrator.vhd
    Info: Found design unit 1: SUBTRATOR-TEST_SUBTRATOR
    Info: Found entity 1: SUBTRATOR
Info: Found 2 design units, including 1 entities, in source file somador/somador.vhd
    Info: Found design unit 1: SOMADOR-TEST_SOMADOR
    Info: Found entity 1: SOMADOR
Info: Found 2 design units, including 1 entities, in source file portas_logicas/portas_logicas.vhd
    Info: Found design unit 1: PORTAS_LOGICAS-COMPORTAMENTAL
    Info: Found entity 1: PORTAS_LOGICAS
Info: Found 2 design units, including 1 entities, in source file decodificador_8x1/decodificador_8x1.vhd
    Info: Found design unit 1: DECODIFICADOR_8x1-TEST_DECO
    Info: Found entity 1: DECODIFICADOR_8x1
Info: Found 2 design units, including 1 entities, in source file decodificador_3x8/decodificador_3x8.vhd
    Info: Found design unit 1: DECODIFICADOR_3x8-TEST_DECO_3x8
    Info: Found entity 1: DECODIFICADOR_3x8
Info: Found 1 design units, including 0 entities, in source file ula_package.vhd
    Info: Found design unit 1: ULA_PACKAGE
Error: Top-level design entity "ULA_PACKAGE" is undefined
Error: Quartus II Analysis & Synthesis was unsuccessful. 1 error, 0 warnings
    Error: Peak virtual memory: 232 megabytes
    Error: Processing ended: Fri Apr 03 10:14:05 2015
    Error: Elapsed time: 00:00:09
    Error: Total CPU time (on all processors): 00:00:02


