Classic Timing Analyzer report for decodificador_bcd
Sat Jun 01 20:43:46 2013
Quartus II Version 9.1 Build 350 03/24/2010 Service Pack 2 SJ Web Edition


---------------------
; Table of Contents ;
---------------------
  1. Legal Notice
  2. Timing Analyzer Summary
  3. Timing Analyzer Settings
  4. Parallel Compilation
  5. tpd
  6. Timing Analyzer Messages



----------------
; Legal Notice ;
----------------
Copyright (C) 1991-2010 Altera Corporation
Your use of Altera Corporation's design tools, logic functions 
and other software and tools, and its AMPP partner logic 
functions, and any output files from any of the foregoing 
(including device programming or simulation files), and any 
associated documentation or information are expressly subject 
to the terms and conditions of the Altera Program License 
Subscription Agreement, Altera MegaCore Function License 
Agreement, or other applicable license agreement, including, 
without limitation, that your use is for the sole purpose of 
programming logic devices manufactured by Altera and sold by 
Altera or its authorized distributors.  Please refer to the 
applicable agreement for further details.



+----------------------------------------------------------------------------------------------------------------------------------+
; Timing Analyzer Summary                                                                                                          ;
+------------------------------+-------+---------------+-------------+---------+------------+------------+----------+--------------+
; Type                         ; Slack ; Required Time ; Actual Time ; From    ; To         ; From Clock ; To Clock ; Failed Paths ;
+------------------------------+-------+---------------+-------------+---------+------------+------------+----------+--------------+
; Worst-case tpd               ; N/A   ; None          ; 18.300 ns   ; dado[0] ; display[2] ; --         ; --       ; 0            ;
; Total number of failed paths ;       ;               ;             ;         ;            ;            ;          ; 0            ;
+------------------------------+-------+---------------+-------------+---------+------------+------------+----------+--------------+


+-----------------------------------------------------------------------------------------------------------------------------------------------------+
; Timing Analyzer Settings                                                                                                                            ;
+------------------------------------------------------------------------------------------------------+--------------------+------+----+-------------+
; Option                                                                                               ; Setting            ; From ; To ; Entity Name ;
+------------------------------------------------------------------------------------------------------+--------------------+------+----+-------------+
; Device Name                                                                                          ; EPM7064STC100-7    ;      ;    ;             ;
; Timing Models                                                                                        ; Final              ;      ;    ;             ;
; Default hold multicycle                                                                              ; Same as Multicycle ;      ;    ;             ;
; Cut paths between unrelated clock domains                                                            ; On                 ;      ;    ;             ;
; Cut off read during write signal paths                                                               ; On                 ;      ;    ;             ;
; Cut off feedback from I/O pins                                                                       ; On                 ;      ;    ;             ;
; Report Combined Fast/Slow Timing                                                                     ; Off                ;      ;    ;             ;
; Ignore Clock Settings                                                                                ; Off                ;      ;    ;             ;
; Analyze latches as synchronous elements                                                              ; On                 ;      ;    ;             ;
; Enable Recovery/Removal analysis                                                                     ; Off                ;      ;    ;             ;
; Enable Clock Latency                                                                                 ; Off                ;      ;    ;             ;
; Use TimeQuest Timing Analyzer                                                                        ; Off                ;      ;    ;             ;
; Minimum Core Junction Temperature                                                                    ; 0                  ;      ;    ;             ;
; Maximum Core Junction Temperature                                                                    ; 85                 ;      ;    ;             ;
; Number of source nodes to report per destination node                                                ; 10                 ;      ;    ;             ;
; Number of destination nodes to report                                                                ; 10                 ;      ;    ;             ;
; Number of paths to report                                                                            ; 200                ;      ;    ;             ;
; Report Minimum Timing Checks                                                                         ; Off                ;      ;    ;             ;
; Use Fast Timing Models                                                                               ; Off                ;      ;    ;             ;
; Report IO Paths Separately                                                                           ; Off                ;      ;    ;             ;
; Perform Multicorner Analysis                                                                         ; Off                ;      ;    ;             ;
; Reports the worst-case path for each clock domain and analysis                                       ; Off                ;      ;    ;             ;
; Reports worst-case timing paths for each clock domain and analysis                                   ; On                 ;      ;    ;             ;
; Specifies the maximum number of worst-case timing paths to report for each clock domain and analysis ; 100                ;      ;    ;             ;
; Removes common clock path pessimism (CCPP) during slack computation                                  ; Off                ;      ;    ;             ;
; Output I/O Timing Endpoint                                                                           ; Near End           ;      ;    ;             ;
+------------------------------------------------------------------------------------------------------+--------------------+------+----+-------------+


Parallel compilation was disabled, but you have multiple processors available. Enable parallel compilation to reduce compilation time.
+-------------------------------------+
; Parallel Compilation                ;
+----------------------------+--------+
; Processors                 ; Number ;
+----------------------------+--------+
; Number detected on machine ; 2      ;
; Maximum allowed            ; 1      ;
+----------------------------+--------+


+--------------------------------------------------------------------+
; tpd                                                                ;
+-------+-------------------+-----------------+---------+------------+
; Slack ; Required P2P Time ; Actual P2P Time ; From    ; To         ;
+-------+-------------------+-----------------+---------+------------+
; N/A   ; None              ; 18.300 ns       ; dado[1] ; display[2] ;
; N/A   ; None              ; 18.300 ns       ; dado[2] ; display[2] ;
; N/A   ; None              ; 18.300 ns       ; dado[3] ; display[2] ;
; N/A   ; None              ; 18.300 ns       ; dado[0] ; display[2] ;
; N/A   ; None              ; 16.500 ns       ; dado[1] ; display[0] ;
; N/A   ; None              ; 16.500 ns       ; dado[2] ; display[0] ;
; N/A   ; None              ; 16.500 ns       ; dado[3] ; display[0] ;
; N/A   ; None              ; 16.500 ns       ; dado[1] ; display[3] ;
; N/A   ; None              ; 16.500 ns       ; dado[2] ; display[3] ;
; N/A   ; None              ; 16.500 ns       ; dado[3] ; display[3] ;
; N/A   ; None              ; 15.500 ns       ; dado[0] ; display[0] ;
; N/A   ; None              ; 15.500 ns       ; dado[0] ; display[3] ;
; N/A   ; None              ; 12.500 ns       ; dado[1] ; display[5] ;
; N/A   ; None              ; 12.500 ns       ; dado[2] ; display[5] ;
; N/A   ; None              ; 12.500 ns       ; dado[3] ; display[5] ;
; N/A   ; None              ; 12.500 ns       ; dado[0] ; display[5] ;
; N/A   ; None              ; 11.500 ns       ; dado[1] ; display[6] ;
; N/A   ; None              ; 11.500 ns       ; dado[2] ; display[6] ;
; N/A   ; None              ; 11.500 ns       ; dado[3] ; display[6] ;
; N/A   ; None              ; 11.500 ns       ; dado[0] ; display[6] ;
; N/A   ; None              ; 11.500 ns       ; dado[1] ; display[4] ;
; N/A   ; None              ; 11.500 ns       ; dado[2] ; display[4] ;
; N/A   ; None              ; 11.500 ns       ; dado[3] ; display[4] ;
; N/A   ; None              ; 11.500 ns       ; dado[0] ; display[4] ;
; N/A   ; None              ; 11.500 ns       ; dado[1] ; display[1] ;
; N/A   ; None              ; 11.500 ns       ; dado[2] ; display[1] ;
; N/A   ; None              ; 11.500 ns       ; dado[3] ; display[1] ;
; N/A   ; None              ; 11.500 ns       ; dado[0] ; display[1] ;
+-------+-------------------+-----------------+---------+------------+


+--------------------------+
; Timing Analyzer Messages ;
+--------------------------+
Info: *******************************************************************
Info: Running Quartus II Classic Timing Analyzer
    Info: Version 9.1 Build 350 03/24/2010 Service Pack 2 SJ Web Edition
    Info: Processing started: Sat Jun 01 20:43:46 2013
Info: Command: quartus_tan --read_settings_files=off --write_settings_files=off decodificador_bcd -c decodificador_bcd
Info: Started post-fitting delay annotation
Info: Delay annotation completed successfully
Warning: Timing Analysis does not support the analysis of latches as synchronous elements for the currently selected device family
Warning: Found combinational loop of 1 nodes
    Warning: Node "display[2]$latch~9"
Warning: Found combinational loop of 1 nodes
    Warning: Node "display[0]$latch~9"
Warning: Found combinational loop of 1 nodes
    Warning: Node "display[6]$latch~9"
Warning: Found combinational loop of 1 nodes
    Warning: Node "display[5]$latch~9"
Warning: Found combinational loop of 1 nodes
    Warning: Node "display[4]$latch~9"
Warning: Found combinational loop of 1 nodes
    Warning: Node "display[3]$latch~9"
Warning: Found combinational loop of 1 nodes
    Warning: Node "display[1]$latch~9"
Info: Longest tpd from source pin "dado[1]" to destination pin "display[2]" is 18.300 ns
    Info: 1: + IC(0.000 ns) + CELL(0.500 ns) = 0.500 ns; Loc. = PIN_85; Fanout = 37; PIN Node = 'dado[1]'
    Info: 2: + IC(1.000 ns) + CELL(4.000 ns) = 5.500 ns; Loc. = LC10; Fanout = 11; COMB Node = 'display[6]~13'
    Info: 3: + IC(1.000 ns) + CELL(3.000 ns) = 9.500 ns; Loc. = LC1; Fanout = 1; COMB Node = 'comb~83'
    Info: 4: + IC(0.000 ns) + CELL(1.800 ns) = 11.300 ns; Loc. = LC2; Fanout = 3; COMB Node = 'comb~20'
    Info: 5: + IC(0.000 ns) + CELL(5.000 ns) = 16.300 ns; Loc. = LC5; Fanout = 3; COMB LOOP Node = 'display[2]$latch~9'
        Info: Loc. = LC5; Node "display[2]$latch~9"
    Info: 6: + IC(0.000 ns) + CELL(2.000 ns) = 18.300 ns; Loc. = PIN_9; Fanout = 0; PIN Node = 'display[2]'
    Info: Total cell delay = 16.300 ns ( 89.07 % )
    Info: Total interconnect delay = 2.000 ns ( 10.93 % )
Info: Quartus II Classic Timing Analyzer was successful. 0 errors, 15 warnings
    Info: Peak virtual memory: 146 megabytes
    Info: Processing ended: Sat Jun 01 20:43:46 2013
    Info: Elapsed time: 00:00:00
    Info: Total CPU time (on all processors): 00:00:00


