Flow report for relogio
Sun Jun 02 12:18:17 2013
Quartus II Version 9.1 Build 350 03/24/2010 Service Pack 2 SJ Web Edition


---------------------
; Table of Contents ;
---------------------
  1. Legal Notice
  2. Flow Summary
  3. Flow Settings
  4. Flow Non-Default Global Settings
  5. Flow Elapsed Time
  6. Flow OS Summary
  7. Flow Log



----------------
; Legal Notice ;
----------------
Copyright (C) 1991-2010 Altera Corporation
Your use of Altera Corporation's design tools, logic functions 
and other software and tools, and its AMPP partner logic 
functions, and any output files from any of the foregoing 
(including device programming or simulation files), and any 
associated documentation or information are expressly subject 
to the terms and conditions of the Altera Program License 
Subscription Agreement, Altera MegaCore Function License 
Agreement, or other applicable license agreement, including, 
without limitation, that your use is for the sole purpose of 
programming logic devices manufactured by Altera and sold by 
Altera or its authorized distributors.  Please refer to the 
applicable agreement for further details.



+------------------------------------------------------------------------------+
; Flow Summary                                                                 ;
+-------------------------------+----------------------------------------------+
; Flow Status                   ; Successful - Sun Jun 02 12:18:17 2013        ;
; Quartus II Version            ; 9.1 Build 350 03/24/2010 SP 2 SJ Web Edition ;
; Revision Name                 ; relogio                                      ;
; Top-level Entity Name         ; relogio                                      ;
; Family                        ; Stratix III                                  ;
; Device                        ; EP3SE50F484C2                                ;
; Timing Models                 ; Final                                        ;
; Met timing requirements       ; N/A                                          ;
; Logic utilization             ; < 1 %                                        ;
;     Combinational ALUTs       ; 180 / 38,000 ( < 1 % )                       ;
;     Memory ALUTs              ; 0 / 19,000 ( 0 % )                           ;
;     Dedicated logic registers ; 7 / 38,000 ( < 1 % )                         ;
; Total registers               ; 7                                            ;
; Total pins                    ; 46 / 296 ( 16 % )                            ;
; Total virtual pins            ; 0                                            ;
; Total block memory bits       ; 0 / 5,455,872 ( 0 % )                        ;
; DSP block 18-bit elements     ; 0 / 384 ( 0 % )                              ;
; Total PLLs                    ; 0 / 4 ( 0 % )                                ;
; Total DLLs                    ; 0 / 4 ( 0 % )                                ;
+-------------------------------+----------------------------------------------+


+-----------------------------------------+
; Flow Settings                           ;
+-------------------+---------------------+
; Option            ; Setting             ;
+-------------------+---------------------+
; Start date & time ; 06/02/2013 12:17:34 ;
; Main task         ; Compilation         ;
; Revision Name     ; relogio             ;
+-------------------+---------------------+


+---------------------------------------------------------------------------------------------------------------------------------------+
; Flow Non-Default Global Settings                                                                                                      ;
+------------------------------------+------------------------------+------------------------------+-------------+----------------------+
; Assignment Name                    ; Value                        ; Default Value                ; Entity Name ; Section Id           ;
+------------------------------------+------------------------------+------------------------------+-------------+----------------------+
; COMPILER_SIGNATURE_ID              ; 116908527686.137018625403960 ; --                           ; --          ; --                   ;
; EDA_DESIGN_ENTRY_SYNTHESIS_TOOL    ; LeonardoSpectrum             ; <None>                       ; --          ; --                   ;
; EDA_INPUT_DATA_FORMAT              ; Edif                         ; --                           ; --          ; eda_design_synthesis ;
; EDA_LMF_FILE                       ; mentor.lmf                   ; --                           ; --          ; eda_design_synthesis ;
; EDA_OUTPUT_DATA_FORMAT             ; Vhdl                         ; --                           ; --          ; eda_simulation       ;
; EDA_OUTPUT_DATA_FORMAT             ; Verilog Hdl                  ; --                           ; --          ; eda_timing_analysis  ;
; EDA_SIMULATION_TOOL                ; ModelSim (VHDL)              ; <None>                       ; --          ; --                   ;
; EDA_TIMING_ANALYSIS_TOOL           ; PrimeTime (Verilog)          ; <None>                       ; --          ; --                   ;
; INCREMENTAL_COMPILATION            ; Off                          ; FULL_INCREMENTAL_COMPILATION ; --          ; --                   ;
; MAX_CORE_JUNCTION_TEMP             ; 85                           ; --                           ; --          ; --                   ;
; MIN_CORE_JUNCTION_TEMP             ; 0                            ; --                           ; --          ; --                   ;
; NOMINAL_CORE_SUPPLY_VOLTAGE        ; 1.1V                         ; --                           ; --          ; --                   ;
; USE_GENERATED_PHYSICAL_CONSTRAINTS ; Off                          ; --                           ; --          ; eda_blast_fpga       ;
+------------------------------------+------------------------------+------------------------------+-------------+----------------------+


+-------------------------------------------------------------------------------------------------------------------------------+
; Flow Elapsed Time                                                                                                             ;
+---------------------------+--------------+-------------------------+---------------------+------------------------------------+
; Module Name               ; Elapsed Time ; Average Processors Used ; Peak Virtual Memory ; Total CPU Time (on all processors) ;
+---------------------------+--------------+-------------------------+---------------------+------------------------------------+
; Analysis & Synthesis      ; 00:00:05     ; 1.0                     ; 222 MB              ; 00:00:05                           ;
; Fitter                    ; 00:00:20     ; 1.0                     ; 309 MB              ; 00:00:23                           ;
; Assembler                 ; 00:00:11     ; 1.0                     ; 282 MB              ; 00:00:09                           ;
; TimeQuest Timing Analyzer ; 00:00:07     ; 1.0                     ; 243 MB              ; 00:00:06                           ;
; EDA Netlist Writer        ; 00:00:04     ; 1.0                     ; 192 MB              ; 00:00:04                           ;
; Total                     ; 00:00:40     ; --                      ; --                  ; 00:00:41                           ;
+---------------------------+--------------+-------------------------+---------------------+------------------------------------+


+--------------------------------------------------------------------------------------------+
; Flow OS Summary                                                                            ;
+---------------------------+------------------+---------------+------------+----------------+
; Module Name               ; Machine Hostname ; OS Name       ; OS Version ; Processor type ;
+---------------------------+------------------+---------------+------------+----------------+
; Analysis & Synthesis      ; JaumMessias-PC   ; Windows Vista ; 6.1        ; i686           ;
; Fitter                    ; JaumMessias-PC   ; Windows Vista ; 6.1        ; i686           ;
; TimeQuest Timing Analyzer ; JaumMessias-PC   ; Windows Vista ; 6.1        ; i686           ;
; Assembler                 ; JaumMessias-PC   ; Windows Vista ; 6.1        ; i686           ;
; EDA Netlist Writer        ; JaumMessias-PC   ; Windows Vista ; 6.1        ; i686           ;
+---------------------------+------------------+---------------+------------+----------------+


------------
; Flow Log ;
------------
quartus_map --read_settings_files=on --write_settings_files=off relogio -c relogio
quartus_fit --read_settings_files=off --write_settings_files=off relogio -c relogio
quartus_sta relogio -c relogio
quartus_asm --read_settings_files=off --write_settings_files=off relogio -c relogio
quartus_eda --read_settings_files=off --write_settings_files=off relogio -c relogio



