Analysis & Synthesis report for ULA
Fri May 10 10:53:51 2013
Quartus II Version 9.1 Build 350 03/24/2010 Service Pack 2 SJ Web Edition


---------------------
; Table of Contents ;
---------------------
  1. Legal Notice
  2. Analysis & Synthesis Summary
  3. Analysis & Synthesis Settings
  4. Parallel Compilation
  5. Analysis & Synthesis Source Files Read
  6. Analysis & Synthesis Resource Usage Summary
  7. Analysis & Synthesis Resource Utilization by Entity
  8. User-Specified and Inferred Latches
  9. Analysis & Synthesis Messages



----------------
; Legal Notice ;
----------------
Copyright (C) 1991-2010 Altera Corporation
Your use of Altera Corporation's design tools, logic functions 
and other software and tools, and its AMPP partner logic 
functions, and any output files from any of the foregoing 
(including device programming or simulation files), and any 
associated documentation or information are expressly subject 
to the terms and conditions of the Altera Program License 
Subscription Agreement, Altera MegaCore Function License 
Agreement, or other applicable license agreement, including, 
without limitation, that your use is for the sole purpose of 
programming logic devices manufactured by Altera and sold by 
Altera or its authorized distributors.  Please refer to the 
applicable agreement for further details.



+----------------------------------------------------------------------------+
; Analysis & Synthesis Summary                                               ;
+-----------------------------+----------------------------------------------+
; Analysis & Synthesis Status ; Successful - Fri May 10 10:53:51 2013        ;
; Quartus II Version          ; 9.1 Build 350 03/24/2010 SP 2 SJ Web Edition ;
; Revision Name               ; ULA                                          ;
; Top-level Entity Name       ; ULA                                          ;
; Family                      ; MAX7000S                                     ;
; Total macrocells            ; 17                                           ;
; Total pins                  ; 20                                           ;
+-----------------------------+----------------------------------------------+


+-----------------------------------------------------------------------------------------------------------+
; Analysis & Synthesis Settings                                                                             ;
+----------------------------------------------------------------------------+--------------+---------------+
; Option                                                                     ; Setting      ; Default Value ;
+----------------------------------------------------------------------------+--------------+---------------+
; Top-level entity name                                                      ; ULA          ; ULA           ;
; Family name                                                                ; MAX7000S     ; Stratix II    ;
; Type of Retiming Performed During Resynthesis                              ; Full         ;               ;
; Resynthesis Optimization Effort                                            ; Normal       ;               ;
; Physical Synthesis Level for Resynthesis                                   ; Normal       ;               ;
; Use Generated Physical Constraints File                                    ; On           ;               ;
; Use smart compilation                                                      ; Off          ; Off           ;
; Enable parallel Assembler and TimeQuest Timing Analyzer during compilation ; On           ; On            ;
; Enable compact report table                                                ; Off          ; Off           ;
; Create Debugging Nodes for IP Cores                                        ; Off          ; Off           ;
; Preserve fewer node names                                                  ; On           ; On            ;
; Disable OpenCore Plus hardware evaluation                                  ; Off          ; Off           ;
; Verilog Version                                                            ; Verilog_2001 ; Verilog_2001  ;
; VHDL Version                                                               ; VHDL_1993    ; VHDL_1993     ;
; State Machine Processing                                                   ; Auto         ; Auto          ;
; Safe State Machine                                                         ; Off          ; Off           ;
; Extract Verilog State Machines                                             ; On           ; On            ;
; Extract VHDL State Machines                                                ; On           ; On            ;
; Ignore Verilog initial constructs                                          ; Off          ; Off           ;
; Iteration limit for constant Verilog loops                                 ; 5000         ; 5000          ;
; Iteration limit for non-constant Verilog loops                             ; 250          ; 250           ;
; Add Pass-Through Logic to Inferred RAMs                                    ; On           ; On            ;
; Parallel Synthesis                                                         ; On           ; On            ;
; NOT Gate Push-Back                                                         ; On           ; On            ;
; Power-Up Don't Care                                                        ; On           ; On            ;
; Remove Duplicate Registers                                                 ; On           ; On            ;
; Ignore CARRY Buffers                                                       ; Off          ; Off           ;
; Ignore CASCADE Buffers                                                     ; Off          ; Off           ;
; Ignore GLOBAL Buffers                                                      ; Off          ; Off           ;
; Ignore ROW GLOBAL Buffers                                                  ; Off          ; Off           ;
; Ignore LCELL Buffers                                                       ; Auto         ; Auto          ;
; Ignore SOFT Buffers                                                        ; Off          ; Off           ;
; Limit AHDL Integers to 32 Bits                                             ; Off          ; Off           ;
; Optimization Technique                                                     ; Speed        ; Speed         ;
; Allow XOR Gate Usage                                                       ; On           ; On            ;
; Auto Logic Cell Insertion                                                  ; On           ; On            ;
; Parallel Expander Chain Length                                             ; 4            ; 4             ;
; Auto Parallel Expanders                                                    ; On           ; On            ;
; Auto Open-Drain Pins                                                       ; On           ; On            ;
; Auto Resource Sharing                                                      ; Off          ; Off           ;
; Maximum Fan-in Per Macrocell                                               ; 100          ; 100           ;
; Use LogicLock Constraints during Resource Balancing                        ; On           ; On            ;
; Ignore translate_off and synthesis_off directives                          ; Off          ; Off           ;
; Show Parameter Settings Tables in Synthesis Report                         ; On           ; On            ;
; HDL message level                                                          ; Level2       ; Level2        ;
; Suppress Register Optimization Related Messages                            ; Off          ; Off           ;
; Number of Removed Registers Reported in Synthesis Report                   ; 5000         ; 5000          ;
; Number of Inverted Registers Reported in Synthesis Report                  ; 100          ; 100           ;
; Block Design Naming                                                        ; Auto         ; Auto          ;
; Synthesis Effort                                                           ; Auto         ; Auto          ;
; Shift Register Replacement - Allow Asynchronous Clear Signal               ; On           ; On            ;
; Analysis & Synthesis Message Level                                         ; Medium       ; Medium        ;
; Disable Register Merging Across Hierarchies                                ; Auto         ; Auto          ;
+----------------------------------------------------------------------------+--------------+---------------+


Parallel compilation was disabled, but you have multiple processors available. Enable parallel compilation to reduce compilation time.
+-------------------------------------+
; Parallel Compilation                ;
+----------------------------+--------+
; Processors                 ; Number ;
+----------------------------+--------+
; Number detected on machine ; 2      ;
; Maximum allowed            ; 1      ;
+----------------------------+--------+


+--------------------------------------------------------------------------------------------------------------------------------------------------------------------+
; Analysis & Synthesis Source Files Read                                                                                                                             ;
+--------------------------------------------+-----------------+-----------------+-----------------------------------------------------------------------------------+
; File Name with User-Entered Path           ; Used in Netlist ; File Type       ; File Name with Absolute Path                                                      ;
+--------------------------------------------+-----------------+-----------------+-----------------------------------------------------------------------------------+
; ../DECODIFICADOR_3x8/DECODIFICADOR_3x8.vhd ; yes             ; User VHDL File  ; C:/Users/JaumMessias/Desktop/TRABALHO_CD2/DECODIFICADOR_3x8/DECODIFICADOR_3x8.vhd ;
; ../SUBTRATOR/SUBTRATOR.vhd                 ; yes             ; User VHDL File  ; C:/Users/JaumMessias/Desktop/TRABALHO_CD2/SUBTRATOR/SUBTRATOR.vhd                 ;
; ../SOMADOR/SOMADOR.vhd                     ; yes             ; User VHDL File  ; C:/Users/JaumMessias/Desktop/TRABALHO_CD2/SOMADOR/SOMADOR.vhd                     ;
; ULA.vhd                                    ; yes             ; User VHDL File  ; C:/Users/JaumMessias/Desktop/TRABALHO_CD2/ULA/ULA.vhd                             ;
+--------------------------------------------+-----------------+-----------------+-----------------------------------------------------------------------------------+


+---------------------------------------------+
; Analysis & Synthesis Resource Usage Summary ;
+----------------------+----------------------+
; Resource             ; Usage                ;
+----------------------+----------------------+
; Logic cells          ; 17                   ;
; Total registers      ; 0                    ;
; I/O pins             ; 20                   ;
; Shareable expanders  ; 1                    ;
; Parallel expanders   ; 1                    ;
; Maximum fan-out node ; SEL_ULA[1]           ;
; Maximum fan-out      ; 13                   ;
; Total fan-out        ; 80                   ;
; Average fan-out      ; 2.11                 ;
+----------------------+----------------------+


+-------------------------------------------------------------------------------------------+
; Analysis & Synthesis Resource Utilization by Entity                                       ;
+----------------------------+------------+------+---------------------------+--------------+
; Compilation Hierarchy Node ; Macrocells ; Pins ; Full Hierarchy Name       ; Library Name ;
+----------------------------+------------+------+---------------------------+--------------+
; |ULA                       ; 17         ; 20   ; |ULA                      ; work         ;
;    |DECODIFICADOR_3x8:P3|  ; 8          ; 0    ; |ULA|DECODIFICADOR_3x8:P3 ; work         ;
;    |SOMADOR:P1|            ; 3          ; 0    ; |ULA|SOMADOR:P1           ; work         ;
;    |SUBTRATOR:P2|          ; 2          ; 0    ; |ULA|SUBTRATOR:P2         ; work         ;
+----------------------------+------------+------+---------------------------+--------------+


+---------------------------------------------------------------------------------------------------+
; User-Specified and Inferred Latches                                                               ;
+----------------------------------------------------+---------------------+------------------------+
; Latch Name                                         ; Latch Enable Signal ; Free of Timing Hazards ;
+----------------------------------------------------+---------------------+------------------------+
; S$latch                                            ; S                   ; yes                    ;
; Cout$latch                                         ; Cout                ; yes                    ;
; Number of user-specified and inferred latches = 2  ;                     ;                        ;
+----------------------------------------------------+---------------------+------------------------+
Note: All latches listed above may not be present at the end of synthesis due to various synthesis optimizations.


+-------------------------------+
; Analysis & Synthesis Messages ;
+-------------------------------+
Info: *******************************************************************
Info: Running Quartus II Analysis & Synthesis
    Info: Version 9.1 Build 350 03/24/2010 Service Pack 2 SJ Web Edition
    Info: Processing started: Fri May 10 10:53:48 2013
Info: Command: quartus_map --read_settings_files=on --write_settings_files=off ULA -c ULA
Info: Found 2 design units, including 1 entities, in source file /users/jaummessias/desktop/trabalho_cd2/decodificador_3x8/decodificador_3x8.vhd
    Info: Found design unit 1: DECODIFICADOR_3x8-TEST_DECO_3x8
    Info: Found entity 1: DECODIFICADOR_3x8
Info: Found 2 design units, including 1 entities, in source file /users/jaummessias/desktop/trabalho_cd2/subtrator/subtrator.vhd
    Info: Found design unit 1: SUBTRATOR-TEST_SUBTRATOR
    Info: Found entity 1: SUBTRATOR
Info: Found 2 design units, including 1 entities, in source file /users/jaummessias/desktop/trabalho_cd2/somador/somador.vhd
    Info: Found design unit 1: SOMADOR-TEST_SOMADOR
    Info: Found entity 1: SOMADOR
Info: Found 2 design units, including 1 entities, in source file ula.vhd
    Info: Found design unit 1: ULA-TEST_ULA
    Info: Found entity 1: ULA
Info: Elaborating entity "ULA" for the top level hierarchy
Warning (10631): VHDL Process Statement warning at ULA.vhd(31): inferring latch(es) for signal or variable "S", which holds its previous value in one or more paths through the process
Warning (10631): VHDL Process Statement warning at ULA.vhd(31): inferring latch(es) for signal or variable "Cout", which holds its previous value in one or more paths through the process
Info (10041): Inferred latch for "Cout" at ULA.vhd(31)
Info (10041): Inferred latch for "S" at ULA.vhd(31)
Info: Elaborating entity "SOMADOR" for hierarchy "SOMADOR:P1"
Info: Elaborating entity "SUBTRATOR" for hierarchy "SUBTRATOR:P2"
Info (10041): Inferred latch for "S_Cout[0]" at SUBTRATOR.vhd(16)
Info (10041): Inferred latch for "S_Cout[1]" at SUBTRATOR.vhd(16)
Info: Elaborating entity "DECODIFICADOR_3x8" for hierarchy "DECODIFICADOR_3x8:P3"
Warning: LATCH primitive "S$latch" is permanently enabled
Info: Implemented 38 device resources after synthesis - the final resource count might be different
    Info: Implemented 6 input pins
    Info: Implemented 14 output pins
    Info: Implemented 17 macrocells
    Info: Implemented 1 shareable expanders
Info: Quartus II Analysis & Synthesis was successful. 0 errors, 3 warnings
    Info: Peak virtual memory: 207 megabytes
    Info: Processing ended: Fri May 10 10:53:51 2013
    Info: Elapsed time: 00:00:03
    Info: Total CPU time (on all processors): 00:00:03


