Simulator report for ULA
Wed May 15 01:00:51 2013
Quartus II Version 9.1 Build 350 03/24/2010 Service Pack 2 SJ Web Edition


---------------------
; Table of Contents ;
---------------------
  1. Legal Notice
  2. Simulator Summary
  3. Simulator Settings
  4. Simulation Waveforms
  5. Coverage Summary
  6. Complete 1/0-Value Coverage
  7. Missing 1-Value Coverage
  8. Missing 0-Value Coverage
  9. Simulator INI Usage
 10. Simulator Messages



----------------
; Legal Notice ;
----------------
Copyright (C) 1991-2010 Altera Corporation
Your use of Altera Corporation's design tools, logic functions 
and other software and tools, and its AMPP partner logic 
functions, and any output files from any of the foregoing 
(including device programming or simulation files), and any 
associated documentation or information are expressly subject 
to the terms and conditions of the Altera Program License 
Subscription Agreement, Altera MegaCore Function License 
Agreement, or other applicable license agreement, including, 
without limitation, that your use is for the sole purpose of 
programming logic devices manufactured by Altera and sold by 
Altera or its authorized distributors.  Please refer to the 
applicable agreement for further details.



+--------------------------------------------+
; Simulator Summary                          ;
+-----------------------------+--------------+
; Type                        ; Value        ;
+-----------------------------+--------------+
; Simulation Start Time       ; 0 ps         ;
; Simulation End Time         ; 320.0 ns     ;
; Simulation Netlist Size     ; 349 nodes    ;
; Simulation Coverage         ;      76.79 % ;
; Total Number of Transitions ; 4887         ;
; Simulation Breakpoints      ; 0            ;
; Family                      ; MAX7000S     ;
+-----------------------------+--------------+


+-------------------------------------------------------------------------------------------------------------------------+
; Simulator Settings                                                                                                      ;
+--------------------------------------------------------------------------------------------+------------+---------------+
; Option                                                                                     ; Setting    ; Default Value ;
+--------------------------------------------------------------------------------------------+------------+---------------+
; Simulation mode                                                                            ; Functional ; Timing        ;
; Start time                                                                                 ; 0 ns       ; 0 ns          ;
; Simulation results format                                                                  ; CVWF       ;               ;
; Add pins automatically to simulation output waveforms                                      ; On         ; On            ;
; Check outputs                                                                              ; Off        ; Off           ;
; Report simulation coverage                                                                 ; On         ; On            ;
; Display complete 1/0 value coverage report                                                 ; On         ; On            ;
; Display missing 1-value coverage report                                                    ; On         ; On            ;
; Display missing 0-value coverage report                                                    ; On         ; On            ;
; Detect setup and hold time violations                                                      ; Off        ; Off           ;
; Detect glitches                                                                            ; Off        ; Off           ;
; Disable timing delays in Timing Simulation                                                 ; Off        ; Off           ;
; Generate Signal Activity File                                                              ; Off        ; Off           ;
; Generate VCD File for PowerPlay Power Analyzer                                             ; Off        ; Off           ;
; Group bus channels in simulation results                                                   ; Off        ; Off           ;
; Preserve fewer signal transitions to reduce memory requirements                            ; On         ; On            ;
; Trigger vector comparison with the specified mode                                          ; INPUT_EDGE ; INPUT_EDGE    ;
; Disable setup and hold time violations detection in input registers of bi-directional pins ; Off        ; Off           ;
; Overwrite Waveform Inputs With Simulation Outputs                                          ; Off        ;               ;
; Perform Glitch Filtering in Timing Simulation                                              ; Auto       ; Auto          ;
+--------------------------------------------------------------------------------------------+------------+---------------+


+----------------------+
; Simulation Waveforms ;
+----------------------+
Waveform report data cannot be output to ASCII.
Please use Quartus II to view the waveform report data.


+--------------------------------------------------------------------+
; Coverage Summary                                                   ;
+-----------------------------------------------------+--------------+
; Type                                                ; Value        ;
+-----------------------------------------------------+--------------+
; Total coverage as a percentage                      ;      76.79 % ;
; Total nodes checked                                 ; 349          ;
; Total output ports checked                          ; 349          ;
; Total output ports with complete 1/0-value coverage ; 268          ;
; Total output ports with no 1/0-value coverage       ; 81           ;
; Total output ports with no 1-value coverage         ; 81           ;
; Total output ports with no 0-value coverage         ; 81           ;
+-----------------------------------------------------+--------------+


The following table displays output ports that toggle between 1 and 0 during simulation.
+----------------------------------------------------------------------------------------------------------------------------------------------------------------------------------------+
; Complete 1/0-Value Coverage                                                                                                                                                            ;
+----------------------------------------------------------------------------------+----------------------------------------------------------------------------------+------------------+
; Node Name                                                                        ; Output Port Name                                                                 ; Output Port Type ;
+----------------------------------------------------------------------------------+----------------------------------------------------------------------------------+------------------+
; |ULA|A_B_Cin[0]                                                                  ; |ULA|A_B_Cin[0]                                                                  ; out              ;
; |ULA|A_B_Cin[1]                                                                  ; |ULA|A_B_Cin[1]                                                                  ; out              ;
; |ULA|A_B_Cin[2]                                                                  ; |ULA|A_B_Cin[2]                                                                  ; out              ;
; |ULA|SEL_ULA[0]                                                                  ; |ULA|SEL_ULA[0]                                                                  ; out              ;
; |ULA|SEL_ULA[1]                                                                  ; |ULA|SEL_ULA[1]                                                                  ; out              ;
; |ULA|SEL_ULA[2]                                                                  ; |ULA|SEL_ULA[2]                                                                  ; out              ;
; |ULA|S                                                                           ; |ULA|S                                                                           ; pin_out          ;
; |ULA|Cout                                                                        ; |ULA|Cout                                                                        ; pin_out          ;
; |ULA|SELECAO_SAIDA:P5|S~0                                                        ; |ULA|SELECAO_SAIDA:P5|S~0                                                        ; out0             ;
; |ULA|SELECAO_SAIDA:P5|S                                                          ; |ULA|SELECAO_SAIDA:P5|S                                                          ; out0             ;
; |ULA|SELECAO_SAIDA:P5|Cout                                                       ; |ULA|SELECAO_SAIDA:P5|Cout                                                       ; out0             ;
; |ULA|PORTAS_LOGICAS:P4|S~0                                                       ; |ULA|PORTAS_LOGICAS:P4|S~0                                                       ; out0             ;
; |ULA|PORTAS_LOGICAS:P4|S~1                                                       ; |ULA|PORTAS_LOGICAS:P4|S~1                                                       ; out0             ;
; |ULA|PORTAS_LOGICAS:P4|S~2                                                       ; |ULA|PORTAS_LOGICAS:P4|S~2                                                       ; out0             ;
; |ULA|PORTAS_LOGICAS:P4|S~3                                                       ; |ULA|PORTAS_LOGICAS:P4|S~3                                                       ; out0             ;
; |ULA|PORTAS_LOGICAS:P4|S~4                                                       ; |ULA|PORTAS_LOGICAS:P4|S~4                                                       ; out0             ;
; |ULA|PORTAS_LOGICAS:P4|S~5                                                       ; |ULA|PORTAS_LOGICAS:P4|S~5                                                       ; out0             ;
; |ULA|PORTAS_LOGICAS:P4|S~6                                                       ; |ULA|PORTAS_LOGICAS:P4|S~6                                                       ; out              ;
; |ULA|PORTAS_LOGICAS:P4|S~7                                                       ; |ULA|PORTAS_LOGICAS:P4|S~7                                                       ; out              ;
; |ULA|PORTAS_LOGICAS:P4|S~8                                                       ; |ULA|PORTAS_LOGICAS:P4|S~8                                                       ; out              ;
; |ULA|PORTAS_LOGICAS:P4|S~9                                                       ; |ULA|PORTAS_LOGICAS:P4|S~9                                                       ; out              ;
; |ULA|PORTAS_LOGICAS:P4|S~10                                                      ; |ULA|PORTAS_LOGICAS:P4|S~10                                                      ; out              ;
; |ULA|PORTAS_LOGICAS:P4|S                                                         ; |ULA|PORTAS_LOGICAS:P4|S                                                         ; out              ;
; |ULA|SUBTRATOR:P3|comb~1                                                         ; |ULA|SUBTRATOR:P3|comb~1                                                         ; out0             ;
; |ULA|SUBTRATOR:P3|S~1                                                            ; |ULA|SUBTRATOR:P3|S~1                                                            ; out              ;
; |ULA|SUBTRATOR:P3|comb~2                                                         ; |ULA|SUBTRATOR:P3|comb~2                                                         ; out0             ;
; |ULA|SUBTRATOR:P3|S~2                                                            ; |ULA|SUBTRATOR:P3|S~2                                                            ; out0             ;
; |ULA|SUBTRATOR:P3|S~3                                                            ; |ULA|SUBTRATOR:P3|S~3                                                            ; out              ;
; |ULA|SUBTRATOR:P3|S~4                                                            ; |ULA|SUBTRATOR:P3|S~4                                                            ; out0             ;
; |ULA|SUBTRATOR:P3|S~5                                                            ; |ULA|SUBTRATOR:P3|S~5                                                            ; out              ;
; |ULA|SUBTRATOR:P3|comb~4                                                         ; |ULA|SUBTRATOR:P3|comb~4                                                         ; out0             ;
; |ULA|SUBTRATOR:P3|S                                                              ; |ULA|SUBTRATOR:P3|S                                                              ; out              ;
; |ULA|SUBTRATOR:P3|Cout~0                                                         ; |ULA|SUBTRATOR:P3|Cout~0                                                         ; out              ;
; |ULA|SUBTRATOR:P3|comb~6                                                         ; |ULA|SUBTRATOR:P3|comb~6                                                         ; out0             ;
; |ULA|SUBTRATOR:P3|Cout                                                           ; |ULA|SUBTRATOR:P3|Cout                                                           ; out              ;
; |ULA|SUBTRATOR:P3|Cout~1                                                         ; |ULA|SUBTRATOR:P3|Cout~1                                                         ; out              ;
; |ULA|SUBTRATOR:P3|Cout~2                                                         ; |ULA|SUBTRATOR:P3|Cout~2                                                         ; out              ;
; |ULA|SUBTRATOR:P3|S~6                                                            ; |ULA|SUBTRATOR:P3|S~6                                                            ; out0             ;
; |ULA|SUBTRATOR:P3|Cout~3                                                         ; |ULA|SUBTRATOR:P3|Cout~3                                                         ; out              ;
; |ULA|SUBTRATOR:P3|Cout~4                                                         ; |ULA|SUBTRATOR:P3|Cout~4                                                         ; out              ;
; |ULA|SUBTRATOR:P3|S~7                                                            ; |ULA|SUBTRATOR:P3|S~7                                                            ; out0             ;
; |ULA|SUBTRATOR:P3|S~8                                                            ; |ULA|SUBTRATOR:P3|S~8                                                            ; out              ;
; |ULA|SUBTRATOR:P3|S~9                                                            ; |ULA|SUBTRATOR:P3|S~9                                                            ; out0             ;
; |ULA|SUBTRATOR:P3|S~10                                                           ; |ULA|SUBTRATOR:P3|S~10                                                           ; out              ;
; |ULA|SUBTRATOR:P3|S~11                                                           ; |ULA|SUBTRATOR:P3|S~11                                                           ; out0             ;
; |ULA|SUBTRATOR:P3|S~12                                                           ; |ULA|SUBTRATOR:P3|S~12                                                           ; out              ;
; |ULA|SUBTRATOR:P3|S~13                                                           ; |ULA|SUBTRATOR:P3|S~13                                                           ; out0             ;
; |ULA|SUBTRATOR:P3|S_SUB                                                          ; |ULA|SUBTRATOR:P3|S_SUB                                                          ; out0             ;
; |ULA|SUBTRATOR:P3|Cout_SUB                                                       ; |ULA|SUBTRATOR:P3|Cout_SUB                                                       ; out0             ;
; |ULA|SOMADOR:P2|S_SOM                                                            ; |ULA|SOMADOR:P2|S_SOM                                                            ; out0             ;
; |ULA|SOMADOR:P2|Cout_SOM                                                         ; |ULA|SOMADOR:P2|Cout_SOM                                                         ; out0             ;
; |ULA|SUBTRATOR:P3|Equal0~0                                                       ; |ULA|SUBTRATOR:P3|Equal0~0                                                       ; out0             ;
; |ULA|SUBTRATOR:P3|Equal1~0                                                       ; |ULA|SUBTRATOR:P3|Equal1~0                                                       ; out0             ;
; |ULA|SUBTRATOR:P3|Equal2~0                                                       ; |ULA|SUBTRATOR:P3|Equal2~0                                                       ; out0             ;
; |ULA|SUBTRATOR:P3|Equal3~0                                                       ; |ULA|SUBTRATOR:P3|Equal3~0                                                       ; out0             ;
; |ULA|SUBTRATOR:P3|Equal4~0                                                       ; |ULA|SUBTRATOR:P3|Equal4~0                                                       ; out0             ;
; |ULA|SUBTRATOR:P3|Equal5~0                                                       ; |ULA|SUBTRATOR:P3|Equal5~0                                                       ; out0             ;
; |ULA|SUBTRATOR:P3|Equal6~0                                                       ; |ULA|SUBTRATOR:P3|Equal6~0                                                       ; out0             ;
; |ULA|SUBTRATOR:P3|Equal7~0                                                       ; |ULA|SUBTRATOR:P3|Equal7~0                                                       ; out0             ;
; |ULA|DECODIFICADOR_3x8:P1|lpm_mux:Mux7|sel_node[2]                               ; |ULA|DECODIFICADOR_3x8:P1|lpm_mux:Mux7|sel_node[2]                               ; out0             ;
; |ULA|DECODIFICADOR_3x8:P1|lpm_mux:Mux7|muxlut:$00010|muxlut:$00016|_~0           ; |ULA|DECODIFICADOR_3x8:P1|lpm_mux:Mux7|muxlut:$00010|muxlut:$00016|_~0           ; out0             ;
; |ULA|DECODIFICADOR_3x8:P1|lpm_mux:Mux7|muxlut:$00010|muxlut:$00016|result_node~0 ; |ULA|DECODIFICADOR_3x8:P1|lpm_mux:Mux7|muxlut:$00010|muxlut:$00016|result_node~0 ; out0             ;
; |ULA|DECODIFICADOR_3x8:P1|lpm_mux:Mux7|muxlut:$00010|muxlut:$00016|result_node   ; |ULA|DECODIFICADOR_3x8:P1|lpm_mux:Mux7|muxlut:$00010|muxlut:$00016|result_node   ; out0             ;
; |ULA|DECODIFICADOR_3x8:P1|lpm_mux:Mux7|muxlut:$00010|muxlut:$00014|_~0           ; |ULA|DECODIFICADOR_3x8:P1|lpm_mux:Mux7|muxlut:$00010|muxlut:$00014|_~0           ; out0             ;
; |ULA|DECODIFICADOR_3x8:P1|lpm_mux:Mux7|muxlut:$00010|muxlut:$00014|_~2           ; |ULA|DECODIFICADOR_3x8:P1|lpm_mux:Mux7|muxlut:$00010|muxlut:$00014|_~2           ; out0             ;
; |ULA|DECODIFICADOR_3x8:P1|lpm_mux:Mux7|muxlut:$00010|muxlut:$00014|_~3           ; |ULA|DECODIFICADOR_3x8:P1|lpm_mux:Mux7|muxlut:$00010|muxlut:$00014|_~3           ; out0             ;
; |ULA|DECODIFICADOR_3x8:P1|lpm_mux:Mux7|muxlut:$00010|muxlut:$00014|result_node~0 ; |ULA|DECODIFICADOR_3x8:P1|lpm_mux:Mux7|muxlut:$00010|muxlut:$00014|result_node~0 ; out0             ;
; |ULA|DECODIFICADOR_3x8:P1|lpm_mux:Mux7|muxlut:$00010|muxlut:$00014|_~6           ; |ULA|DECODIFICADOR_3x8:P1|lpm_mux:Mux7|muxlut:$00010|muxlut:$00014|_~6           ; out0             ;
; |ULA|DECODIFICADOR_3x8:P1|lpm_mux:Mux7|muxlut:$00010|muxlut:$00014|_~7           ; |ULA|DECODIFICADOR_3x8:P1|lpm_mux:Mux7|muxlut:$00010|muxlut:$00014|_~7           ; out0             ;
; |ULA|DECODIFICADOR_3x8:P1|lpm_mux:Mux7|muxlut:$00010|muxlut:$00014|result_node~1 ; |ULA|DECODIFICADOR_3x8:P1|lpm_mux:Mux7|muxlut:$00010|muxlut:$00014|result_node~1 ; out0             ;
; |ULA|DECODIFICADOR_3x8:P1|lpm_mux:Mux7|muxlut:$00010|muxlut:$00012|_~0           ; |ULA|DECODIFICADOR_3x8:P1|lpm_mux:Mux7|muxlut:$00010|muxlut:$00012|_~0           ; out0             ;
; |ULA|DECODIFICADOR_3x8:P1|lpm_mux:Mux7|muxlut:$00010|muxlut:$00012|_~2           ; |ULA|DECODIFICADOR_3x8:P1|lpm_mux:Mux7|muxlut:$00010|muxlut:$00012|_~2           ; out0             ;
; |ULA|DECODIFICADOR_3x8:P1|lpm_mux:Mux7|muxlut:$00010|muxlut:$00012|_~3           ; |ULA|DECODIFICADOR_3x8:P1|lpm_mux:Mux7|muxlut:$00010|muxlut:$00012|_~3           ; out0             ;
; |ULA|DECODIFICADOR_3x8:P1|lpm_mux:Mux7|muxlut:$00010|muxlut:$00012|result_node~0 ; |ULA|DECODIFICADOR_3x8:P1|lpm_mux:Mux7|muxlut:$00010|muxlut:$00012|result_node~0 ; out0             ;
; |ULA|DECODIFICADOR_3x8:P1|lpm_mux:Mux7|muxlut:$00010|muxlut:$00012|_~6           ; |ULA|DECODIFICADOR_3x8:P1|lpm_mux:Mux7|muxlut:$00010|muxlut:$00012|_~6           ; out0             ;
; |ULA|DECODIFICADOR_3x8:P1|lpm_mux:Mux7|muxlut:$00010|muxlut:$00012|_~7           ; |ULA|DECODIFICADOR_3x8:P1|lpm_mux:Mux7|muxlut:$00010|muxlut:$00012|_~7           ; out0             ;
; |ULA|DECODIFICADOR_3x8:P1|lpm_mux:Mux7|muxlut:$00010|muxlut:$00012|_~8           ; |ULA|DECODIFICADOR_3x8:P1|lpm_mux:Mux7|muxlut:$00010|muxlut:$00012|_~8           ; out0             ;
; |ULA|DECODIFICADOR_3x8:P1|lpm_mux:Mux7|muxlut:$00010|muxlut:$00012|result_node~1 ; |ULA|DECODIFICADOR_3x8:P1|lpm_mux:Mux7|muxlut:$00010|muxlut:$00012|result_node~1 ; out0             ;
; |ULA|DECODIFICADOR_3x8:P1|lpm_mux:Mux7|muxlut:$00010|muxlut:$00012|result_node   ; |ULA|DECODIFICADOR_3x8:P1|lpm_mux:Mux7|muxlut:$00010|muxlut:$00012|result_node   ; out0             ;
; |ULA|DECODIFICADOR_3x8:P1|lpm_mux:Mux6|sel_node[2]                               ; |ULA|DECODIFICADOR_3x8:P1|lpm_mux:Mux6|sel_node[2]                               ; out0             ;
; |ULA|DECODIFICADOR_3x8:P1|lpm_mux:Mux6|muxlut:$00010|muxlut:$00016|_~0           ; |ULA|DECODIFICADOR_3x8:P1|lpm_mux:Mux6|muxlut:$00010|muxlut:$00016|_~0           ; out0             ;
; |ULA|DECODIFICADOR_3x8:P1|lpm_mux:Mux6|muxlut:$00010|muxlut:$00016|result_node~0 ; |ULA|DECODIFICADOR_3x8:P1|lpm_mux:Mux6|muxlut:$00010|muxlut:$00016|result_node~0 ; out0             ;
; |ULA|DECODIFICADOR_3x8:P1|lpm_mux:Mux6|muxlut:$00010|muxlut:$00016|result_node   ; |ULA|DECODIFICADOR_3x8:P1|lpm_mux:Mux6|muxlut:$00010|muxlut:$00016|result_node   ; out0             ;
; |ULA|DECODIFICADOR_3x8:P1|lpm_mux:Mux6|muxlut:$00010|muxlut:$00014|_~0           ; |ULA|DECODIFICADOR_3x8:P1|lpm_mux:Mux6|muxlut:$00010|muxlut:$00014|_~0           ; out0             ;
; |ULA|DECODIFICADOR_3x8:P1|lpm_mux:Mux6|muxlut:$00010|muxlut:$00014|_~2           ; |ULA|DECODIFICADOR_3x8:P1|lpm_mux:Mux6|muxlut:$00010|muxlut:$00014|_~2           ; out0             ;
; |ULA|DECODIFICADOR_3x8:P1|lpm_mux:Mux6|muxlut:$00010|muxlut:$00014|_~3           ; |ULA|DECODIFICADOR_3x8:P1|lpm_mux:Mux6|muxlut:$00010|muxlut:$00014|_~3           ; out0             ;
; |ULA|DECODIFICADOR_3x8:P1|lpm_mux:Mux6|muxlut:$00010|muxlut:$00014|result_node~0 ; |ULA|DECODIFICADOR_3x8:P1|lpm_mux:Mux6|muxlut:$00010|muxlut:$00014|result_node~0 ; out0             ;
; |ULA|DECODIFICADOR_3x8:P1|lpm_mux:Mux6|muxlut:$00010|muxlut:$00014|_~6           ; |ULA|DECODIFICADOR_3x8:P1|lpm_mux:Mux6|muxlut:$00010|muxlut:$00014|_~6           ; out0             ;
; |ULA|DECODIFICADOR_3x8:P1|lpm_mux:Mux6|muxlut:$00010|muxlut:$00014|_~7           ; |ULA|DECODIFICADOR_3x8:P1|lpm_mux:Mux6|muxlut:$00010|muxlut:$00014|_~7           ; out0             ;
; |ULA|DECODIFICADOR_3x8:P1|lpm_mux:Mux6|muxlut:$00010|muxlut:$00014|result_node~1 ; |ULA|DECODIFICADOR_3x8:P1|lpm_mux:Mux6|muxlut:$00010|muxlut:$00014|result_node~1 ; out0             ;
; |ULA|DECODIFICADOR_3x8:P1|lpm_mux:Mux6|muxlut:$00010|muxlut:$00012|_~0           ; |ULA|DECODIFICADOR_3x8:P1|lpm_mux:Mux6|muxlut:$00010|muxlut:$00012|_~0           ; out0             ;
; |ULA|DECODIFICADOR_3x8:P1|lpm_mux:Mux6|muxlut:$00010|muxlut:$00012|_~2           ; |ULA|DECODIFICADOR_3x8:P1|lpm_mux:Mux6|muxlut:$00010|muxlut:$00012|_~2           ; out0             ;
; |ULA|DECODIFICADOR_3x8:P1|lpm_mux:Mux6|muxlut:$00010|muxlut:$00012|_~3           ; |ULA|DECODIFICADOR_3x8:P1|lpm_mux:Mux6|muxlut:$00010|muxlut:$00012|_~3           ; out0             ;
; |ULA|DECODIFICADOR_3x8:P1|lpm_mux:Mux6|muxlut:$00010|muxlut:$00012|result_node~0 ; |ULA|DECODIFICADOR_3x8:P1|lpm_mux:Mux6|muxlut:$00010|muxlut:$00012|result_node~0 ; out0             ;
; |ULA|DECODIFICADOR_3x8:P1|lpm_mux:Mux6|muxlut:$00010|muxlut:$00012|_~5           ; |ULA|DECODIFICADOR_3x8:P1|lpm_mux:Mux6|muxlut:$00010|muxlut:$00012|_~5           ; out0             ;
; |ULA|DECODIFICADOR_3x8:P1|lpm_mux:Mux6|muxlut:$00010|muxlut:$00012|_~6           ; |ULA|DECODIFICADOR_3x8:P1|lpm_mux:Mux6|muxlut:$00010|muxlut:$00012|_~6           ; out0             ;
; |ULA|DECODIFICADOR_3x8:P1|lpm_mux:Mux6|muxlut:$00010|muxlut:$00012|_~7           ; |ULA|DECODIFICADOR_3x8:P1|lpm_mux:Mux6|muxlut:$00010|muxlut:$00012|_~7           ; out0             ;
; |ULA|DECODIFICADOR_3x8:P1|lpm_mux:Mux6|muxlut:$00010|muxlut:$00012|result_node~1 ; |ULA|DECODIFICADOR_3x8:P1|lpm_mux:Mux6|muxlut:$00010|muxlut:$00012|result_node~1 ; out0             ;
; |ULA|DECODIFICADOR_3x8:P1|lpm_mux:Mux6|muxlut:$00010|muxlut:$00012|result_node   ; |ULA|DECODIFICADOR_3x8:P1|lpm_mux:Mux6|muxlut:$00010|muxlut:$00012|result_node   ; out0             ;
; |ULA|DECODIFICADOR_3x8:P1|lpm_mux:Mux5|sel_node[2]                               ; |ULA|DECODIFICADOR_3x8:P1|lpm_mux:Mux5|sel_node[2]                               ; out0             ;
; |ULA|DECODIFICADOR_3x8:P1|lpm_mux:Mux5|muxlut:$00010|muxlut:$00016|_~0           ; |ULA|DECODIFICADOR_3x8:P1|lpm_mux:Mux5|muxlut:$00010|muxlut:$00016|_~0           ; out0             ;
; |ULA|DECODIFICADOR_3x8:P1|lpm_mux:Mux5|muxlut:$00010|muxlut:$00016|result_node~0 ; |ULA|DECODIFICADOR_3x8:P1|lpm_mux:Mux5|muxlut:$00010|muxlut:$00016|result_node~0 ; out0             ;
; |ULA|DECODIFICADOR_3x8:P1|lpm_mux:Mux5|muxlut:$00010|muxlut:$00016|result_node   ; |ULA|DECODIFICADOR_3x8:P1|lpm_mux:Mux5|muxlut:$00010|muxlut:$00016|result_node   ; out0             ;
; |ULA|DECODIFICADOR_3x8:P1|lpm_mux:Mux5|muxlut:$00010|muxlut:$00014|_~0           ; |ULA|DECODIFICADOR_3x8:P1|lpm_mux:Mux5|muxlut:$00010|muxlut:$00014|_~0           ; out0             ;
; |ULA|DECODIFICADOR_3x8:P1|lpm_mux:Mux5|muxlut:$00010|muxlut:$00014|_~2           ; |ULA|DECODIFICADOR_3x8:P1|lpm_mux:Mux5|muxlut:$00010|muxlut:$00014|_~2           ; out0             ;
; |ULA|DECODIFICADOR_3x8:P1|lpm_mux:Mux5|muxlut:$00010|muxlut:$00014|_~3           ; |ULA|DECODIFICADOR_3x8:P1|lpm_mux:Mux5|muxlut:$00010|muxlut:$00014|_~3           ; out0             ;
; |ULA|DECODIFICADOR_3x8:P1|lpm_mux:Mux5|muxlut:$00010|muxlut:$00014|result_node~0 ; |ULA|DECODIFICADOR_3x8:P1|lpm_mux:Mux5|muxlut:$00010|muxlut:$00014|result_node~0 ; out0             ;
; |ULA|DECODIFICADOR_3x8:P1|lpm_mux:Mux5|muxlut:$00010|muxlut:$00014|_~6           ; |ULA|DECODIFICADOR_3x8:P1|lpm_mux:Mux5|muxlut:$00010|muxlut:$00014|_~6           ; out0             ;
; |ULA|DECODIFICADOR_3x8:P1|lpm_mux:Mux5|muxlut:$00010|muxlut:$00014|_~7           ; |ULA|DECODIFICADOR_3x8:P1|lpm_mux:Mux5|muxlut:$00010|muxlut:$00014|_~7           ; out0             ;
; |ULA|DECODIFICADOR_3x8:P1|lpm_mux:Mux5|muxlut:$00010|muxlut:$00014|result_node~1 ; |ULA|DECODIFICADOR_3x8:P1|lpm_mux:Mux5|muxlut:$00010|muxlut:$00014|result_node~1 ; out0             ;
; |ULA|DECODIFICADOR_3x8:P1|lpm_mux:Mux5|muxlut:$00010|muxlut:$00012|_~0           ; |ULA|DECODIFICADOR_3x8:P1|lpm_mux:Mux5|muxlut:$00010|muxlut:$00012|_~0           ; out0             ;
; |ULA|DECODIFICADOR_3x8:P1|lpm_mux:Mux5|muxlut:$00010|muxlut:$00012|_~2           ; |ULA|DECODIFICADOR_3x8:P1|lpm_mux:Mux5|muxlut:$00010|muxlut:$00012|_~2           ; out0             ;
; |ULA|DECODIFICADOR_3x8:P1|lpm_mux:Mux5|muxlut:$00010|muxlut:$00012|_~3           ; |ULA|DECODIFICADOR_3x8:P1|lpm_mux:Mux5|muxlut:$00010|muxlut:$00012|_~3           ; out0             ;
; |ULA|DECODIFICADOR_3x8:P1|lpm_mux:Mux5|muxlut:$00010|muxlut:$00012|_~4           ; |ULA|DECODIFICADOR_3x8:P1|lpm_mux:Mux5|muxlut:$00010|muxlut:$00012|_~4           ; out0             ;
; |ULA|DECODIFICADOR_3x8:P1|lpm_mux:Mux5|muxlut:$00010|muxlut:$00012|result_node~0 ; |ULA|DECODIFICADOR_3x8:P1|lpm_mux:Mux5|muxlut:$00010|muxlut:$00012|result_node~0 ; out0             ;
; |ULA|DECODIFICADOR_3x8:P1|lpm_mux:Mux5|muxlut:$00010|muxlut:$00012|_~6           ; |ULA|DECODIFICADOR_3x8:P1|lpm_mux:Mux5|muxlut:$00010|muxlut:$00012|_~6           ; out0             ;
; |ULA|DECODIFICADOR_3x8:P1|lpm_mux:Mux5|muxlut:$00010|muxlut:$00012|_~7           ; |ULA|DECODIFICADOR_3x8:P1|lpm_mux:Mux5|muxlut:$00010|muxlut:$00012|_~7           ; out0             ;
; |ULA|DECODIFICADOR_3x8:P1|lpm_mux:Mux5|muxlut:$00010|muxlut:$00012|result_node~1 ; |ULA|DECODIFICADOR_3x8:P1|lpm_mux:Mux5|muxlut:$00010|muxlut:$00012|result_node~1 ; out0             ;
; |ULA|DECODIFICADOR_3x8:P1|lpm_mux:Mux5|muxlut:$00010|muxlut:$00012|result_node   ; |ULA|DECODIFICADOR_3x8:P1|lpm_mux:Mux5|muxlut:$00010|muxlut:$00012|result_node   ; out0             ;
; |ULA|DECODIFICADOR_3x8:P1|lpm_mux:Mux4|sel_node[2]                               ; |ULA|DECODIFICADOR_3x8:P1|lpm_mux:Mux4|sel_node[2]                               ; out0             ;
; |ULA|DECODIFICADOR_3x8:P1|lpm_mux:Mux4|muxlut:$00010|muxlut:$00016|_~0           ; |ULA|DECODIFICADOR_3x8:P1|lpm_mux:Mux4|muxlut:$00010|muxlut:$00016|_~0           ; out0             ;
; |ULA|DECODIFICADOR_3x8:P1|lpm_mux:Mux4|muxlut:$00010|muxlut:$00016|result_node~0 ; |ULA|DECODIFICADOR_3x8:P1|lpm_mux:Mux4|muxlut:$00010|muxlut:$00016|result_node~0 ; out0             ;
; |ULA|DECODIFICADOR_3x8:P1|lpm_mux:Mux4|muxlut:$00010|muxlut:$00016|result_node   ; |ULA|DECODIFICADOR_3x8:P1|lpm_mux:Mux4|muxlut:$00010|muxlut:$00016|result_node   ; out0             ;
; |ULA|DECODIFICADOR_3x8:P1|lpm_mux:Mux4|muxlut:$00010|muxlut:$00014|_~0           ; |ULA|DECODIFICADOR_3x8:P1|lpm_mux:Mux4|muxlut:$00010|muxlut:$00014|_~0           ; out0             ;
; |ULA|DECODIFICADOR_3x8:P1|lpm_mux:Mux4|muxlut:$00010|muxlut:$00014|_~2           ; |ULA|DECODIFICADOR_3x8:P1|lpm_mux:Mux4|muxlut:$00010|muxlut:$00014|_~2           ; out0             ;
; |ULA|DECODIFICADOR_3x8:P1|lpm_mux:Mux4|muxlut:$00010|muxlut:$00014|_~3           ; |ULA|DECODIFICADOR_3x8:P1|lpm_mux:Mux4|muxlut:$00010|muxlut:$00014|_~3           ; out0             ;
; |ULA|DECODIFICADOR_3x8:P1|lpm_mux:Mux4|muxlut:$00010|muxlut:$00014|result_node~0 ; |ULA|DECODIFICADOR_3x8:P1|lpm_mux:Mux4|muxlut:$00010|muxlut:$00014|result_node~0 ; out0             ;
; |ULA|DECODIFICADOR_3x8:P1|lpm_mux:Mux4|muxlut:$00010|muxlut:$00014|_~6           ; |ULA|DECODIFICADOR_3x8:P1|lpm_mux:Mux4|muxlut:$00010|muxlut:$00014|_~6           ; out0             ;
; |ULA|DECODIFICADOR_3x8:P1|lpm_mux:Mux4|muxlut:$00010|muxlut:$00014|_~7           ; |ULA|DECODIFICADOR_3x8:P1|lpm_mux:Mux4|muxlut:$00010|muxlut:$00014|_~7           ; out0             ;
; |ULA|DECODIFICADOR_3x8:P1|lpm_mux:Mux4|muxlut:$00010|muxlut:$00014|result_node~1 ; |ULA|DECODIFICADOR_3x8:P1|lpm_mux:Mux4|muxlut:$00010|muxlut:$00014|result_node~1 ; out0             ;
; |ULA|DECODIFICADOR_3x8:P1|lpm_mux:Mux4|muxlut:$00010|muxlut:$00012|_~0           ; |ULA|DECODIFICADOR_3x8:P1|lpm_mux:Mux4|muxlut:$00010|muxlut:$00012|_~0           ; out0             ;
; |ULA|DECODIFICADOR_3x8:P1|lpm_mux:Mux4|muxlut:$00010|muxlut:$00012|_~1           ; |ULA|DECODIFICADOR_3x8:P1|lpm_mux:Mux4|muxlut:$00010|muxlut:$00012|_~1           ; out0             ;
; |ULA|DECODIFICADOR_3x8:P1|lpm_mux:Mux4|muxlut:$00010|muxlut:$00012|_~2           ; |ULA|DECODIFICADOR_3x8:P1|lpm_mux:Mux4|muxlut:$00010|muxlut:$00012|_~2           ; out0             ;
; |ULA|DECODIFICADOR_3x8:P1|lpm_mux:Mux4|muxlut:$00010|muxlut:$00012|_~3           ; |ULA|DECODIFICADOR_3x8:P1|lpm_mux:Mux4|muxlut:$00010|muxlut:$00012|_~3           ; out0             ;
; |ULA|DECODIFICADOR_3x8:P1|lpm_mux:Mux4|muxlut:$00010|muxlut:$00012|result_node~0 ; |ULA|DECODIFICADOR_3x8:P1|lpm_mux:Mux4|muxlut:$00010|muxlut:$00012|result_node~0 ; out0             ;
; |ULA|DECODIFICADOR_3x8:P1|lpm_mux:Mux4|muxlut:$00010|muxlut:$00012|_~6           ; |ULA|DECODIFICADOR_3x8:P1|lpm_mux:Mux4|muxlut:$00010|muxlut:$00012|_~6           ; out0             ;
; |ULA|DECODIFICADOR_3x8:P1|lpm_mux:Mux4|muxlut:$00010|muxlut:$00012|_~7           ; |ULA|DECODIFICADOR_3x8:P1|lpm_mux:Mux4|muxlut:$00010|muxlut:$00012|_~7           ; out0             ;
; |ULA|DECODIFICADOR_3x8:P1|lpm_mux:Mux4|muxlut:$00010|muxlut:$00012|result_node~1 ; |ULA|DECODIFICADOR_3x8:P1|lpm_mux:Mux4|muxlut:$00010|muxlut:$00012|result_node~1 ; out0             ;
; |ULA|DECODIFICADOR_3x8:P1|lpm_mux:Mux4|muxlut:$00010|muxlut:$00012|result_node   ; |ULA|DECODIFICADOR_3x8:P1|lpm_mux:Mux4|muxlut:$00010|muxlut:$00012|result_node   ; out0             ;
; |ULA|DECODIFICADOR_3x8:P1|lpm_mux:Mux3|sel_node[2]                               ; |ULA|DECODIFICADOR_3x8:P1|lpm_mux:Mux3|sel_node[2]                               ; out0             ;
; |ULA|DECODIFICADOR_3x8:P1|lpm_mux:Mux3|muxlut:$00010|muxlut:$00016|_~0           ; |ULA|DECODIFICADOR_3x8:P1|lpm_mux:Mux3|muxlut:$00010|muxlut:$00016|_~0           ; out0             ;
; |ULA|DECODIFICADOR_3x8:P1|lpm_mux:Mux3|muxlut:$00010|muxlut:$00016|result_node~1 ; |ULA|DECODIFICADOR_3x8:P1|lpm_mux:Mux3|muxlut:$00010|muxlut:$00016|result_node~1 ; out0             ;
; |ULA|DECODIFICADOR_3x8:P1|lpm_mux:Mux3|muxlut:$00010|muxlut:$00016|result_node   ; |ULA|DECODIFICADOR_3x8:P1|lpm_mux:Mux3|muxlut:$00010|muxlut:$00016|result_node   ; out0             ;
; |ULA|DECODIFICADOR_3x8:P1|lpm_mux:Mux3|muxlut:$00010|muxlut:$00014|_~0           ; |ULA|DECODIFICADOR_3x8:P1|lpm_mux:Mux3|muxlut:$00010|muxlut:$00014|_~0           ; out0             ;
; |ULA|DECODIFICADOR_3x8:P1|lpm_mux:Mux3|muxlut:$00010|muxlut:$00014|_~2           ; |ULA|DECODIFICADOR_3x8:P1|lpm_mux:Mux3|muxlut:$00010|muxlut:$00014|_~2           ; out0             ;
; |ULA|DECODIFICADOR_3x8:P1|lpm_mux:Mux3|muxlut:$00010|muxlut:$00014|_~3           ; |ULA|DECODIFICADOR_3x8:P1|lpm_mux:Mux3|muxlut:$00010|muxlut:$00014|_~3           ; out0             ;
; |ULA|DECODIFICADOR_3x8:P1|lpm_mux:Mux3|muxlut:$00010|muxlut:$00014|result_node~0 ; |ULA|DECODIFICADOR_3x8:P1|lpm_mux:Mux3|muxlut:$00010|muxlut:$00014|result_node~0 ; out0             ;
; |ULA|DECODIFICADOR_3x8:P1|lpm_mux:Mux3|muxlut:$00010|muxlut:$00014|_~6           ; |ULA|DECODIFICADOR_3x8:P1|lpm_mux:Mux3|muxlut:$00010|muxlut:$00014|_~6           ; out0             ;
; |ULA|DECODIFICADOR_3x8:P1|lpm_mux:Mux3|muxlut:$00010|muxlut:$00014|_~7           ; |ULA|DECODIFICADOR_3x8:P1|lpm_mux:Mux3|muxlut:$00010|muxlut:$00014|_~7           ; out0             ;
; |ULA|DECODIFICADOR_3x8:P1|lpm_mux:Mux3|muxlut:$00010|muxlut:$00014|_~8           ; |ULA|DECODIFICADOR_3x8:P1|lpm_mux:Mux3|muxlut:$00010|muxlut:$00014|_~8           ; out0             ;
; |ULA|DECODIFICADOR_3x8:P1|lpm_mux:Mux3|muxlut:$00010|muxlut:$00014|result_node~1 ; |ULA|DECODIFICADOR_3x8:P1|lpm_mux:Mux3|muxlut:$00010|muxlut:$00014|result_node~1 ; out0             ;
; |ULA|DECODIFICADOR_3x8:P1|lpm_mux:Mux3|muxlut:$00010|muxlut:$00014|result_node   ; |ULA|DECODIFICADOR_3x8:P1|lpm_mux:Mux3|muxlut:$00010|muxlut:$00014|result_node   ; out0             ;
; |ULA|DECODIFICADOR_3x8:P1|lpm_mux:Mux3|muxlut:$00010|muxlut:$00012|_~0           ; |ULA|DECODIFICADOR_3x8:P1|lpm_mux:Mux3|muxlut:$00010|muxlut:$00012|_~0           ; out0             ;
; |ULA|DECODIFICADOR_3x8:P1|lpm_mux:Mux3|muxlut:$00010|muxlut:$00012|_~2           ; |ULA|DECODIFICADOR_3x8:P1|lpm_mux:Mux3|muxlut:$00010|muxlut:$00012|_~2           ; out0             ;
; |ULA|DECODIFICADOR_3x8:P1|lpm_mux:Mux3|muxlut:$00010|muxlut:$00012|_~3           ; |ULA|DECODIFICADOR_3x8:P1|lpm_mux:Mux3|muxlut:$00010|muxlut:$00012|_~3           ; out0             ;
; |ULA|DECODIFICADOR_3x8:P1|lpm_mux:Mux3|muxlut:$00010|muxlut:$00012|result_node~0 ; |ULA|DECODIFICADOR_3x8:P1|lpm_mux:Mux3|muxlut:$00010|muxlut:$00012|result_node~0 ; out0             ;
; |ULA|DECODIFICADOR_3x8:P1|lpm_mux:Mux3|muxlut:$00010|muxlut:$00012|_~6           ; |ULA|DECODIFICADOR_3x8:P1|lpm_mux:Mux3|muxlut:$00010|muxlut:$00012|_~6           ; out0             ;
; |ULA|DECODIFICADOR_3x8:P1|lpm_mux:Mux3|muxlut:$00010|muxlut:$00012|_~7           ; |ULA|DECODIFICADOR_3x8:P1|lpm_mux:Mux3|muxlut:$00010|muxlut:$00012|_~7           ; out0             ;
; |ULA|DECODIFICADOR_3x8:P1|lpm_mux:Mux3|muxlut:$00010|muxlut:$00012|result_node~1 ; |ULA|DECODIFICADOR_3x8:P1|lpm_mux:Mux3|muxlut:$00010|muxlut:$00012|result_node~1 ; out0             ;
; |ULA|DECODIFICADOR_3x8:P1|lpm_mux:Mux2|sel_node[2]                               ; |ULA|DECODIFICADOR_3x8:P1|lpm_mux:Mux2|sel_node[2]                               ; out0             ;
; |ULA|DECODIFICADOR_3x8:P1|lpm_mux:Mux2|muxlut:$00010|muxlut:$00016|_~0           ; |ULA|DECODIFICADOR_3x8:P1|lpm_mux:Mux2|muxlut:$00010|muxlut:$00016|_~0           ; out0             ;
; |ULA|DECODIFICADOR_3x8:P1|lpm_mux:Mux2|muxlut:$00010|muxlut:$00016|result_node~1 ; |ULA|DECODIFICADOR_3x8:P1|lpm_mux:Mux2|muxlut:$00010|muxlut:$00016|result_node~1 ; out0             ;
; |ULA|DECODIFICADOR_3x8:P1|lpm_mux:Mux2|muxlut:$00010|muxlut:$00016|result_node   ; |ULA|DECODIFICADOR_3x8:P1|lpm_mux:Mux2|muxlut:$00010|muxlut:$00016|result_node   ; out0             ;
; |ULA|DECODIFICADOR_3x8:P1|lpm_mux:Mux2|muxlut:$00010|muxlut:$00014|_~0           ; |ULA|DECODIFICADOR_3x8:P1|lpm_mux:Mux2|muxlut:$00010|muxlut:$00014|_~0           ; out0             ;
; |ULA|DECODIFICADOR_3x8:P1|lpm_mux:Mux2|muxlut:$00010|muxlut:$00014|_~2           ; |ULA|DECODIFICADOR_3x8:P1|lpm_mux:Mux2|muxlut:$00010|muxlut:$00014|_~2           ; out0             ;
; |ULA|DECODIFICADOR_3x8:P1|lpm_mux:Mux2|muxlut:$00010|muxlut:$00014|_~3           ; |ULA|DECODIFICADOR_3x8:P1|lpm_mux:Mux2|muxlut:$00010|muxlut:$00014|_~3           ; out0             ;
; |ULA|DECODIFICADOR_3x8:P1|lpm_mux:Mux2|muxlut:$00010|muxlut:$00014|result_node~0 ; |ULA|DECODIFICADOR_3x8:P1|lpm_mux:Mux2|muxlut:$00010|muxlut:$00014|result_node~0 ; out0             ;
; |ULA|DECODIFICADOR_3x8:P1|lpm_mux:Mux2|muxlut:$00010|muxlut:$00014|_~5           ; |ULA|DECODIFICADOR_3x8:P1|lpm_mux:Mux2|muxlut:$00010|muxlut:$00014|_~5           ; out0             ;
; |ULA|DECODIFICADOR_3x8:P1|lpm_mux:Mux2|muxlut:$00010|muxlut:$00014|_~6           ; |ULA|DECODIFICADOR_3x8:P1|lpm_mux:Mux2|muxlut:$00010|muxlut:$00014|_~6           ; out0             ;
; |ULA|DECODIFICADOR_3x8:P1|lpm_mux:Mux2|muxlut:$00010|muxlut:$00014|_~7           ; |ULA|DECODIFICADOR_3x8:P1|lpm_mux:Mux2|muxlut:$00010|muxlut:$00014|_~7           ; out0             ;
; |ULA|DECODIFICADOR_3x8:P1|lpm_mux:Mux2|muxlut:$00010|muxlut:$00014|result_node~1 ; |ULA|DECODIFICADOR_3x8:P1|lpm_mux:Mux2|muxlut:$00010|muxlut:$00014|result_node~1 ; out0             ;
; |ULA|DECODIFICADOR_3x8:P1|lpm_mux:Mux2|muxlut:$00010|muxlut:$00014|result_node   ; |ULA|DECODIFICADOR_3x8:P1|lpm_mux:Mux2|muxlut:$00010|muxlut:$00014|result_node   ; out0             ;
; |ULA|DECODIFICADOR_3x8:P1|lpm_mux:Mux2|muxlut:$00010|muxlut:$00012|_~0           ; |ULA|DECODIFICADOR_3x8:P1|lpm_mux:Mux2|muxlut:$00010|muxlut:$00012|_~0           ; out0             ;
; |ULA|DECODIFICADOR_3x8:P1|lpm_mux:Mux2|muxlut:$00010|muxlut:$00012|_~2           ; |ULA|DECODIFICADOR_3x8:P1|lpm_mux:Mux2|muxlut:$00010|muxlut:$00012|_~2           ; out0             ;
; |ULA|DECODIFICADOR_3x8:P1|lpm_mux:Mux2|muxlut:$00010|muxlut:$00012|_~3           ; |ULA|DECODIFICADOR_3x8:P1|lpm_mux:Mux2|muxlut:$00010|muxlut:$00012|_~3           ; out0             ;
; |ULA|DECODIFICADOR_3x8:P1|lpm_mux:Mux2|muxlut:$00010|muxlut:$00012|result_node~0 ; |ULA|DECODIFICADOR_3x8:P1|lpm_mux:Mux2|muxlut:$00010|muxlut:$00012|result_node~0 ; out0             ;
; |ULA|DECODIFICADOR_3x8:P1|lpm_mux:Mux2|muxlut:$00010|muxlut:$00012|_~6           ; |ULA|DECODIFICADOR_3x8:P1|lpm_mux:Mux2|muxlut:$00010|muxlut:$00012|_~6           ; out0             ;
; |ULA|DECODIFICADOR_3x8:P1|lpm_mux:Mux2|muxlut:$00010|muxlut:$00012|_~7           ; |ULA|DECODIFICADOR_3x8:P1|lpm_mux:Mux2|muxlut:$00010|muxlut:$00012|_~7           ; out0             ;
; |ULA|DECODIFICADOR_3x8:P1|lpm_mux:Mux2|muxlut:$00010|muxlut:$00012|result_node~1 ; |ULA|DECODIFICADOR_3x8:P1|lpm_mux:Mux2|muxlut:$00010|muxlut:$00012|result_node~1 ; out0             ;
; |ULA|DECODIFICADOR_3x8:P1|lpm_mux:Mux1|sel_node[2]                               ; |ULA|DECODIFICADOR_3x8:P1|lpm_mux:Mux1|sel_node[2]                               ; out0             ;
; |ULA|DECODIFICADOR_3x8:P1|lpm_mux:Mux1|muxlut:$00010|muxlut:$00016|_~0           ; |ULA|DECODIFICADOR_3x8:P1|lpm_mux:Mux1|muxlut:$00010|muxlut:$00016|_~0           ; out0             ;
; |ULA|DECODIFICADOR_3x8:P1|lpm_mux:Mux1|muxlut:$00010|muxlut:$00016|result_node~1 ; |ULA|DECODIFICADOR_3x8:P1|lpm_mux:Mux1|muxlut:$00010|muxlut:$00016|result_node~1 ; out0             ;
; |ULA|DECODIFICADOR_3x8:P1|lpm_mux:Mux1|muxlut:$00010|muxlut:$00016|result_node   ; |ULA|DECODIFICADOR_3x8:P1|lpm_mux:Mux1|muxlut:$00010|muxlut:$00016|result_node   ; out0             ;
; |ULA|DECODIFICADOR_3x8:P1|lpm_mux:Mux1|muxlut:$00010|muxlut:$00014|_~0           ; |ULA|DECODIFICADOR_3x8:P1|lpm_mux:Mux1|muxlut:$00010|muxlut:$00014|_~0           ; out0             ;
; |ULA|DECODIFICADOR_3x8:P1|lpm_mux:Mux1|muxlut:$00010|muxlut:$00014|_~2           ; |ULA|DECODIFICADOR_3x8:P1|lpm_mux:Mux1|muxlut:$00010|muxlut:$00014|_~2           ; out0             ;
; |ULA|DECODIFICADOR_3x8:P1|lpm_mux:Mux1|muxlut:$00010|muxlut:$00014|_~3           ; |ULA|DECODIFICADOR_3x8:P1|lpm_mux:Mux1|muxlut:$00010|muxlut:$00014|_~3           ; out0             ;
; |ULA|DECODIFICADOR_3x8:P1|lpm_mux:Mux1|muxlut:$00010|muxlut:$00014|_~4           ; |ULA|DECODIFICADOR_3x8:P1|lpm_mux:Mux1|muxlut:$00010|muxlut:$00014|_~4           ; out0             ;
; |ULA|DECODIFICADOR_3x8:P1|lpm_mux:Mux1|muxlut:$00010|muxlut:$00014|result_node~0 ; |ULA|DECODIFICADOR_3x8:P1|lpm_mux:Mux1|muxlut:$00010|muxlut:$00014|result_node~0 ; out0             ;
; |ULA|DECODIFICADOR_3x8:P1|lpm_mux:Mux1|muxlut:$00010|muxlut:$00014|_~6           ; |ULA|DECODIFICADOR_3x8:P1|lpm_mux:Mux1|muxlut:$00010|muxlut:$00014|_~6           ; out0             ;
; |ULA|DECODIFICADOR_3x8:P1|lpm_mux:Mux1|muxlut:$00010|muxlut:$00014|_~7           ; |ULA|DECODIFICADOR_3x8:P1|lpm_mux:Mux1|muxlut:$00010|muxlut:$00014|_~7           ; out0             ;
; |ULA|DECODIFICADOR_3x8:P1|lpm_mux:Mux1|muxlut:$00010|muxlut:$00014|result_node~1 ; |ULA|DECODIFICADOR_3x8:P1|lpm_mux:Mux1|muxlut:$00010|muxlut:$00014|result_node~1 ; out0             ;
; |ULA|DECODIFICADOR_3x8:P1|lpm_mux:Mux1|muxlut:$00010|muxlut:$00014|result_node   ; |ULA|DECODIFICADOR_3x8:P1|lpm_mux:Mux1|muxlut:$00010|muxlut:$00014|result_node   ; out0             ;
; |ULA|DECODIFICADOR_3x8:P1|lpm_mux:Mux1|muxlut:$00010|muxlut:$00012|_~0           ; |ULA|DECODIFICADOR_3x8:P1|lpm_mux:Mux1|muxlut:$00010|muxlut:$00012|_~0           ; out0             ;
; |ULA|DECODIFICADOR_3x8:P1|lpm_mux:Mux1|muxlut:$00010|muxlut:$00012|_~2           ; |ULA|DECODIFICADOR_3x8:P1|lpm_mux:Mux1|muxlut:$00010|muxlut:$00012|_~2           ; out0             ;
; |ULA|DECODIFICADOR_3x8:P1|lpm_mux:Mux1|muxlut:$00010|muxlut:$00012|_~3           ; |ULA|DECODIFICADOR_3x8:P1|lpm_mux:Mux1|muxlut:$00010|muxlut:$00012|_~3           ; out0             ;
; |ULA|DECODIFICADOR_3x8:P1|lpm_mux:Mux1|muxlut:$00010|muxlut:$00012|result_node~0 ; |ULA|DECODIFICADOR_3x8:P1|lpm_mux:Mux1|muxlut:$00010|muxlut:$00012|result_node~0 ; out0             ;
; |ULA|DECODIFICADOR_3x8:P1|lpm_mux:Mux1|muxlut:$00010|muxlut:$00012|_~6           ; |ULA|DECODIFICADOR_3x8:P1|lpm_mux:Mux1|muxlut:$00010|muxlut:$00012|_~6           ; out0             ;
; |ULA|DECODIFICADOR_3x8:P1|lpm_mux:Mux1|muxlut:$00010|muxlut:$00012|_~7           ; |ULA|DECODIFICADOR_3x8:P1|lpm_mux:Mux1|muxlut:$00010|muxlut:$00012|_~7           ; out0             ;
; |ULA|DECODIFICADOR_3x8:P1|lpm_mux:Mux1|muxlut:$00010|muxlut:$00012|result_node~1 ; |ULA|DECODIFICADOR_3x8:P1|lpm_mux:Mux1|muxlut:$00010|muxlut:$00012|result_node~1 ; out0             ;
; |ULA|DECODIFICADOR_3x8:P1|lpm_mux:Mux0|sel_node[2]                               ; |ULA|DECODIFICADOR_3x8:P1|lpm_mux:Mux0|sel_node[2]                               ; out0             ;
; |ULA|DECODIFICADOR_3x8:P1|lpm_mux:Mux0|muxlut:$00010|muxlut:$00016|_~0           ; |ULA|DECODIFICADOR_3x8:P1|lpm_mux:Mux0|muxlut:$00010|muxlut:$00016|_~0           ; out0             ;
; |ULA|DECODIFICADOR_3x8:P1|lpm_mux:Mux0|muxlut:$00010|muxlut:$00016|result_node~1 ; |ULA|DECODIFICADOR_3x8:P1|lpm_mux:Mux0|muxlut:$00010|muxlut:$00016|result_node~1 ; out0             ;
; |ULA|DECODIFICADOR_3x8:P1|lpm_mux:Mux0|muxlut:$00010|muxlut:$00016|result_node   ; |ULA|DECODIFICADOR_3x8:P1|lpm_mux:Mux0|muxlut:$00010|muxlut:$00016|result_node   ; out0             ;
; |ULA|DECODIFICADOR_3x8:P1|lpm_mux:Mux0|muxlut:$00010|muxlut:$00014|_~0           ; |ULA|DECODIFICADOR_3x8:P1|lpm_mux:Mux0|muxlut:$00010|muxlut:$00014|_~0           ; out0             ;
; |ULA|DECODIFICADOR_3x8:P1|lpm_mux:Mux0|muxlut:$00010|muxlut:$00014|_~1           ; |ULA|DECODIFICADOR_3x8:P1|lpm_mux:Mux0|muxlut:$00010|muxlut:$00014|_~1           ; out0             ;
; |ULA|DECODIFICADOR_3x8:P1|lpm_mux:Mux0|muxlut:$00010|muxlut:$00014|_~2           ; |ULA|DECODIFICADOR_3x8:P1|lpm_mux:Mux0|muxlut:$00010|muxlut:$00014|_~2           ; out0             ;
; |ULA|DECODIFICADOR_3x8:P1|lpm_mux:Mux0|muxlut:$00010|muxlut:$00014|_~3           ; |ULA|DECODIFICADOR_3x8:P1|lpm_mux:Mux0|muxlut:$00010|muxlut:$00014|_~3           ; out0             ;
; |ULA|DECODIFICADOR_3x8:P1|lpm_mux:Mux0|muxlut:$00010|muxlut:$00014|result_node~0 ; |ULA|DECODIFICADOR_3x8:P1|lpm_mux:Mux0|muxlut:$00010|muxlut:$00014|result_node~0 ; out0             ;
; |ULA|DECODIFICADOR_3x8:P1|lpm_mux:Mux0|muxlut:$00010|muxlut:$00014|_~6           ; |ULA|DECODIFICADOR_3x8:P1|lpm_mux:Mux0|muxlut:$00010|muxlut:$00014|_~6           ; out0             ;
; |ULA|DECODIFICADOR_3x8:P1|lpm_mux:Mux0|muxlut:$00010|muxlut:$00014|_~7           ; |ULA|DECODIFICADOR_3x8:P1|lpm_mux:Mux0|muxlut:$00010|muxlut:$00014|_~7           ; out0             ;
; |ULA|DECODIFICADOR_3x8:P1|lpm_mux:Mux0|muxlut:$00010|muxlut:$00014|result_node~1 ; |ULA|DECODIFICADOR_3x8:P1|lpm_mux:Mux0|muxlut:$00010|muxlut:$00014|result_node~1 ; out0             ;
; |ULA|DECODIFICADOR_3x8:P1|lpm_mux:Mux0|muxlut:$00010|muxlut:$00014|result_node   ; |ULA|DECODIFICADOR_3x8:P1|lpm_mux:Mux0|muxlut:$00010|muxlut:$00014|result_node   ; out0             ;
; |ULA|DECODIFICADOR_3x8:P1|lpm_mux:Mux0|muxlut:$00010|muxlut:$00012|_~0           ; |ULA|DECODIFICADOR_3x8:P1|lpm_mux:Mux0|muxlut:$00010|muxlut:$00012|_~0           ; out0             ;
; |ULA|DECODIFICADOR_3x8:P1|lpm_mux:Mux0|muxlut:$00010|muxlut:$00012|_~2           ; |ULA|DECODIFICADOR_3x8:P1|lpm_mux:Mux0|muxlut:$00010|muxlut:$00012|_~2           ; out0             ;
; |ULA|DECODIFICADOR_3x8:P1|lpm_mux:Mux0|muxlut:$00010|muxlut:$00012|_~3           ; |ULA|DECODIFICADOR_3x8:P1|lpm_mux:Mux0|muxlut:$00010|muxlut:$00012|_~3           ; out0             ;
; |ULA|DECODIFICADOR_3x8:P1|lpm_mux:Mux0|muxlut:$00010|muxlut:$00012|result_node~0 ; |ULA|DECODIFICADOR_3x8:P1|lpm_mux:Mux0|muxlut:$00010|muxlut:$00012|result_node~0 ; out0             ;
; |ULA|DECODIFICADOR_3x8:P1|lpm_mux:Mux0|muxlut:$00010|muxlut:$00012|_~6           ; |ULA|DECODIFICADOR_3x8:P1|lpm_mux:Mux0|muxlut:$00010|muxlut:$00012|_~6           ; out0             ;
; |ULA|DECODIFICADOR_3x8:P1|lpm_mux:Mux0|muxlut:$00010|muxlut:$00012|_~7           ; |ULA|DECODIFICADOR_3x8:P1|lpm_mux:Mux0|muxlut:$00010|muxlut:$00012|_~7           ; out0             ;
; |ULA|DECODIFICADOR_3x8:P1|lpm_mux:Mux0|muxlut:$00010|muxlut:$00012|result_node~1 ; |ULA|DECODIFICADOR_3x8:P1|lpm_mux:Mux0|muxlut:$00010|muxlut:$00012|result_node~1 ; out0             ;
; |ULA|SOMADOR:P2|lpm_mux:Mux1|sel_node[2]                                         ; |ULA|SOMADOR:P2|lpm_mux:Mux1|sel_node[2]                                         ; out0             ;
; |ULA|SOMADOR:P2|lpm_mux:Mux1|muxlut:$00010|muxlut:$00016|_~0                     ; |ULA|SOMADOR:P2|lpm_mux:Mux1|muxlut:$00010|muxlut:$00016|_~0                     ; out0             ;
; |ULA|SOMADOR:P2|lpm_mux:Mux1|muxlut:$00010|muxlut:$00016|result_node~0           ; |ULA|SOMADOR:P2|lpm_mux:Mux1|muxlut:$00010|muxlut:$00016|result_node~0           ; out0             ;
; |ULA|SOMADOR:P2|lpm_mux:Mux1|muxlut:$00010|muxlut:$00016|result_node~1           ; |ULA|SOMADOR:P2|lpm_mux:Mux1|muxlut:$00010|muxlut:$00016|result_node~1           ; out0             ;
; |ULA|SOMADOR:P2|lpm_mux:Mux1|muxlut:$00010|muxlut:$00016|result_node             ; |ULA|SOMADOR:P2|lpm_mux:Mux1|muxlut:$00010|muxlut:$00016|result_node             ; out0             ;
; |ULA|SOMADOR:P2|lpm_mux:Mux1|muxlut:$00010|muxlut:$00014|_~0                     ; |ULA|SOMADOR:P2|lpm_mux:Mux1|muxlut:$00010|muxlut:$00014|_~0                     ; out0             ;
; |ULA|SOMADOR:P2|lpm_mux:Mux1|muxlut:$00010|muxlut:$00014|_~1                     ; |ULA|SOMADOR:P2|lpm_mux:Mux1|muxlut:$00010|muxlut:$00014|_~1                     ; out0             ;
; |ULA|SOMADOR:P2|lpm_mux:Mux1|muxlut:$00010|muxlut:$00014|_~2                     ; |ULA|SOMADOR:P2|lpm_mux:Mux1|muxlut:$00010|muxlut:$00014|_~2                     ; out0             ;
; |ULA|SOMADOR:P2|lpm_mux:Mux1|muxlut:$00010|muxlut:$00014|_~3                     ; |ULA|SOMADOR:P2|lpm_mux:Mux1|muxlut:$00010|muxlut:$00014|_~3                     ; out0             ;
; |ULA|SOMADOR:P2|lpm_mux:Mux1|muxlut:$00010|muxlut:$00014|_~4                     ; |ULA|SOMADOR:P2|lpm_mux:Mux1|muxlut:$00010|muxlut:$00014|_~4                     ; out0             ;
; |ULA|SOMADOR:P2|lpm_mux:Mux1|muxlut:$00010|muxlut:$00014|_~5                     ; |ULA|SOMADOR:P2|lpm_mux:Mux1|muxlut:$00010|muxlut:$00014|_~5                     ; out0             ;
; |ULA|SOMADOR:P2|lpm_mux:Mux1|muxlut:$00010|muxlut:$00014|_~6                     ; |ULA|SOMADOR:P2|lpm_mux:Mux1|muxlut:$00010|muxlut:$00014|_~6                     ; out0             ;
; |ULA|SOMADOR:P2|lpm_mux:Mux1|muxlut:$00010|muxlut:$00014|_~7                     ; |ULA|SOMADOR:P2|lpm_mux:Mux1|muxlut:$00010|muxlut:$00014|_~7                     ; out0             ;
; |ULA|SOMADOR:P2|lpm_mux:Mux1|muxlut:$00010|muxlut:$00014|result_node~1           ; |ULA|SOMADOR:P2|lpm_mux:Mux1|muxlut:$00010|muxlut:$00014|result_node~1           ; out0             ;
; |ULA|SOMADOR:P2|lpm_mux:Mux1|muxlut:$00010|muxlut:$00014|result_node             ; |ULA|SOMADOR:P2|lpm_mux:Mux1|muxlut:$00010|muxlut:$00014|result_node             ; out0             ;
; |ULA|SOMADOR:P2|lpm_mux:Mux1|muxlut:$00010|muxlut:$00012|_~0                     ; |ULA|SOMADOR:P2|lpm_mux:Mux1|muxlut:$00010|muxlut:$00012|_~0                     ; out0             ;
; |ULA|SOMADOR:P2|lpm_mux:Mux1|muxlut:$00010|muxlut:$00012|_~1                     ; |ULA|SOMADOR:P2|lpm_mux:Mux1|muxlut:$00010|muxlut:$00012|_~1                     ; out0             ;
; |ULA|SOMADOR:P2|lpm_mux:Mux1|muxlut:$00010|muxlut:$00012|_~2                     ; |ULA|SOMADOR:P2|lpm_mux:Mux1|muxlut:$00010|muxlut:$00012|_~2                     ; out0             ;
; |ULA|SOMADOR:P2|lpm_mux:Mux1|muxlut:$00010|muxlut:$00012|_~3                     ; |ULA|SOMADOR:P2|lpm_mux:Mux1|muxlut:$00010|muxlut:$00012|_~3                     ; out0             ;
; |ULA|SOMADOR:P2|lpm_mux:Mux1|muxlut:$00010|muxlut:$00012|result_node~0           ; |ULA|SOMADOR:P2|lpm_mux:Mux1|muxlut:$00010|muxlut:$00012|result_node~0           ; out0             ;
; |ULA|SOMADOR:P2|lpm_mux:Mux1|muxlut:$00010|muxlut:$00012|_~6                     ; |ULA|SOMADOR:P2|lpm_mux:Mux1|muxlut:$00010|muxlut:$00012|_~6                     ; out0             ;
; |ULA|SOMADOR:P2|lpm_mux:Mux1|muxlut:$00010|muxlut:$00012|_~7                     ; |ULA|SOMADOR:P2|lpm_mux:Mux1|muxlut:$00010|muxlut:$00012|_~7                     ; out0             ;
; |ULA|SOMADOR:P2|lpm_mux:Mux1|muxlut:$00010|muxlut:$00012|result_node~1           ; |ULA|SOMADOR:P2|lpm_mux:Mux1|muxlut:$00010|muxlut:$00012|result_node~1           ; out0             ;
; |ULA|SOMADOR:P2|lpm_mux:Mux1|muxlut:$00010|muxlut:$00012|result_node             ; |ULA|SOMADOR:P2|lpm_mux:Mux1|muxlut:$00010|muxlut:$00012|result_node             ; out0             ;
; |ULA|SOMADOR:P2|lpm_mux:Mux0|sel_node[2]                                         ; |ULA|SOMADOR:P2|lpm_mux:Mux0|sel_node[2]                                         ; out0             ;
; |ULA|SOMADOR:P2|lpm_mux:Mux0|muxlut:$00010|muxlut:$00016|_~0                     ; |ULA|SOMADOR:P2|lpm_mux:Mux0|muxlut:$00010|muxlut:$00016|_~0                     ; out0             ;
; |ULA|SOMADOR:P2|lpm_mux:Mux0|muxlut:$00010|muxlut:$00016|result_node~0           ; |ULA|SOMADOR:P2|lpm_mux:Mux0|muxlut:$00010|muxlut:$00016|result_node~0           ; out0             ;
; |ULA|SOMADOR:P2|lpm_mux:Mux0|muxlut:$00010|muxlut:$00016|result_node~1           ; |ULA|SOMADOR:P2|lpm_mux:Mux0|muxlut:$00010|muxlut:$00016|result_node~1           ; out0             ;
; |ULA|SOMADOR:P2|lpm_mux:Mux0|muxlut:$00010|muxlut:$00016|result_node             ; |ULA|SOMADOR:P2|lpm_mux:Mux0|muxlut:$00010|muxlut:$00016|result_node             ; out0             ;
; |ULA|SOMADOR:P2|lpm_mux:Mux0|muxlut:$00010|muxlut:$00014|_~0                     ; |ULA|SOMADOR:P2|lpm_mux:Mux0|muxlut:$00010|muxlut:$00014|_~0                     ; out0             ;
; |ULA|SOMADOR:P2|lpm_mux:Mux0|muxlut:$00010|muxlut:$00014|_~1                     ; |ULA|SOMADOR:P2|lpm_mux:Mux0|muxlut:$00010|muxlut:$00014|_~1                     ; out0             ;
; |ULA|SOMADOR:P2|lpm_mux:Mux0|muxlut:$00010|muxlut:$00014|_~2                     ; |ULA|SOMADOR:P2|lpm_mux:Mux0|muxlut:$00010|muxlut:$00014|_~2                     ; out0             ;
; |ULA|SOMADOR:P2|lpm_mux:Mux0|muxlut:$00010|muxlut:$00014|_~3                     ; |ULA|SOMADOR:P2|lpm_mux:Mux0|muxlut:$00010|muxlut:$00014|_~3                     ; out0             ;
; |ULA|SOMADOR:P2|lpm_mux:Mux0|muxlut:$00010|muxlut:$00014|result_node~0           ; |ULA|SOMADOR:P2|lpm_mux:Mux0|muxlut:$00010|muxlut:$00014|result_node~0           ; out0             ;
; |ULA|SOMADOR:P2|lpm_mux:Mux0|muxlut:$00010|muxlut:$00014|_~6                     ; |ULA|SOMADOR:P2|lpm_mux:Mux0|muxlut:$00010|muxlut:$00014|_~6                     ; out0             ;
; |ULA|SOMADOR:P2|lpm_mux:Mux0|muxlut:$00010|muxlut:$00014|_~7                     ; |ULA|SOMADOR:P2|lpm_mux:Mux0|muxlut:$00010|muxlut:$00014|_~7                     ; out0             ;
; |ULA|SOMADOR:P2|lpm_mux:Mux0|muxlut:$00010|muxlut:$00014|_~8                     ; |ULA|SOMADOR:P2|lpm_mux:Mux0|muxlut:$00010|muxlut:$00014|_~8                     ; out0             ;
; |ULA|SOMADOR:P2|lpm_mux:Mux0|muxlut:$00010|muxlut:$00014|result_node~1           ; |ULA|SOMADOR:P2|lpm_mux:Mux0|muxlut:$00010|muxlut:$00014|result_node~1           ; out0             ;
; |ULA|SOMADOR:P2|lpm_mux:Mux0|muxlut:$00010|muxlut:$00014|result_node             ; |ULA|SOMADOR:P2|lpm_mux:Mux0|muxlut:$00010|muxlut:$00014|result_node             ; out0             ;
; |ULA|SOMADOR:P2|lpm_mux:Mux0|muxlut:$00010|muxlut:$00012|_~0                     ; |ULA|SOMADOR:P2|lpm_mux:Mux0|muxlut:$00010|muxlut:$00012|_~0                     ; out0             ;
; |ULA|SOMADOR:P2|lpm_mux:Mux0|muxlut:$00010|muxlut:$00012|_~2                     ; |ULA|SOMADOR:P2|lpm_mux:Mux0|muxlut:$00010|muxlut:$00012|_~2                     ; out0             ;
; |ULA|SOMADOR:P2|lpm_mux:Mux0|muxlut:$00010|muxlut:$00012|_~3                     ; |ULA|SOMADOR:P2|lpm_mux:Mux0|muxlut:$00010|muxlut:$00012|_~3                     ; out0             ;
; |ULA|SOMADOR:P2|lpm_mux:Mux0|muxlut:$00010|muxlut:$00012|_~4                     ; |ULA|SOMADOR:P2|lpm_mux:Mux0|muxlut:$00010|muxlut:$00012|_~4                     ; out0             ;
; |ULA|SOMADOR:P2|lpm_mux:Mux0|muxlut:$00010|muxlut:$00012|result_node~0           ; |ULA|SOMADOR:P2|lpm_mux:Mux0|muxlut:$00010|muxlut:$00012|result_node~0           ; out0             ;
; |ULA|SOMADOR:P2|lpm_mux:Mux0|muxlut:$00010|muxlut:$00012|_~5                     ; |ULA|SOMADOR:P2|lpm_mux:Mux0|muxlut:$00010|muxlut:$00012|_~5                     ; out0             ;
; |ULA|SOMADOR:P2|lpm_mux:Mux0|muxlut:$00010|muxlut:$00012|_~6                     ; |ULA|SOMADOR:P2|lpm_mux:Mux0|muxlut:$00010|muxlut:$00012|_~6                     ; out0             ;
; |ULA|SOMADOR:P2|lpm_mux:Mux0|muxlut:$00010|muxlut:$00012|_~7                     ; |ULA|SOMADOR:P2|lpm_mux:Mux0|muxlut:$00010|muxlut:$00012|_~7                     ; out0             ;
; |ULA|SOMADOR:P2|lpm_mux:Mux0|muxlut:$00010|muxlut:$00012|result_node~1           ; |ULA|SOMADOR:P2|lpm_mux:Mux0|muxlut:$00010|muxlut:$00012|result_node~1           ; out0             ;
; |ULA|SOMADOR:P2|lpm_mux:Mux0|muxlut:$00010|muxlut:$00012|result_node             ; |ULA|SOMADOR:P2|lpm_mux:Mux0|muxlut:$00010|muxlut:$00012|result_node             ; out0             ;
+----------------------------------------------------------------------------------+----------------------------------------------------------------------------------+------------------+


The following table displays output ports that do not toggle to 1 during simulation.
+----------------------------------------------------------------------------------------------------------------------------------------------------------------------------------------+
; Missing 1-Value Coverage                                                                                                                                                               ;
+----------------------------------------------------------------------------------+----------------------------------------------------------------------------------+------------------+
; Node Name                                                                        ; Output Port Name                                                                 ; Output Port Type ;
+----------------------------------------------------------------------------------+----------------------------------------------------------------------------------+------------------+
; |ULA|DECODIFICADOR_3x8:P1|lpm_mux:Mux7|muxlut:$00010|muxlut:$00016|result_node~1 ; |ULA|DECODIFICADOR_3x8:P1|lpm_mux:Mux7|muxlut:$00010|muxlut:$00016|result_node~1 ; out0             ;
; |ULA|DECODIFICADOR_3x8:P1|lpm_mux:Mux7|muxlut:$00010|muxlut:$00014|_~1           ; |ULA|DECODIFICADOR_3x8:P1|lpm_mux:Mux7|muxlut:$00010|muxlut:$00014|_~1           ; out0             ;
; |ULA|DECODIFICADOR_3x8:P1|lpm_mux:Mux7|muxlut:$00010|muxlut:$00014|_~4           ; |ULA|DECODIFICADOR_3x8:P1|lpm_mux:Mux7|muxlut:$00010|muxlut:$00014|_~4           ; out0             ;
; |ULA|DECODIFICADOR_3x8:P1|lpm_mux:Mux7|muxlut:$00010|muxlut:$00014|_~5           ; |ULA|DECODIFICADOR_3x8:P1|lpm_mux:Mux7|muxlut:$00010|muxlut:$00014|_~5           ; out0             ;
; |ULA|DECODIFICADOR_3x8:P1|lpm_mux:Mux7|muxlut:$00010|muxlut:$00014|_~8           ; |ULA|DECODIFICADOR_3x8:P1|lpm_mux:Mux7|muxlut:$00010|muxlut:$00014|_~8           ; out0             ;
; |ULA|DECODIFICADOR_3x8:P1|lpm_mux:Mux7|muxlut:$00010|muxlut:$00014|result_node   ; |ULA|DECODIFICADOR_3x8:P1|lpm_mux:Mux7|muxlut:$00010|muxlut:$00014|result_node   ; out0             ;
; |ULA|DECODIFICADOR_3x8:P1|lpm_mux:Mux7|muxlut:$00010|muxlut:$00012|_~1           ; |ULA|DECODIFICADOR_3x8:P1|lpm_mux:Mux7|muxlut:$00010|muxlut:$00012|_~1           ; out0             ;
; |ULA|DECODIFICADOR_3x8:P1|lpm_mux:Mux7|muxlut:$00010|muxlut:$00012|_~4           ; |ULA|DECODIFICADOR_3x8:P1|lpm_mux:Mux7|muxlut:$00010|muxlut:$00012|_~4           ; out0             ;
; |ULA|DECODIFICADOR_3x8:P1|lpm_mux:Mux7|muxlut:$00010|muxlut:$00012|_~5           ; |ULA|DECODIFICADOR_3x8:P1|lpm_mux:Mux7|muxlut:$00010|muxlut:$00012|_~5           ; out0             ;
; |ULA|DECODIFICADOR_3x8:P1|lpm_mux:Mux6|muxlut:$00010|muxlut:$00016|result_node~1 ; |ULA|DECODIFICADOR_3x8:P1|lpm_mux:Mux6|muxlut:$00010|muxlut:$00016|result_node~1 ; out0             ;
; |ULA|DECODIFICADOR_3x8:P1|lpm_mux:Mux6|muxlut:$00010|muxlut:$00014|_~1           ; |ULA|DECODIFICADOR_3x8:P1|lpm_mux:Mux6|muxlut:$00010|muxlut:$00014|_~1           ; out0             ;
; |ULA|DECODIFICADOR_3x8:P1|lpm_mux:Mux6|muxlut:$00010|muxlut:$00014|_~4           ; |ULA|DECODIFICADOR_3x8:P1|lpm_mux:Mux6|muxlut:$00010|muxlut:$00014|_~4           ; out0             ;
; |ULA|DECODIFICADOR_3x8:P1|lpm_mux:Mux6|muxlut:$00010|muxlut:$00014|_~5           ; |ULA|DECODIFICADOR_3x8:P1|lpm_mux:Mux6|muxlut:$00010|muxlut:$00014|_~5           ; out0             ;
; |ULA|DECODIFICADOR_3x8:P1|lpm_mux:Mux6|muxlut:$00010|muxlut:$00014|_~8           ; |ULA|DECODIFICADOR_3x8:P1|lpm_mux:Mux6|muxlut:$00010|muxlut:$00014|_~8           ; out0             ;
; |ULA|DECODIFICADOR_3x8:P1|lpm_mux:Mux6|muxlut:$00010|muxlut:$00014|result_node   ; |ULA|DECODIFICADOR_3x8:P1|lpm_mux:Mux6|muxlut:$00010|muxlut:$00014|result_node   ; out0             ;
; |ULA|DECODIFICADOR_3x8:P1|lpm_mux:Mux6|muxlut:$00010|muxlut:$00012|_~1           ; |ULA|DECODIFICADOR_3x8:P1|lpm_mux:Mux6|muxlut:$00010|muxlut:$00012|_~1           ; out0             ;
; |ULA|DECODIFICADOR_3x8:P1|lpm_mux:Mux6|muxlut:$00010|muxlut:$00012|_~4           ; |ULA|DECODIFICADOR_3x8:P1|lpm_mux:Mux6|muxlut:$00010|muxlut:$00012|_~4           ; out0             ;
; |ULA|DECODIFICADOR_3x8:P1|lpm_mux:Mux6|muxlut:$00010|muxlut:$00012|_~8           ; |ULA|DECODIFICADOR_3x8:P1|lpm_mux:Mux6|muxlut:$00010|muxlut:$00012|_~8           ; out0             ;
; |ULA|DECODIFICADOR_3x8:P1|lpm_mux:Mux5|muxlut:$00010|muxlut:$00016|result_node~1 ; |ULA|DECODIFICADOR_3x8:P1|lpm_mux:Mux5|muxlut:$00010|muxlut:$00016|result_node~1 ; out0             ;
; |ULA|DECODIFICADOR_3x8:P1|lpm_mux:Mux5|muxlut:$00010|muxlut:$00014|_~1           ; |ULA|DECODIFICADOR_3x8:P1|lpm_mux:Mux5|muxlut:$00010|muxlut:$00014|_~1           ; out0             ;
; |ULA|DECODIFICADOR_3x8:P1|lpm_mux:Mux5|muxlut:$00010|muxlut:$00014|_~4           ; |ULA|DECODIFICADOR_3x8:P1|lpm_mux:Mux5|muxlut:$00010|muxlut:$00014|_~4           ; out0             ;
; |ULA|DECODIFICADOR_3x8:P1|lpm_mux:Mux5|muxlut:$00010|muxlut:$00014|_~5           ; |ULA|DECODIFICADOR_3x8:P1|lpm_mux:Mux5|muxlut:$00010|muxlut:$00014|_~5           ; out0             ;
; |ULA|DECODIFICADOR_3x8:P1|lpm_mux:Mux5|muxlut:$00010|muxlut:$00014|_~8           ; |ULA|DECODIFICADOR_3x8:P1|lpm_mux:Mux5|muxlut:$00010|muxlut:$00014|_~8           ; out0             ;
; |ULA|DECODIFICADOR_3x8:P1|lpm_mux:Mux5|muxlut:$00010|muxlut:$00014|result_node   ; |ULA|DECODIFICADOR_3x8:P1|lpm_mux:Mux5|muxlut:$00010|muxlut:$00014|result_node   ; out0             ;
; |ULA|DECODIFICADOR_3x8:P1|lpm_mux:Mux5|muxlut:$00010|muxlut:$00012|_~1           ; |ULA|DECODIFICADOR_3x8:P1|lpm_mux:Mux5|muxlut:$00010|muxlut:$00012|_~1           ; out0             ;
; |ULA|DECODIFICADOR_3x8:P1|lpm_mux:Mux5|muxlut:$00010|muxlut:$00012|_~5           ; |ULA|DECODIFICADOR_3x8:P1|lpm_mux:Mux5|muxlut:$00010|muxlut:$00012|_~5           ; out0             ;
; |ULA|DECODIFICADOR_3x8:P1|lpm_mux:Mux5|muxlut:$00010|muxlut:$00012|_~8           ; |ULA|DECODIFICADOR_3x8:P1|lpm_mux:Mux5|muxlut:$00010|muxlut:$00012|_~8           ; out0             ;
; |ULA|DECODIFICADOR_3x8:P1|lpm_mux:Mux4|muxlut:$00010|muxlut:$00016|result_node~1 ; |ULA|DECODIFICADOR_3x8:P1|lpm_mux:Mux4|muxlut:$00010|muxlut:$00016|result_node~1 ; out0             ;
; |ULA|DECODIFICADOR_3x8:P1|lpm_mux:Mux4|muxlut:$00010|muxlut:$00014|_~1           ; |ULA|DECODIFICADOR_3x8:P1|lpm_mux:Mux4|muxlut:$00010|muxlut:$00014|_~1           ; out0             ;
; |ULA|DECODIFICADOR_3x8:P1|lpm_mux:Mux4|muxlut:$00010|muxlut:$00014|_~4           ; |ULA|DECODIFICADOR_3x8:P1|lpm_mux:Mux4|muxlut:$00010|muxlut:$00014|_~4           ; out0             ;
; |ULA|DECODIFICADOR_3x8:P1|lpm_mux:Mux4|muxlut:$00010|muxlut:$00014|_~5           ; |ULA|DECODIFICADOR_3x8:P1|lpm_mux:Mux4|muxlut:$00010|muxlut:$00014|_~5           ; out0             ;
; |ULA|DECODIFICADOR_3x8:P1|lpm_mux:Mux4|muxlut:$00010|muxlut:$00014|_~8           ; |ULA|DECODIFICADOR_3x8:P1|lpm_mux:Mux4|muxlut:$00010|muxlut:$00014|_~8           ; out0             ;
; |ULA|DECODIFICADOR_3x8:P1|lpm_mux:Mux4|muxlut:$00010|muxlut:$00014|result_node   ; |ULA|DECODIFICADOR_3x8:P1|lpm_mux:Mux4|muxlut:$00010|muxlut:$00014|result_node   ; out0             ;
; |ULA|DECODIFICADOR_3x8:P1|lpm_mux:Mux4|muxlut:$00010|muxlut:$00012|_~4           ; |ULA|DECODIFICADOR_3x8:P1|lpm_mux:Mux4|muxlut:$00010|muxlut:$00012|_~4           ; out0             ;
; |ULA|DECODIFICADOR_3x8:P1|lpm_mux:Mux4|muxlut:$00010|muxlut:$00012|_~5           ; |ULA|DECODIFICADOR_3x8:P1|lpm_mux:Mux4|muxlut:$00010|muxlut:$00012|_~5           ; out0             ;
; |ULA|DECODIFICADOR_3x8:P1|lpm_mux:Mux4|muxlut:$00010|muxlut:$00012|_~8           ; |ULA|DECODIFICADOR_3x8:P1|lpm_mux:Mux4|muxlut:$00010|muxlut:$00012|_~8           ; out0             ;
; |ULA|DECODIFICADOR_3x8:P1|lpm_mux:Mux3|muxlut:$00010|muxlut:$00016|result_node~0 ; |ULA|DECODIFICADOR_3x8:P1|lpm_mux:Mux3|muxlut:$00010|muxlut:$00016|result_node~0 ; out0             ;
; |ULA|DECODIFICADOR_3x8:P1|lpm_mux:Mux3|muxlut:$00010|muxlut:$00014|_~1           ; |ULA|DECODIFICADOR_3x8:P1|lpm_mux:Mux3|muxlut:$00010|muxlut:$00014|_~1           ; out0             ;
; |ULA|DECODIFICADOR_3x8:P1|lpm_mux:Mux3|muxlut:$00010|muxlut:$00014|_~4           ; |ULA|DECODIFICADOR_3x8:P1|lpm_mux:Mux3|muxlut:$00010|muxlut:$00014|_~4           ; out0             ;
; |ULA|DECODIFICADOR_3x8:P1|lpm_mux:Mux3|muxlut:$00010|muxlut:$00014|_~5           ; |ULA|DECODIFICADOR_3x8:P1|lpm_mux:Mux3|muxlut:$00010|muxlut:$00014|_~5           ; out0             ;
; |ULA|DECODIFICADOR_3x8:P1|lpm_mux:Mux3|muxlut:$00010|muxlut:$00012|_~1           ; |ULA|DECODIFICADOR_3x8:P1|lpm_mux:Mux3|muxlut:$00010|muxlut:$00012|_~1           ; out0             ;
; |ULA|DECODIFICADOR_3x8:P1|lpm_mux:Mux3|muxlut:$00010|muxlut:$00012|_~4           ; |ULA|DECODIFICADOR_3x8:P1|lpm_mux:Mux3|muxlut:$00010|muxlut:$00012|_~4           ; out0             ;
; |ULA|DECODIFICADOR_3x8:P1|lpm_mux:Mux3|muxlut:$00010|muxlut:$00012|_~5           ; |ULA|DECODIFICADOR_3x8:P1|lpm_mux:Mux3|muxlut:$00010|muxlut:$00012|_~5           ; out0             ;
; |ULA|DECODIFICADOR_3x8:P1|lpm_mux:Mux3|muxlut:$00010|muxlut:$00012|_~8           ; |ULA|DECODIFICADOR_3x8:P1|lpm_mux:Mux3|muxlut:$00010|muxlut:$00012|_~8           ; out0             ;
; |ULA|DECODIFICADOR_3x8:P1|lpm_mux:Mux3|muxlut:$00010|muxlut:$00012|result_node   ; |ULA|DECODIFICADOR_3x8:P1|lpm_mux:Mux3|muxlut:$00010|muxlut:$00012|result_node   ; out0             ;
; |ULA|DECODIFICADOR_3x8:P1|lpm_mux:Mux2|muxlut:$00010|muxlut:$00016|result_node~0 ; |ULA|DECODIFICADOR_3x8:P1|lpm_mux:Mux2|muxlut:$00010|muxlut:$00016|result_node~0 ; out0             ;
; |ULA|DECODIFICADOR_3x8:P1|lpm_mux:Mux2|muxlut:$00010|muxlut:$00014|_~1           ; |ULA|DECODIFICADOR_3x8:P1|lpm_mux:Mux2|muxlut:$00010|muxlut:$00014|_~1           ; out0             ;
; |ULA|DECODIFICADOR_3x8:P1|lpm_mux:Mux2|muxlut:$00010|muxlut:$00014|_~4           ; |ULA|DECODIFICADOR_3x8:P1|lpm_mux:Mux2|muxlut:$00010|muxlut:$00014|_~4           ; out0             ;
; |ULA|DECODIFICADOR_3x8:P1|lpm_mux:Mux2|muxlut:$00010|muxlut:$00014|_~8           ; |ULA|DECODIFICADOR_3x8:P1|lpm_mux:Mux2|muxlut:$00010|muxlut:$00014|_~8           ; out0             ;
; |ULA|DECODIFICADOR_3x8:P1|lpm_mux:Mux2|muxlut:$00010|muxlut:$00012|_~1           ; |ULA|DECODIFICADOR_3x8:P1|lpm_mux:Mux2|muxlut:$00010|muxlut:$00012|_~1           ; out0             ;
; |ULA|DECODIFICADOR_3x8:P1|lpm_mux:Mux2|muxlut:$00010|muxlut:$00012|_~4           ; |ULA|DECODIFICADOR_3x8:P1|lpm_mux:Mux2|muxlut:$00010|muxlut:$00012|_~4           ; out0             ;
; |ULA|DECODIFICADOR_3x8:P1|lpm_mux:Mux2|muxlut:$00010|muxlut:$00012|_~5           ; |ULA|DECODIFICADOR_3x8:P1|lpm_mux:Mux2|muxlut:$00010|muxlut:$00012|_~5           ; out0             ;
; |ULA|DECODIFICADOR_3x8:P1|lpm_mux:Mux2|muxlut:$00010|muxlut:$00012|_~8           ; |ULA|DECODIFICADOR_3x8:P1|lpm_mux:Mux2|muxlut:$00010|muxlut:$00012|_~8           ; out0             ;
; |ULA|DECODIFICADOR_3x8:P1|lpm_mux:Mux2|muxlut:$00010|muxlut:$00012|result_node   ; |ULA|DECODIFICADOR_3x8:P1|lpm_mux:Mux2|muxlut:$00010|muxlut:$00012|result_node   ; out0             ;
; |ULA|DECODIFICADOR_3x8:P1|lpm_mux:Mux1|muxlut:$00010|muxlut:$00016|result_node~0 ; |ULA|DECODIFICADOR_3x8:P1|lpm_mux:Mux1|muxlut:$00010|muxlut:$00016|result_node~0 ; out0             ;
; |ULA|DECODIFICADOR_3x8:P1|lpm_mux:Mux1|muxlut:$00010|muxlut:$00014|_~1           ; |ULA|DECODIFICADOR_3x8:P1|lpm_mux:Mux1|muxlut:$00010|muxlut:$00014|_~1           ; out0             ;
; |ULA|DECODIFICADOR_3x8:P1|lpm_mux:Mux1|muxlut:$00010|muxlut:$00014|_~5           ; |ULA|DECODIFICADOR_3x8:P1|lpm_mux:Mux1|muxlut:$00010|muxlut:$00014|_~5           ; out0             ;
; |ULA|DECODIFICADOR_3x8:P1|lpm_mux:Mux1|muxlut:$00010|muxlut:$00014|_~8           ; |ULA|DECODIFICADOR_3x8:P1|lpm_mux:Mux1|muxlut:$00010|muxlut:$00014|_~8           ; out0             ;
; |ULA|DECODIFICADOR_3x8:P1|lpm_mux:Mux1|muxlut:$00010|muxlut:$00012|_~1           ; |ULA|DECODIFICADOR_3x8:P1|lpm_mux:Mux1|muxlut:$00010|muxlut:$00012|_~1           ; out0             ;
; |ULA|DECODIFICADOR_3x8:P1|lpm_mux:Mux1|muxlut:$00010|muxlut:$00012|_~4           ; |ULA|DECODIFICADOR_3x8:P1|lpm_mux:Mux1|muxlut:$00010|muxlut:$00012|_~4           ; out0             ;
; |ULA|DECODIFICADOR_3x8:P1|lpm_mux:Mux1|muxlut:$00010|muxlut:$00012|_~5           ; |ULA|DECODIFICADOR_3x8:P1|lpm_mux:Mux1|muxlut:$00010|muxlut:$00012|_~5           ; out0             ;
; |ULA|DECODIFICADOR_3x8:P1|lpm_mux:Mux1|muxlut:$00010|muxlut:$00012|_~8           ; |ULA|DECODIFICADOR_3x8:P1|lpm_mux:Mux1|muxlut:$00010|muxlut:$00012|_~8           ; out0             ;
; |ULA|DECODIFICADOR_3x8:P1|lpm_mux:Mux1|muxlut:$00010|muxlut:$00012|result_node   ; |ULA|DECODIFICADOR_3x8:P1|lpm_mux:Mux1|muxlut:$00010|muxlut:$00012|result_node   ; out0             ;
; |ULA|DECODIFICADOR_3x8:P1|lpm_mux:Mux0|muxlut:$00010|muxlut:$00016|result_node~0 ; |ULA|DECODIFICADOR_3x8:P1|lpm_mux:Mux0|muxlut:$00010|muxlut:$00016|result_node~0 ; out0             ;
; |ULA|DECODIFICADOR_3x8:P1|lpm_mux:Mux0|muxlut:$00010|muxlut:$00014|_~4           ; |ULA|DECODIFICADOR_3x8:P1|lpm_mux:Mux0|muxlut:$00010|muxlut:$00014|_~4           ; out0             ;
; |ULA|DECODIFICADOR_3x8:P1|lpm_mux:Mux0|muxlut:$00010|muxlut:$00014|_~5           ; |ULA|DECODIFICADOR_3x8:P1|lpm_mux:Mux0|muxlut:$00010|muxlut:$00014|_~5           ; out0             ;
; |ULA|DECODIFICADOR_3x8:P1|lpm_mux:Mux0|muxlut:$00010|muxlut:$00014|_~8           ; |ULA|DECODIFICADOR_3x8:P1|lpm_mux:Mux0|muxlut:$00010|muxlut:$00014|_~8           ; out0             ;
; |ULA|DECODIFICADOR_3x8:P1|lpm_mux:Mux0|muxlut:$00010|muxlut:$00012|_~1           ; |ULA|DECODIFICADOR_3x8:P1|lpm_mux:Mux0|muxlut:$00010|muxlut:$00012|_~1           ; out0             ;
; |ULA|DECODIFICADOR_3x8:P1|lpm_mux:Mux0|muxlut:$00010|muxlut:$00012|_~4           ; |ULA|DECODIFICADOR_3x8:P1|lpm_mux:Mux0|muxlut:$00010|muxlut:$00012|_~4           ; out0             ;
; |ULA|DECODIFICADOR_3x8:P1|lpm_mux:Mux0|muxlut:$00010|muxlut:$00012|_~5           ; |ULA|DECODIFICADOR_3x8:P1|lpm_mux:Mux0|muxlut:$00010|muxlut:$00012|_~5           ; out0             ;
; |ULA|DECODIFICADOR_3x8:P1|lpm_mux:Mux0|muxlut:$00010|muxlut:$00012|_~8           ; |ULA|DECODIFICADOR_3x8:P1|lpm_mux:Mux0|muxlut:$00010|muxlut:$00012|_~8           ; out0             ;
; |ULA|DECODIFICADOR_3x8:P1|lpm_mux:Mux0|muxlut:$00010|muxlut:$00012|result_node   ; |ULA|DECODIFICADOR_3x8:P1|lpm_mux:Mux0|muxlut:$00010|muxlut:$00012|result_node   ; out0             ;
; |ULA|SOMADOR:P2|lpm_mux:Mux1|muxlut:$00010|muxlut:$00014|result_node~0           ; |ULA|SOMADOR:P2|lpm_mux:Mux1|muxlut:$00010|muxlut:$00014|result_node~0           ; out0             ;
; |ULA|SOMADOR:P2|lpm_mux:Mux1|muxlut:$00010|muxlut:$00014|_~8                     ; |ULA|SOMADOR:P2|lpm_mux:Mux1|muxlut:$00010|muxlut:$00014|_~8                     ; out0             ;
; |ULA|SOMADOR:P2|lpm_mux:Mux1|muxlut:$00010|muxlut:$00012|_~4                     ; |ULA|SOMADOR:P2|lpm_mux:Mux1|muxlut:$00010|muxlut:$00012|_~4                     ; out0             ;
; |ULA|SOMADOR:P2|lpm_mux:Mux1|muxlut:$00010|muxlut:$00012|_~5                     ; |ULA|SOMADOR:P2|lpm_mux:Mux1|muxlut:$00010|muxlut:$00012|_~5                     ; out0             ;
; |ULA|SOMADOR:P2|lpm_mux:Mux1|muxlut:$00010|muxlut:$00012|_~8                     ; |ULA|SOMADOR:P2|lpm_mux:Mux1|muxlut:$00010|muxlut:$00012|_~8                     ; out0             ;
; |ULA|SOMADOR:P2|lpm_mux:Mux0|muxlut:$00010|muxlut:$00014|_~4                     ; |ULA|SOMADOR:P2|lpm_mux:Mux0|muxlut:$00010|muxlut:$00014|_~4                     ; out0             ;
; |ULA|SOMADOR:P2|lpm_mux:Mux0|muxlut:$00010|muxlut:$00014|_~5                     ; |ULA|SOMADOR:P2|lpm_mux:Mux0|muxlut:$00010|muxlut:$00014|_~5                     ; out0             ;
; |ULA|SOMADOR:P2|lpm_mux:Mux0|muxlut:$00010|muxlut:$00012|_~1                     ; |ULA|SOMADOR:P2|lpm_mux:Mux0|muxlut:$00010|muxlut:$00012|_~1                     ; out0             ;
; |ULA|SOMADOR:P2|lpm_mux:Mux0|muxlut:$00010|muxlut:$00012|_~8                     ; |ULA|SOMADOR:P2|lpm_mux:Mux0|muxlut:$00010|muxlut:$00012|_~8                     ; out0             ;
+----------------------------------------------------------------------------------+----------------------------------------------------------------------------------+------------------+


The following table displays output ports that do not toggle to 0 during simulation.
+----------------------------------------------------------------------------------------------------------------------------------------------------------------------------------------+
; Missing 0-Value Coverage                                                                                                                                                               ;
+----------------------------------------------------------------------------------+----------------------------------------------------------------------------------+------------------+
; Node Name                                                                        ; Output Port Name                                                                 ; Output Port Type ;
+----------------------------------------------------------------------------------+----------------------------------------------------------------------------------+------------------+
; |ULA|DECODIFICADOR_3x8:P1|lpm_mux:Mux7|muxlut:$00010|muxlut:$00016|result_node~1 ; |ULA|DECODIFICADOR_3x8:P1|lpm_mux:Mux7|muxlut:$00010|muxlut:$00016|result_node~1 ; out0             ;
; |ULA|DECODIFICADOR_3x8:P1|lpm_mux:Mux7|muxlut:$00010|muxlut:$00014|_~1           ; |ULA|DECODIFICADOR_3x8:P1|lpm_mux:Mux7|muxlut:$00010|muxlut:$00014|_~1           ; out0             ;
; |ULA|DECODIFICADOR_3x8:P1|lpm_mux:Mux7|muxlut:$00010|muxlut:$00014|_~4           ; |ULA|DECODIFICADOR_3x8:P1|lpm_mux:Mux7|muxlut:$00010|muxlut:$00014|_~4           ; out0             ;
; |ULA|DECODIFICADOR_3x8:P1|lpm_mux:Mux7|muxlut:$00010|muxlut:$00014|_~5           ; |ULA|DECODIFICADOR_3x8:P1|lpm_mux:Mux7|muxlut:$00010|muxlut:$00014|_~5           ; out0             ;
; |ULA|DECODIFICADOR_3x8:P1|lpm_mux:Mux7|muxlut:$00010|muxlut:$00014|_~8           ; |ULA|DECODIFICADOR_3x8:P1|lpm_mux:Mux7|muxlut:$00010|muxlut:$00014|_~8           ; out0             ;
; |ULA|DECODIFICADOR_3x8:P1|lpm_mux:Mux7|muxlut:$00010|muxlut:$00014|result_node   ; |ULA|DECODIFICADOR_3x8:P1|lpm_mux:Mux7|muxlut:$00010|muxlut:$00014|result_node   ; out0             ;
; |ULA|DECODIFICADOR_3x8:P1|lpm_mux:Mux7|muxlut:$00010|muxlut:$00012|_~1           ; |ULA|DECODIFICADOR_3x8:P1|lpm_mux:Mux7|muxlut:$00010|muxlut:$00012|_~1           ; out0             ;
; |ULA|DECODIFICADOR_3x8:P1|lpm_mux:Mux7|muxlut:$00010|muxlut:$00012|_~4           ; |ULA|DECODIFICADOR_3x8:P1|lpm_mux:Mux7|muxlut:$00010|muxlut:$00012|_~4           ; out0             ;
; |ULA|DECODIFICADOR_3x8:P1|lpm_mux:Mux7|muxlut:$00010|muxlut:$00012|_~5           ; |ULA|DECODIFICADOR_3x8:P1|lpm_mux:Mux7|muxlut:$00010|muxlut:$00012|_~5           ; out0             ;
; |ULA|DECODIFICADOR_3x8:P1|lpm_mux:Mux6|muxlut:$00010|muxlut:$00016|result_node~1 ; |ULA|DECODIFICADOR_3x8:P1|lpm_mux:Mux6|muxlut:$00010|muxlut:$00016|result_node~1 ; out0             ;
; |ULA|DECODIFICADOR_3x8:P1|lpm_mux:Mux6|muxlut:$00010|muxlut:$00014|_~1           ; |ULA|DECODIFICADOR_3x8:P1|lpm_mux:Mux6|muxlut:$00010|muxlut:$00014|_~1           ; out0             ;
; |ULA|DECODIFICADOR_3x8:P1|lpm_mux:Mux6|muxlut:$00010|muxlut:$00014|_~4           ; |ULA|DECODIFICADOR_3x8:P1|lpm_mux:Mux6|muxlut:$00010|muxlut:$00014|_~4           ; out0             ;
; |ULA|DECODIFICADOR_3x8:P1|lpm_mux:Mux6|muxlut:$00010|muxlut:$00014|_~5           ; |ULA|DECODIFICADOR_3x8:P1|lpm_mux:Mux6|muxlut:$00010|muxlut:$00014|_~5           ; out0             ;
; |ULA|DECODIFICADOR_3x8:P1|lpm_mux:Mux6|muxlut:$00010|muxlut:$00014|_~8           ; |ULA|DECODIFICADOR_3x8:P1|lpm_mux:Mux6|muxlut:$00010|muxlut:$00014|_~8           ; out0             ;
; |ULA|DECODIFICADOR_3x8:P1|lpm_mux:Mux6|muxlut:$00010|muxlut:$00014|result_node   ; |ULA|DECODIFICADOR_3x8:P1|lpm_mux:Mux6|muxlut:$00010|muxlut:$00014|result_node   ; out0             ;
; |ULA|DECODIFICADOR_3x8:P1|lpm_mux:Mux6|muxlut:$00010|muxlut:$00012|_~1           ; |ULA|DECODIFICADOR_3x8:P1|lpm_mux:Mux6|muxlut:$00010|muxlut:$00012|_~1           ; out0             ;
; |ULA|DECODIFICADOR_3x8:P1|lpm_mux:Mux6|muxlut:$00010|muxlut:$00012|_~4           ; |ULA|DECODIFICADOR_3x8:P1|lpm_mux:Mux6|muxlut:$00010|muxlut:$00012|_~4           ; out0             ;
; |ULA|DECODIFICADOR_3x8:P1|lpm_mux:Mux6|muxlut:$00010|muxlut:$00012|_~8           ; |ULA|DECODIFICADOR_3x8:P1|lpm_mux:Mux6|muxlut:$00010|muxlut:$00012|_~8           ; out0             ;
; |ULA|DECODIFICADOR_3x8:P1|lpm_mux:Mux5|muxlut:$00010|muxlut:$00016|result_node~1 ; |ULA|DECODIFICADOR_3x8:P1|lpm_mux:Mux5|muxlut:$00010|muxlut:$00016|result_node~1 ; out0             ;
; |ULA|DECODIFICADOR_3x8:P1|lpm_mux:Mux5|muxlut:$00010|muxlut:$00014|_~1           ; |ULA|DECODIFICADOR_3x8:P1|lpm_mux:Mux5|muxlut:$00010|muxlut:$00014|_~1           ; out0             ;
; |ULA|DECODIFICADOR_3x8:P1|lpm_mux:Mux5|muxlut:$00010|muxlut:$00014|_~4           ; |ULA|DECODIFICADOR_3x8:P1|lpm_mux:Mux5|muxlut:$00010|muxlut:$00014|_~4           ; out0             ;
; |ULA|DECODIFICADOR_3x8:P1|lpm_mux:Mux5|muxlut:$00010|muxlut:$00014|_~5           ; |ULA|DECODIFICADOR_3x8:P1|lpm_mux:Mux5|muxlut:$00010|muxlut:$00014|_~5           ; out0             ;
; |ULA|DECODIFICADOR_3x8:P1|lpm_mux:Mux5|muxlut:$00010|muxlut:$00014|_~8           ; |ULA|DECODIFICADOR_3x8:P1|lpm_mux:Mux5|muxlut:$00010|muxlut:$00014|_~8           ; out0             ;
; |ULA|DECODIFICADOR_3x8:P1|lpm_mux:Mux5|muxlut:$00010|muxlut:$00014|result_node   ; |ULA|DECODIFICADOR_3x8:P1|lpm_mux:Mux5|muxlut:$00010|muxlut:$00014|result_node   ; out0             ;
; |ULA|DECODIFICADOR_3x8:P1|lpm_mux:Mux5|muxlut:$00010|muxlut:$00012|_~1           ; |ULA|DECODIFICADOR_3x8:P1|lpm_mux:Mux5|muxlut:$00010|muxlut:$00012|_~1           ; out0             ;
; |ULA|DECODIFICADOR_3x8:P1|lpm_mux:Mux5|muxlut:$00010|muxlut:$00012|_~5           ; |ULA|DECODIFICADOR_3x8:P1|lpm_mux:Mux5|muxlut:$00010|muxlut:$00012|_~5           ; out0             ;
; |ULA|DECODIFICADOR_3x8:P1|lpm_mux:Mux5|muxlut:$00010|muxlut:$00012|_~8           ; |ULA|DECODIFICADOR_3x8:P1|lpm_mux:Mux5|muxlut:$00010|muxlut:$00012|_~8           ; out0             ;
; |ULA|DECODIFICADOR_3x8:P1|lpm_mux:Mux4|muxlut:$00010|muxlut:$00016|result_node~1 ; |ULA|DECODIFICADOR_3x8:P1|lpm_mux:Mux4|muxlut:$00010|muxlut:$00016|result_node~1 ; out0             ;
; |ULA|DECODIFICADOR_3x8:P1|lpm_mux:Mux4|muxlut:$00010|muxlut:$00014|_~1           ; |ULA|DECODIFICADOR_3x8:P1|lpm_mux:Mux4|muxlut:$00010|muxlut:$00014|_~1           ; out0             ;
; |ULA|DECODIFICADOR_3x8:P1|lpm_mux:Mux4|muxlut:$00010|muxlut:$00014|_~4           ; |ULA|DECODIFICADOR_3x8:P1|lpm_mux:Mux4|muxlut:$00010|muxlut:$00014|_~4           ; out0             ;
; |ULA|DECODIFICADOR_3x8:P1|lpm_mux:Mux4|muxlut:$00010|muxlut:$00014|_~5           ; |ULA|DECODIFICADOR_3x8:P1|lpm_mux:Mux4|muxlut:$00010|muxlut:$00014|_~5           ; out0             ;
; |ULA|DECODIFICADOR_3x8:P1|lpm_mux:Mux4|muxlut:$00010|muxlut:$00014|_~8           ; |ULA|DECODIFICADOR_3x8:P1|lpm_mux:Mux4|muxlut:$00010|muxlut:$00014|_~8           ; out0             ;
; |ULA|DECODIFICADOR_3x8:P1|lpm_mux:Mux4|muxlut:$00010|muxlut:$00014|result_node   ; |ULA|DECODIFICADOR_3x8:P1|lpm_mux:Mux4|muxlut:$00010|muxlut:$00014|result_node   ; out0             ;
; |ULA|DECODIFICADOR_3x8:P1|lpm_mux:Mux4|muxlut:$00010|muxlut:$00012|_~4           ; |ULA|DECODIFICADOR_3x8:P1|lpm_mux:Mux4|muxlut:$00010|muxlut:$00012|_~4           ; out0             ;
; |ULA|DECODIFICADOR_3x8:P1|lpm_mux:Mux4|muxlut:$00010|muxlut:$00012|_~5           ; |ULA|DECODIFICADOR_3x8:P1|lpm_mux:Mux4|muxlut:$00010|muxlut:$00012|_~5           ; out0             ;
; |ULA|DECODIFICADOR_3x8:P1|lpm_mux:Mux4|muxlut:$00010|muxlut:$00012|_~8           ; |ULA|DECODIFICADOR_3x8:P1|lpm_mux:Mux4|muxlut:$00010|muxlut:$00012|_~8           ; out0             ;
; |ULA|DECODIFICADOR_3x8:P1|lpm_mux:Mux3|muxlut:$00010|muxlut:$00016|result_node~0 ; |ULA|DECODIFICADOR_3x8:P1|lpm_mux:Mux3|muxlut:$00010|muxlut:$00016|result_node~0 ; out0             ;
; |ULA|DECODIFICADOR_3x8:P1|lpm_mux:Mux3|muxlut:$00010|muxlut:$00014|_~1           ; |ULA|DECODIFICADOR_3x8:P1|lpm_mux:Mux3|muxlut:$00010|muxlut:$00014|_~1           ; out0             ;
; |ULA|DECODIFICADOR_3x8:P1|lpm_mux:Mux3|muxlut:$00010|muxlut:$00014|_~4           ; |ULA|DECODIFICADOR_3x8:P1|lpm_mux:Mux3|muxlut:$00010|muxlut:$00014|_~4           ; out0             ;
; |ULA|DECODIFICADOR_3x8:P1|lpm_mux:Mux3|muxlut:$00010|muxlut:$00014|_~5           ; |ULA|DECODIFICADOR_3x8:P1|lpm_mux:Mux3|muxlut:$00010|muxlut:$00014|_~5           ; out0             ;
; |ULA|DECODIFICADOR_3x8:P1|lpm_mux:Mux3|muxlut:$00010|muxlut:$00012|_~1           ; |ULA|DECODIFICADOR_3x8:P1|lpm_mux:Mux3|muxlut:$00010|muxlut:$00012|_~1           ; out0             ;
; |ULA|DECODIFICADOR_3x8:P1|lpm_mux:Mux3|muxlut:$00010|muxlut:$00012|_~4           ; |ULA|DECODIFICADOR_3x8:P1|lpm_mux:Mux3|muxlut:$00010|muxlut:$00012|_~4           ; out0             ;
; |ULA|DECODIFICADOR_3x8:P1|lpm_mux:Mux3|muxlut:$00010|muxlut:$00012|_~5           ; |ULA|DECODIFICADOR_3x8:P1|lpm_mux:Mux3|muxlut:$00010|muxlut:$00012|_~5           ; out0             ;
; |ULA|DECODIFICADOR_3x8:P1|lpm_mux:Mux3|muxlut:$00010|muxlut:$00012|_~8           ; |ULA|DECODIFICADOR_3x8:P1|lpm_mux:Mux3|muxlut:$00010|muxlut:$00012|_~8           ; out0             ;
; |ULA|DECODIFICADOR_3x8:P1|lpm_mux:Mux3|muxlut:$00010|muxlut:$00012|result_node   ; |ULA|DECODIFICADOR_3x8:P1|lpm_mux:Mux3|muxlut:$00010|muxlut:$00012|result_node   ; out0             ;
; |ULA|DECODIFICADOR_3x8:P1|lpm_mux:Mux2|muxlut:$00010|muxlut:$00016|result_node~0 ; |ULA|DECODIFICADOR_3x8:P1|lpm_mux:Mux2|muxlut:$00010|muxlut:$00016|result_node~0 ; out0             ;
; |ULA|DECODIFICADOR_3x8:P1|lpm_mux:Mux2|muxlut:$00010|muxlut:$00014|_~1           ; |ULA|DECODIFICADOR_3x8:P1|lpm_mux:Mux2|muxlut:$00010|muxlut:$00014|_~1           ; out0             ;
; |ULA|DECODIFICADOR_3x8:P1|lpm_mux:Mux2|muxlut:$00010|muxlut:$00014|_~4           ; |ULA|DECODIFICADOR_3x8:P1|lpm_mux:Mux2|muxlut:$00010|muxlut:$00014|_~4           ; out0             ;
; |ULA|DECODIFICADOR_3x8:P1|lpm_mux:Mux2|muxlut:$00010|muxlut:$00014|_~8           ; |ULA|DECODIFICADOR_3x8:P1|lpm_mux:Mux2|muxlut:$00010|muxlut:$00014|_~8           ; out0             ;
; |ULA|DECODIFICADOR_3x8:P1|lpm_mux:Mux2|muxlut:$00010|muxlut:$00012|_~1           ; |ULA|DECODIFICADOR_3x8:P1|lpm_mux:Mux2|muxlut:$00010|muxlut:$00012|_~1           ; out0             ;
; |ULA|DECODIFICADOR_3x8:P1|lpm_mux:Mux2|muxlut:$00010|muxlut:$00012|_~4           ; |ULA|DECODIFICADOR_3x8:P1|lpm_mux:Mux2|muxlut:$00010|muxlut:$00012|_~4           ; out0             ;
; |ULA|DECODIFICADOR_3x8:P1|lpm_mux:Mux2|muxlut:$00010|muxlut:$00012|_~5           ; |ULA|DECODIFICADOR_3x8:P1|lpm_mux:Mux2|muxlut:$00010|muxlut:$00012|_~5           ; out0             ;
; |ULA|DECODIFICADOR_3x8:P1|lpm_mux:Mux2|muxlut:$00010|muxlut:$00012|_~8           ; |ULA|DECODIFICADOR_3x8:P1|lpm_mux:Mux2|muxlut:$00010|muxlut:$00012|_~8           ; out0             ;
; |ULA|DECODIFICADOR_3x8:P1|lpm_mux:Mux2|muxlut:$00010|muxlut:$00012|result_node   ; |ULA|DECODIFICADOR_3x8:P1|lpm_mux:Mux2|muxlut:$00010|muxlut:$00012|result_node   ; out0             ;
; |ULA|DECODIFICADOR_3x8:P1|lpm_mux:Mux1|muxlut:$00010|muxlut:$00016|result_node~0 ; |ULA|DECODIFICADOR_3x8:P1|lpm_mux:Mux1|muxlut:$00010|muxlut:$00016|result_node~0 ; out0             ;
; |ULA|DECODIFICADOR_3x8:P1|lpm_mux:Mux1|muxlut:$00010|muxlut:$00014|_~1           ; |ULA|DECODIFICADOR_3x8:P1|lpm_mux:Mux1|muxlut:$00010|muxlut:$00014|_~1           ; out0             ;
; |ULA|DECODIFICADOR_3x8:P1|lpm_mux:Mux1|muxlut:$00010|muxlut:$00014|_~5           ; |ULA|DECODIFICADOR_3x8:P1|lpm_mux:Mux1|muxlut:$00010|muxlut:$00014|_~5           ; out0             ;
; |ULA|DECODIFICADOR_3x8:P1|lpm_mux:Mux1|muxlut:$00010|muxlut:$00014|_~8           ; |ULA|DECODIFICADOR_3x8:P1|lpm_mux:Mux1|muxlut:$00010|muxlut:$00014|_~8           ; out0             ;
; |ULA|DECODIFICADOR_3x8:P1|lpm_mux:Mux1|muxlut:$00010|muxlut:$00012|_~1           ; |ULA|DECODIFICADOR_3x8:P1|lpm_mux:Mux1|muxlut:$00010|muxlut:$00012|_~1           ; out0             ;
; |ULA|DECODIFICADOR_3x8:P1|lpm_mux:Mux1|muxlut:$00010|muxlut:$00012|_~4           ; |ULA|DECODIFICADOR_3x8:P1|lpm_mux:Mux1|muxlut:$00010|muxlut:$00012|_~4           ; out0             ;
; |ULA|DECODIFICADOR_3x8:P1|lpm_mux:Mux1|muxlut:$00010|muxlut:$00012|_~5           ; |ULA|DECODIFICADOR_3x8:P1|lpm_mux:Mux1|muxlut:$00010|muxlut:$00012|_~5           ; out0             ;
; |ULA|DECODIFICADOR_3x8:P1|lpm_mux:Mux1|muxlut:$00010|muxlut:$00012|_~8           ; |ULA|DECODIFICADOR_3x8:P1|lpm_mux:Mux1|muxlut:$00010|muxlut:$00012|_~8           ; out0             ;
; |ULA|DECODIFICADOR_3x8:P1|lpm_mux:Mux1|muxlut:$00010|muxlut:$00012|result_node   ; |ULA|DECODIFICADOR_3x8:P1|lpm_mux:Mux1|muxlut:$00010|muxlut:$00012|result_node   ; out0             ;
; |ULA|DECODIFICADOR_3x8:P1|lpm_mux:Mux0|muxlut:$00010|muxlut:$00016|result_node~0 ; |ULA|DECODIFICADOR_3x8:P1|lpm_mux:Mux0|muxlut:$00010|muxlut:$00016|result_node~0 ; out0             ;
; |ULA|DECODIFICADOR_3x8:P1|lpm_mux:Mux0|muxlut:$00010|muxlut:$00014|_~4           ; |ULA|DECODIFICADOR_3x8:P1|lpm_mux:Mux0|muxlut:$00010|muxlut:$00014|_~4           ; out0             ;
; |ULA|DECODIFICADOR_3x8:P1|lpm_mux:Mux0|muxlut:$00010|muxlut:$00014|_~5           ; |ULA|DECODIFICADOR_3x8:P1|lpm_mux:Mux0|muxlut:$00010|muxlut:$00014|_~5           ; out0             ;
; |ULA|DECODIFICADOR_3x8:P1|lpm_mux:Mux0|muxlut:$00010|muxlut:$00014|_~8           ; |ULA|DECODIFICADOR_3x8:P1|lpm_mux:Mux0|muxlut:$00010|muxlut:$00014|_~8           ; out0             ;
; |ULA|DECODIFICADOR_3x8:P1|lpm_mux:Mux0|muxlut:$00010|muxlut:$00012|_~1           ; |ULA|DECODIFICADOR_3x8:P1|lpm_mux:Mux0|muxlut:$00010|muxlut:$00012|_~1           ; out0             ;
; |ULA|DECODIFICADOR_3x8:P1|lpm_mux:Mux0|muxlut:$00010|muxlut:$00012|_~4           ; |ULA|DECODIFICADOR_3x8:P1|lpm_mux:Mux0|muxlut:$00010|muxlut:$00012|_~4           ; out0             ;
; |ULA|DECODIFICADOR_3x8:P1|lpm_mux:Mux0|muxlut:$00010|muxlut:$00012|_~5           ; |ULA|DECODIFICADOR_3x8:P1|lpm_mux:Mux0|muxlut:$00010|muxlut:$00012|_~5           ; out0             ;
; |ULA|DECODIFICADOR_3x8:P1|lpm_mux:Mux0|muxlut:$00010|muxlut:$00012|_~8           ; |ULA|DECODIFICADOR_3x8:P1|lpm_mux:Mux0|muxlut:$00010|muxlut:$00012|_~8           ; out0             ;
; |ULA|DECODIFICADOR_3x8:P1|lpm_mux:Mux0|muxlut:$00010|muxlut:$00012|result_node   ; |ULA|DECODIFICADOR_3x8:P1|lpm_mux:Mux0|muxlut:$00010|muxlut:$00012|result_node   ; out0             ;
; |ULA|SOMADOR:P2|lpm_mux:Mux1|muxlut:$00010|muxlut:$00014|result_node~0           ; |ULA|SOMADOR:P2|lpm_mux:Mux1|muxlut:$00010|muxlut:$00014|result_node~0           ; out0             ;
; |ULA|SOMADOR:P2|lpm_mux:Mux1|muxlut:$00010|muxlut:$00014|_~8                     ; |ULA|SOMADOR:P2|lpm_mux:Mux1|muxlut:$00010|muxlut:$00014|_~8                     ; out0             ;
; |ULA|SOMADOR:P2|lpm_mux:Mux1|muxlut:$00010|muxlut:$00012|_~4                     ; |ULA|SOMADOR:P2|lpm_mux:Mux1|muxlut:$00010|muxlut:$00012|_~4                     ; out0             ;
; |ULA|SOMADOR:P2|lpm_mux:Mux1|muxlut:$00010|muxlut:$00012|_~5                     ; |ULA|SOMADOR:P2|lpm_mux:Mux1|muxlut:$00010|muxlut:$00012|_~5                     ; out0             ;
; |ULA|SOMADOR:P2|lpm_mux:Mux1|muxlut:$00010|muxlut:$00012|_~8                     ; |ULA|SOMADOR:P2|lpm_mux:Mux1|muxlut:$00010|muxlut:$00012|_~8                     ; out0             ;
; |ULA|SOMADOR:P2|lpm_mux:Mux0|muxlut:$00010|muxlut:$00014|_~4                     ; |ULA|SOMADOR:P2|lpm_mux:Mux0|muxlut:$00010|muxlut:$00014|_~4                     ; out0             ;
; |ULA|SOMADOR:P2|lpm_mux:Mux0|muxlut:$00010|muxlut:$00014|_~5                     ; |ULA|SOMADOR:P2|lpm_mux:Mux0|muxlut:$00010|muxlut:$00014|_~5                     ; out0             ;
; |ULA|SOMADOR:P2|lpm_mux:Mux0|muxlut:$00010|muxlut:$00012|_~1                     ; |ULA|SOMADOR:P2|lpm_mux:Mux0|muxlut:$00010|muxlut:$00012|_~1                     ; out0             ;
; |ULA|SOMADOR:P2|lpm_mux:Mux0|muxlut:$00010|muxlut:$00012|_~8                     ; |ULA|SOMADOR:P2|lpm_mux:Mux0|muxlut:$00010|muxlut:$00012|_~8                     ; out0             ;
+----------------------------------------------------------------------------------+----------------------------------------------------------------------------------+------------------+


+---------------------+
; Simulator INI Usage ;
+--------+------------+
; Option ; Usage      ;
+--------+------------+


+--------------------+
; Simulator Messages ;
+--------------------+
Info: *******************************************************************
Info: Running Quartus II Simulator
    Info: Version 9.1 Build 350 03/24/2010 Service Pack 2 SJ Web Edition
    Info: Processing started: Wed May 15 01:00:51 2013
Info: Command: quartus_sim --read_settings_files=on --write_settings_files=off ULA -c ULA
Info: Using vector source file "C:/Users/JaumMessias/Downloads/worktrabalho/ula/ULA.vwf"
Info: Option to preserve fewer signal transitions to reduce memory requirements is enabled
    Info: Simulation has been partitioned into sub-simulations according to the maximum transition count determined by the engine. Transitions from memory will be flushed out to disk at the end of each sub-simulation to reduce memory requirements.
Info: Simulation partitioned into 1 sub-simulations
Info: Simulation coverage is      76.79 %
Info: Number of transitions in simulation is 4887
Info: Quartus II Simulator was successful. 0 errors, 0 warnings
    Info: Peak virtual memory: 131 megabytes
    Info: Processing ended: Wed May 15 01:00:52 2013
    Info: Elapsed time: 00:00:01
    Info: Total CPU time (on all processors): 00:00:01


