EDA Netlist Writer report for Exercicio_1
Thu Apr 18 22:24:23 2013
Quartus II Version 9.1 Build 350 03/24/2010 Service Pack 2 SJ Web Edition


---------------------
; Table of Contents ;
---------------------
  1. Legal Notice
  2. EDA Netlist Writer Summary
  3. Simulation Settings
  4. Simulation Generated Files
  5. Timing Analysis Settings
  6. Timing Analysis Generated Files
  7. EDA Netlist Writer Messages



----------------
; Legal Notice ;
----------------
Copyright (C) 1991-2010 Altera Corporation
Your use of Altera Corporation's design tools, logic functions 
and other software and tools, and its AMPP partner logic 
functions, and any output files from any of the foregoing 
(including device programming or simulation files), and any 
associated documentation or information are expressly subject 
to the terms and conditions of the Altera Program License 
Subscription Agreement, Altera MegaCore Function License 
Agreement, or other applicable license agreement, including, 
without limitation, that your use is for the sole purpose of 
programming logic devices manufactured by Altera and sold by 
Altera or its authorized distributors.  Please refer to the 
applicable agreement for further details.



+------------------------------------------------------------------------+
; EDA Netlist Writer Summary                                             ;
+--------------------------------+---------------------------------------+
; EDA Netlist Writer Status      ; Successful - Thu Apr 18 22:24:23 2013 ;
; Revision Name                  ; Exercicio_1                           ;
; Top-level Entity Name          ; Exercicio_1                           ;
; Family                         ; MAX7000S                              ;
; Simulation Files Creation      ; Successful                            ;
; Timing Analysis Files Creation ; Successful                            ;
+--------------------------------+---------------------------------------+


+---------------------------------------------------------------------------------------------------------------------+
; Simulation Settings                                                                                                 ;
+---------------------------------------------------------------------------------------------------+-----------------+
; Option                                                                                            ; Setting         ;
+---------------------------------------------------------------------------------------------------+-----------------+
; Tool Name                                                                                         ; ModelSim (VHDL) ;
; Generate netlist for functional simulation only                                                   ; Off             ;
; Time scale                                                                                        ; 1 ps            ;
; Truncate long hierarchy paths                                                                     ; Off             ;
; Map illegal HDL characters                                                                        ; Off             ;
; Flatten buses into individual nodes                                                               ; Off             ;
; Maintain hierarchy                                                                                ; Off             ;
; Bring out device-wide set/reset signals as ports                                                  ; Off             ;
; Enable glitch filtering                                                                           ; Off             ;
; Do not write top level VHDL entity                                                                ; Off             ;
; Disable detection of setup and hold time violations in the input registers of bi-directional pins ; Off             ;
; Architecture name in VHDL output netlist                                                          ; structure       ;
; Generate third-party EDA tool command script for RTL functional simulation                        ; Off             ;
; Generate third-party EDA tool command script for gate-level simulation                            ; Off             ;
+---------------------------------------------------------------------------------------------------+-----------------+


+---------------------------------------------------------------------------------------------------------------+
; Simulation Generated Files                                                                                    ;
+---------------------------------------------------------------------------------------------------------------+
; Generated Files                                                                                               ;
+---------------------------------------------------------------------------------------------------------------+
; C:/Users/Thiago/Desktop/Work/Listas de Exercicios/Lista 5/Exercicio_1/simulation/modelsim/Exercicio_1.vho     ;
; C:/Users/Thiago/Desktop/Work/Listas de Exercicios/Lista 5/Exercicio_1/simulation/modelsim/Exercicio_1_vhd.sdo ;
+---------------------------------------------------------------------------------------------------------------+


+-----------------------------------------------------------+
; Timing Analysis Settings                                  ;
+-------------------------------------+---------------------+
; Option                              ; Setting             ;
+-------------------------------------+---------------------+
; Tool Name                           ; PrimeTime (Verilog) ;
; Time scale                          ; 1 ps                ;
; Truncate long hierarchy paths       ; Off                 ;
; Map illegal HDL characters          ; Off                 ;
; Flatten buses into individual nodes ; Off                 ;
+-------------------------------------+---------------------+


+-------------------------------------------------------------------------------------------------------------+
; Timing Analysis Generated Files                                                                             ;
+-------------------------------------------------------------------------------------------------------------+
; Generated Files                                                                                             ;
+-------------------------------------------------------------------------------------------------------------+
; C:/Users/Thiago/Desktop/Work/Listas de Exercicios/Lista 5/Exercicio_1/timing/primetime/Exercicio_1.vo       ;
; C:/Users/Thiago/Desktop/Work/Listas de Exercicios/Lista 5/Exercicio_1/timing/primetime/Exercicio_1_v.sdo    ;
; C:/Users/Thiago/Desktop/Work/Listas de Exercicios/Lista 5/Exercicio_1/timing/primetime/Exercicio_1_pt_v.tcl ;
+-------------------------------------------------------------------------------------------------------------+


+-----------------------------+
; EDA Netlist Writer Messages ;
+-----------------------------+
Info: *******************************************************************
Info: Running Quartus II EDA Netlist Writer
    Info: Version 9.1 Build 350 03/24/2010 Service Pack 2 SJ Web Edition
    Info: Processing started: Thu Apr 18 22:24:23 2013
Info: Command: quartus_eda --read_settings_files=off --write_settings_files=off Exercicio_1 -c Exercicio_1
Info: Generated files "Exercicio_1.vho" and "Exercicio_1_vhd.sdo" in directory "C:/Users/Thiago/Desktop/Work/Listas de Exercicios/Lista 5/Exercicio_1/simulation/modelsim/" for EDA simulation tool
Info: Generated files "Exercicio_1.vo" and "Exercicio_1_v.sdo" in directory "C:/Users/Thiago/Desktop/Work/Listas de Exercicios/Lista 5/Exercicio_1/timing/primetime/" for EDA timing analysis tool
Warning: Expected ENABLE_CLOCK_LATENCY to be set to ON but is set to OFF
Info: Generated PrimeTime Tcl script file C:/Users/Thiago/Desktop/Work/Listas de Exercicios/Lista 5/Exercicio_1/timing/primetime/Exercicio_1_pt_v.tcl
Info: Quartus II EDA Netlist Writer was successful. 0 errors, 1 warning
    Info: Peak virtual memory: 186 megabytes
    Info: Processing ended: Thu Apr 18 22:24:23 2013
    Info: Elapsed time: 00:00:00
    Info: Total CPU time (on all processors): 00:00:00


