Analysis & Synthesis report for logica_relogio
Tue May 28 18:52:48 2013
Quartus II Version 9.1 Build 350 03/24/2010 Service Pack 2 SJ Web Edition


---------------------
; Table of Contents ;
---------------------
  1. Legal Notice
  2. Analysis & Synthesis Summary
  3. Analysis & Synthesis Settings
  4. Parallel Compilation
  5. Analysis & Synthesis Source Files Read
  6. Analysis & Synthesis Resource Usage Summary
  7. Analysis & Synthesis Resource Utilization by Entity
  8. Source assignments for lpm_counter:s6_rtl_0
  9. Source assignments for lpm_counter:s5_rtl_1
 10. Source assignments for lpm_counter:s4_rtl_2
 11. Source assignments for lpm_counter:s3_rtl_3
 12. Source assignments for lpm_counter:s2_rtl_4
 13. Source assignments for lpm_add_sub:Add5|addcore:adder
 14. Source assignments for lpm_add_sub:Add5|addcore:adder|addcore:adder[0]
 15. Parameter Settings for Inferred Entity Instance: lpm_counter:s6_rtl_0
 16. Parameter Settings for Inferred Entity Instance: lpm_counter:s5_rtl_1
 17. Parameter Settings for Inferred Entity Instance: lpm_counter:s4_rtl_2
 18. Parameter Settings for Inferred Entity Instance: lpm_counter:s3_rtl_3
 19. Parameter Settings for Inferred Entity Instance: lpm_counter:s2_rtl_4
 20. Parameter Settings for Inferred Entity Instance: lpm_add_sub:Add5
 21. Analysis & Synthesis Messages



----------------
; Legal Notice ;
----------------
Copyright (C) 1991-2010 Altera Corporation
Your use of Altera Corporation's design tools, logic functions 
and other software and tools, and its AMPP partner logic 
functions, and any output files from any of the foregoing 
(including device programming or simulation files), and any 
associated documentation or information are expressly subject 
to the terms and conditions of the Altera Program License 
Subscription Agreement, Altera MegaCore Function License 
Agreement, or other applicable license agreement, including, 
without limitation, that your use is for the sole purpose of 
programming logic devices manufactured by Altera and sold by 
Altera or its authorized distributors.  Please refer to the 
applicable agreement for further details.



+----------------------------------------------------------------------------+
; Analysis & Synthesis Summary                                               ;
+-----------------------------+----------------------------------------------+
; Analysis & Synthesis Status ; Successful - Tue May 28 18:52:48 2013        ;
; Quartus II Version          ; 9.1 Build 350 03/24/2010 SP 2 SJ Web Edition ;
; Revision Name               ; logica_relogio                               ;
; Top-level Entity Name       ; logica_relogio                               ;
; Family                      ; MAX7000S                                     ;
; Total macrocells            ; 30                                           ;
; Total pins                  ; 26                                           ;
+-----------------------------+----------------------------------------------+


+---------------------------------------------------------------------------------------------------------------+
; Analysis & Synthesis Settings                                                                                 ;
+----------------------------------------------------------------------------+-----------------+----------------+
; Option                                                                     ; Setting         ; Default Value  ;
+----------------------------------------------------------------------------+-----------------+----------------+
; Device                                                                     ; EPM7064STC100-7 ;                ;
; Top-level entity name                                                      ; logica_relogio  ; logica_relogio ;
; Family name                                                                ; MAX7000S        ; Stratix II     ;
; Type of Retiming Performed During Resynthesis                              ; Full            ;                ;
; Resynthesis Optimization Effort                                            ; Normal          ;                ;
; Physical Synthesis Level for Resynthesis                                   ; Normal          ;                ;
; Use Generated Physical Constraints File                                    ; On              ;                ;
; Use smart compilation                                                      ; Off             ; Off            ;
; Enable parallel Assembler and TimeQuest Timing Analyzer during compilation ; On              ; On             ;
; Enable compact report table                                                ; Off             ; Off            ;
; Create Debugging Nodes for IP Cores                                        ; Off             ; Off            ;
; Preserve fewer node names                                                  ; On              ; On             ;
; Disable OpenCore Plus hardware evaluation                                  ; Off             ; Off            ;
; Verilog Version                                                            ; Verilog_2001    ; Verilog_2001   ;
; VHDL Version                                                               ; VHDL_1993       ; VHDL_1993      ;
; State Machine Processing                                                   ; Auto            ; Auto           ;
; Safe State Machine                                                         ; Off             ; Off            ;
; Extract Verilog State Machines                                             ; On              ; On             ;
; Extract VHDL State Machines                                                ; On              ; On             ;
; Ignore Verilog initial constructs                                          ; Off             ; Off            ;
; Iteration limit for constant Verilog loops                                 ; 5000            ; 5000           ;
; Iteration limit for non-constant Verilog loops                             ; 250             ; 250            ;
; Add Pass-Through Logic to Inferred RAMs                                    ; On              ; On             ;
; Parallel Synthesis                                                         ; On              ; On             ;
; NOT Gate Push-Back                                                         ; On              ; On             ;
; Power-Up Don't Care                                                        ; On              ; On             ;
; Remove Duplicate Registers                                                 ; On              ; On             ;
; Ignore CARRY Buffers                                                       ; Off             ; Off            ;
; Ignore CASCADE Buffers                                                     ; Off             ; Off            ;
; Ignore GLOBAL Buffers                                                      ; Off             ; Off            ;
; Ignore ROW GLOBAL Buffers                                                  ; Off             ; Off            ;
; Ignore LCELL Buffers                                                       ; Auto            ; Auto           ;
; Ignore SOFT Buffers                                                        ; Off             ; Off            ;
; Limit AHDL Integers to 32 Bits                                             ; Off             ; Off            ;
; Optimization Technique                                                     ; Speed           ; Speed          ;
; Allow XOR Gate Usage                                                       ; On              ; On             ;
; Auto Logic Cell Insertion                                                  ; On              ; On             ;
; Parallel Expander Chain Length                                             ; 4               ; 4              ;
; Auto Parallel Expanders                                                    ; On              ; On             ;
; Auto Open-Drain Pins                                                       ; On              ; On             ;
; Auto Resource Sharing                                                      ; Off             ; Off            ;
; Maximum Fan-in Per Macrocell                                               ; 100             ; 100            ;
; Use LogicLock Constraints during Resource Balancing                        ; On              ; On             ;
; Ignore translate_off and synthesis_off directives                          ; Off             ; Off            ;
; Show Parameter Settings Tables in Synthesis Report                         ; On              ; On             ;
; HDL message level                                                          ; Level2          ; Level2         ;
; Suppress Register Optimization Related Messages                            ; Off             ; Off            ;
; Number of Removed Registers Reported in Synthesis Report                   ; 5000            ; 5000           ;
; Number of Inverted Registers Reported in Synthesis Report                  ; 100             ; 100            ;
; Block Design Naming                                                        ; Auto            ; Auto           ;
; Synthesis Effort                                                           ; Auto            ; Auto           ;
; Shift Register Replacement - Allow Asynchronous Clear Signal               ; On              ; On             ;
; Analysis & Synthesis Message Level                                         ; Medium          ; Medium         ;
; Disable Register Merging Across Hierarchies                                ; Auto            ; Auto           ;
+----------------------------------------------------------------------------+-----------------+----------------+


Parallel compilation was disabled, but you have multiple processors available. Enable parallel compilation to reduce compilation time.
+-------------------------------------+
; Parallel Compilation                ;
+----------------------------+--------+
; Processors                 ; Number ;
+----------------------------+--------+
; Number detected on machine ; 2      ;
; Maximum allowed            ; 1      ;
+----------------------------+--------+


+--------------------------------------------------------------------------------------------------------------------------------------------------------------------+
; Analysis & Synthesis Source Files Read                                                                                                                             ;
+----------------------------------+-----------------+-----------------+---------------------------------------------------------------------------------------------+
; File Name with User-Entered Path ; Used in Netlist ; File Type       ; File Name with Absolute Path                                                                ;
+----------------------------------+-----------------+-----------------+---------------------------------------------------------------------------------------------+
; logica_relogio.vhd               ; yes             ; User VHDL File  ; C:/Users/Thiago/SkyDrive/UEM/Circuitos Digitais 2/relogio/logica_relogio/logica_relogio.vhd ;
; lpm_counter.tdf                  ; yes             ; Megafunction    ; c:/altera/91sp2/quartus/libraries/megafunctions/lpm_counter.tdf                             ;
; lpm_add_sub.tdf                  ; yes             ; Megafunction    ; c:/altera/91sp2/quartus/libraries/megafunctions/lpm_add_sub.tdf                             ;
; addcore.tdf                      ; yes             ; Megafunction    ; c:/altera/91sp2/quartus/libraries/megafunctions/addcore.tdf                                 ;
; a_csnbuffer.tdf                  ; yes             ; Megafunction    ; c:/altera/91sp2/quartus/libraries/megafunctions/a_csnbuffer.tdf                             ;
; altshift.tdf                     ; yes             ; Megafunction    ; c:/altera/91sp2/quartus/libraries/megafunctions/altshift.tdf                                ;
+----------------------------------+-----------------+-----------------+---------------------------------------------------------------------------------------------+


+---------------------------------------------+
; Analysis & Synthesis Resource Usage Summary ;
+----------------------+----------------------+
; Resource             ; Usage                ;
+----------------------+----------------------+
; Logic cells          ; 30                   ;
; Total registers      ; 24                   ;
; I/O pins             ; 26                   ;
; Shareable expanders  ; 5                    ;
; Parallel expanders   ; 3                    ;
; Maximum fan-out node ; clr                  ;
; Maximum fan-out      ; 24                   ;
; Total fan-out        ; 434                  ;
; Average fan-out      ; 7.11                 ;
+----------------------+----------------------+


+------------------------------------------------------------------------------------------------------+
; Analysis & Synthesis Resource Utilization by Entity                                                  ;
+----------------------------+------------+------+--------------------------------------+--------------+
; Compilation Hierarchy Node ; Macrocells ; Pins ; Full Hierarchy Name                  ; Library Name ;
+----------------------------+------------+------+--------------------------------------+--------------+
; |logica_relogio            ; 30         ; 26   ; |logica_relogio                      ; work         ;
;    |lpm_counter:s2_rtl_4|  ; 4          ; 0    ; |logica_relogio|lpm_counter:s2_rtl_4 ; work         ;
;    |lpm_counter:s3_rtl_3|  ; 7          ; 0    ; |logica_relogio|lpm_counter:s3_rtl_3 ; work         ;
;    |lpm_counter:s4_rtl_2|  ; 6          ; 0    ; |logica_relogio|lpm_counter:s4_rtl_2 ; work         ;
;    |lpm_counter:s5_rtl_1|  ; 4          ; 0    ; |logica_relogio|lpm_counter:s5_rtl_1 ; work         ;
;    |lpm_counter:s6_rtl_0|  ; 5          ; 0    ; |logica_relogio|lpm_counter:s6_rtl_0 ; work         ;
+----------------------------+------------+------+--------------------------------------+--------------+


+-----------------------------------------------+
; Source assignments for lpm_counter:s6_rtl_0   ;
+---------------------------+-------+------+----+
; Assignment                ; Value ; From ; To ;
+---------------------------+-------+------+----+
; SUPPRESS_DA_RULE_INTERNAL ; a101  ; -    ; -  ;
; SUPPRESS_DA_RULE_INTERNAL ; s102  ; -    ; -  ;
; SUPPRESS_DA_RULE_INTERNAL ; s103  ; -    ; -  ;
+---------------------------+-------+------+----+


+-----------------------------------------------+
; Source assignments for lpm_counter:s5_rtl_1   ;
+---------------------------+-------+------+----+
; Assignment                ; Value ; From ; To ;
+---------------------------+-------+------+----+
; SUPPRESS_DA_RULE_INTERNAL ; a101  ; -    ; -  ;
; SUPPRESS_DA_RULE_INTERNAL ; s102  ; -    ; -  ;
; SUPPRESS_DA_RULE_INTERNAL ; s103  ; -    ; -  ;
+---------------------------+-------+------+----+


+-----------------------------------------------+
; Source assignments for lpm_counter:s4_rtl_2   ;
+---------------------------+-------+------+----+
; Assignment                ; Value ; From ; To ;
+---------------------------+-------+------+----+
; SUPPRESS_DA_RULE_INTERNAL ; a101  ; -    ; -  ;
; SUPPRESS_DA_RULE_INTERNAL ; s102  ; -    ; -  ;
; SUPPRESS_DA_RULE_INTERNAL ; s103  ; -    ; -  ;
+---------------------------+-------+------+----+


+-----------------------------------------------+
; Source assignments for lpm_counter:s3_rtl_3   ;
+---------------------------+-------+------+----+
; Assignment                ; Value ; From ; To ;
+---------------------------+-------+------+----+
; SUPPRESS_DA_RULE_INTERNAL ; a101  ; -    ; -  ;
; SUPPRESS_DA_RULE_INTERNAL ; s102  ; -    ; -  ;
; SUPPRESS_DA_RULE_INTERNAL ; s103  ; -    ; -  ;
+---------------------------+-------+------+----+


+-----------------------------------------------+
; Source assignments for lpm_counter:s2_rtl_4   ;
+---------------------------+-------+------+----+
; Assignment                ; Value ; From ; To ;
+---------------------------+-------+------+----+
; SUPPRESS_DA_RULE_INTERNAL ; a101  ; -    ; -  ;
; SUPPRESS_DA_RULE_INTERNAL ; s102  ; -    ; -  ;
; SUPPRESS_DA_RULE_INTERNAL ; s103  ; -    ; -  ;
+---------------------------+-------+------+----+


+-------------------------------------------------------+
; Source assignments for lpm_add_sub:Add5|addcore:adder ;
+---------------------------+-------+------+------------+
; Assignment                ; Value ; From ; To         ;
+---------------------------+-------+------+------------+
; SUPPRESS_DA_RULE_INTERNAL ; A103  ; -    ; -          ;
+---------------------------+-------+------+------------+


+------------------------------------------------------------------------+
; Source assignments for lpm_add_sub:Add5|addcore:adder|addcore:adder[0] ;
+---------------------------+-------+------+-----------------------------+
; Assignment                ; Value ; From ; To                          ;
+---------------------------+-------+------+-----------------------------+
; SUPPRESS_DA_RULE_INTERNAL ; A103  ; -    ; -                           ;
+---------------------------+-------+------+-----------------------------+


+-----------------------------------------------------------------------+
; Parameter Settings for Inferred Entity Instance: lpm_counter:s6_rtl_0 ;
+------------------------+-------------------+--------------------------+
; Parameter Name         ; Value             ; Type                     ;
+------------------------+-------------------+--------------------------+
; AUTO_CARRY_CHAINS      ; ON                ; AUTO_CARRY               ;
; IGNORE_CARRY_BUFFERS   ; OFF               ; IGNORE_CARRY             ;
; AUTO_CASCADE_CHAINS    ; ON                ; AUTO_CASCADE             ;
; IGNORE_CASCADE_BUFFERS ; OFF               ; IGNORE_CASCADE           ;
; LPM_WIDTH              ; 4                 ; Untyped                  ;
; LPM_DIRECTION          ; UP                ; Untyped                  ;
; LPM_MODULUS            ; 0                 ; Untyped                  ;
; LPM_AVALUE             ; UNUSED            ; Untyped                  ;
; LPM_SVALUE             ; UNUSED            ; Untyped                  ;
; LPM_PORT_UPDOWN        ; PORT_CONNECTIVITY ; Untyped                  ;
; DEVICE_FAMILY          ; MAX7000S          ; Untyped                  ;
; CARRY_CHAIN            ; MANUAL            ; Untyped                  ;
; CARRY_CHAIN_LENGTH     ; 48                ; CARRY_CHAIN_LENGTH       ;
; NOT_GATE_PUSH_BACK     ; ON                ; NOT_GATE_PUSH_BACK       ;
; CARRY_CNT_EN           ; SMART             ; Untyped                  ;
; LABWIDE_SCLR           ; ON                ; Untyped                  ;
; USE_NEW_VERSION        ; TRUE              ; Untyped                  ;
; CBXI_PARAMETER         ; NOTHING           ; Untyped                  ;
+------------------------+-------------------+--------------------------+
Note: In order to hide this table in the UI and the text report file, please set the "Show Parameter Settings Tables in Synthesis Report" option in "Analysis and Synthesis Settings -> More Settings" to "Off".


+-----------------------------------------------------------------------+
; Parameter Settings for Inferred Entity Instance: lpm_counter:s5_rtl_1 ;
+------------------------+-------------------+--------------------------+
; Parameter Name         ; Value             ; Type                     ;
+------------------------+-------------------+--------------------------+
; AUTO_CARRY_CHAINS      ; ON                ; AUTO_CARRY               ;
; IGNORE_CARRY_BUFFERS   ; OFF               ; IGNORE_CARRY             ;
; AUTO_CASCADE_CHAINS    ; ON                ; AUTO_CASCADE             ;
; IGNORE_CASCADE_BUFFERS ; OFF               ; IGNORE_CASCADE           ;
; LPM_WIDTH              ; 4                 ; Untyped                  ;
; LPM_DIRECTION          ; UP                ; Untyped                  ;
; LPM_MODULUS            ; 0                 ; Untyped                  ;
; LPM_AVALUE             ; UNUSED            ; Untyped                  ;
; LPM_SVALUE             ; UNUSED            ; Untyped                  ;
; LPM_PORT_UPDOWN        ; PORT_CONNECTIVITY ; Untyped                  ;
; DEVICE_FAMILY          ; MAX7000S          ; Untyped                  ;
; CARRY_CHAIN            ; MANUAL            ; Untyped                  ;
; CARRY_CHAIN_LENGTH     ; 48                ; CARRY_CHAIN_LENGTH       ;
; NOT_GATE_PUSH_BACK     ; ON                ; NOT_GATE_PUSH_BACK       ;
; CARRY_CNT_EN           ; SMART             ; Untyped                  ;
; LABWIDE_SCLR           ; ON                ; Untyped                  ;
; USE_NEW_VERSION        ; TRUE              ; Untyped                  ;
; CBXI_PARAMETER         ; NOTHING           ; Untyped                  ;
+------------------------+-------------------+--------------------------+
Note: In order to hide this table in the UI and the text report file, please set the "Show Parameter Settings Tables in Synthesis Report" option in "Analysis and Synthesis Settings -> More Settings" to "Off".


+-----------------------------------------------------------------------+
; Parameter Settings for Inferred Entity Instance: lpm_counter:s4_rtl_2 ;
+------------------------+-------------------+--------------------------+
; Parameter Name         ; Value             ; Type                     ;
+------------------------+-------------------+--------------------------+
; AUTO_CARRY_CHAINS      ; ON                ; AUTO_CARRY               ;
; IGNORE_CARRY_BUFFERS   ; OFF               ; IGNORE_CARRY             ;
; AUTO_CASCADE_CHAINS    ; ON                ; AUTO_CASCADE             ;
; IGNORE_CASCADE_BUFFERS ; OFF               ; IGNORE_CASCADE           ;
; LPM_WIDTH              ; 4                 ; Untyped                  ;
; LPM_DIRECTION          ; UP                ; Untyped                  ;
; LPM_MODULUS            ; 0                 ; Untyped                  ;
; LPM_AVALUE             ; UNUSED            ; Untyped                  ;
; LPM_SVALUE             ; UNUSED            ; Untyped                  ;
; LPM_PORT_UPDOWN        ; PORT_CONNECTIVITY ; Untyped                  ;
; DEVICE_FAMILY          ; MAX7000S          ; Untyped                  ;
; CARRY_CHAIN            ; MANUAL            ; Untyped                  ;
; CARRY_CHAIN_LENGTH     ; 48                ; CARRY_CHAIN_LENGTH       ;
; NOT_GATE_PUSH_BACK     ; ON                ; NOT_GATE_PUSH_BACK       ;
; CARRY_CNT_EN           ; SMART             ; Untyped                  ;
; LABWIDE_SCLR           ; ON                ; Untyped                  ;
; USE_NEW_VERSION        ; TRUE              ; Untyped                  ;
; CBXI_PARAMETER         ; NOTHING           ; Untyped                  ;
+------------------------+-------------------+--------------------------+
Note: In order to hide this table in the UI and the text report file, please set the "Show Parameter Settings Tables in Synthesis Report" option in "Analysis and Synthesis Settings -> More Settings" to "Off".


+-----------------------------------------------------------------------+
; Parameter Settings for Inferred Entity Instance: lpm_counter:s3_rtl_3 ;
+------------------------+-------------------+--------------------------+
; Parameter Name         ; Value             ; Type                     ;
+------------------------+-------------------+--------------------------+
; AUTO_CARRY_CHAINS      ; ON                ; AUTO_CARRY               ;
; IGNORE_CARRY_BUFFERS   ; OFF               ; IGNORE_CARRY             ;
; AUTO_CASCADE_CHAINS    ; ON                ; AUTO_CASCADE             ;
; IGNORE_CASCADE_BUFFERS ; OFF               ; IGNORE_CASCADE           ;
; LPM_WIDTH              ; 4                 ; Untyped                  ;
; LPM_DIRECTION          ; UP                ; Untyped                  ;
; LPM_MODULUS            ; 0                 ; Untyped                  ;
; LPM_AVALUE             ; UNUSED            ; Untyped                  ;
; LPM_SVALUE             ; UNUSED            ; Untyped                  ;
; LPM_PORT_UPDOWN        ; PORT_CONNECTIVITY ; Untyped                  ;
; DEVICE_FAMILY          ; MAX7000S          ; Untyped                  ;
; CARRY_CHAIN            ; MANUAL            ; Untyped                  ;
; CARRY_CHAIN_LENGTH     ; 48                ; CARRY_CHAIN_LENGTH       ;
; NOT_GATE_PUSH_BACK     ; ON                ; NOT_GATE_PUSH_BACK       ;
; CARRY_CNT_EN           ; SMART             ; Untyped                  ;
; LABWIDE_SCLR           ; ON                ; Untyped                  ;
; USE_NEW_VERSION        ; TRUE              ; Untyped                  ;
; CBXI_PARAMETER         ; NOTHING           ; Untyped                  ;
+------------------------+-------------------+--------------------------+
Note: In order to hide this table in the UI and the text report file, please set the "Show Parameter Settings Tables in Synthesis Report" option in "Analysis and Synthesis Settings -> More Settings" to "Off".


+-----------------------------------------------------------------------+
; Parameter Settings for Inferred Entity Instance: lpm_counter:s2_rtl_4 ;
+------------------------+-------------------+--------------------------+
; Parameter Name         ; Value             ; Type                     ;
+------------------------+-------------------+--------------------------+
; AUTO_CARRY_CHAINS      ; ON                ; AUTO_CARRY               ;
; IGNORE_CARRY_BUFFERS   ; OFF               ; IGNORE_CARRY             ;
; AUTO_CASCADE_CHAINS    ; ON                ; AUTO_CASCADE             ;
; IGNORE_CASCADE_BUFFERS ; OFF               ; IGNORE_CASCADE           ;
; LPM_WIDTH              ; 4                 ; Untyped                  ;
; LPM_DIRECTION          ; UP                ; Untyped                  ;
; LPM_MODULUS            ; 0                 ; Untyped                  ;
; LPM_AVALUE             ; UNUSED            ; Untyped                  ;
; LPM_SVALUE             ; UNUSED            ; Untyped                  ;
; LPM_PORT_UPDOWN        ; PORT_CONNECTIVITY ; Untyped                  ;
; DEVICE_FAMILY          ; MAX7000S          ; Untyped                  ;
; CARRY_CHAIN            ; MANUAL            ; Untyped                  ;
; CARRY_CHAIN_LENGTH     ; 48                ; CARRY_CHAIN_LENGTH       ;
; NOT_GATE_PUSH_BACK     ; ON                ; NOT_GATE_PUSH_BACK       ;
; CARRY_CNT_EN           ; SMART             ; Untyped                  ;
; LABWIDE_SCLR           ; ON                ; Untyped                  ;
; USE_NEW_VERSION        ; TRUE              ; Untyped                  ;
; CBXI_PARAMETER         ; NOTHING           ; Untyped                  ;
+------------------------+-------------------+--------------------------+
Note: In order to hide this table in the UI and the text report file, please set the "Show Parameter Settings Tables in Synthesis Report" option in "Analysis and Synthesis Settings -> More Settings" to "Off".


+-------------------------------------------------------------------+
; Parameter Settings for Inferred Entity Instance: lpm_add_sub:Add5 ;
+------------------------+-------------+----------------------------+
; Parameter Name         ; Value       ; Type                       ;
+------------------------+-------------+----------------------------+
; LPM_WIDTH              ; 4           ; Untyped                    ;
; LPM_REPRESENTATION     ; UNSIGNED    ; Untyped                    ;
; LPM_DIRECTION          ; ADD         ; Untyped                    ;
; ONE_INPUT_IS_CONSTANT  ; NO          ; Untyped                    ;
; LPM_PIPELINE           ; 0           ; Untyped                    ;
; MAXIMIZE_SPEED         ; 5           ; Untyped                    ;
; REGISTERED_AT_END      ; 0           ; Untyped                    ;
; OPTIMIZE_FOR_SPEED     ; 9           ; Untyped                    ;
; USE_CS_BUFFERS         ; 1           ; Untyped                    ;
; CARRY_CHAIN            ; MANUAL      ; Untyped                    ;
; CARRY_CHAIN_LENGTH     ; 48          ; CARRY_CHAIN_LENGTH         ;
; DEVICE_FAMILY          ; MAX7000S    ; Untyped                    ;
; USE_WYS                ; OFF         ; Untyped                    ;
; STYLE                  ; FAST        ; Untyped                    ;
; CBXI_PARAMETER         ; add_sub_3kh ; Untyped                    ;
; AUTO_CARRY_CHAINS      ; ON          ; AUTO_CARRY                 ;
; IGNORE_CARRY_BUFFERS   ; OFF         ; IGNORE_CARRY               ;
; AUTO_CASCADE_CHAINS    ; ON          ; AUTO_CASCADE               ;
; IGNORE_CASCADE_BUFFERS ; OFF         ; IGNORE_CASCADE             ;
+------------------------+-------------+----------------------------+
Note: In order to hide this table in the UI and the text report file, please set the "Show Parameter Settings Tables in Synthesis Report" option in "Analysis and Synthesis Settings -> More Settings" to "Off".


+-------------------------------+
; Analysis & Synthesis Messages ;
+-------------------------------+
Info: *******************************************************************
Info: Running Quartus II Analysis & Synthesis
    Info: Version 9.1 Build 350 03/24/2010 Service Pack 2 SJ Web Edition
    Info: Processing started: Tue May 28 18:52:44 2013
Info: Command: quartus_map --read_settings_files=on --write_settings_files=off logica_relogio -c logica_relogio
Info: Found 2 design units, including 1 entities, in source file logica_relogio.vhd
    Info: Found design unit 1: logica_relogio-comportamental
    Info: Found entity 1: logica_relogio
Info: Elaborating entity "logica_relogio" for the top level hierarchy
Info: Inferred 5 megafunctions from design logic
    Info: Inferred lpm_counter megafunction (LPM_WIDTH=4) from the following logic: "s6[0]~0"
    Info: Inferred lpm_counter megafunction (LPM_WIDTH=4) from the following logic: "s5[0]~0"
    Info: Inferred lpm_counter megafunction (LPM_WIDTH=4) from the following logic: "s4[0]~0"
    Info: Inferred lpm_counter megafunction (LPM_WIDTH=4) from the following logic: "s3[0]~0"
    Info: Inferred lpm_counter megafunction (LPM_WIDTH=4) from the following logic: "s2[0]~0"
Info: Inferred 1 megafunctions from design logic
    Info: Inferred adder/subtractor megafunction ("lpm_add_sub") from the following logic: "Add5"
Info: Elaborated megafunction instantiation "lpm_counter:s6_rtl_0"
Info: Instantiated megafunction "lpm_counter:s6_rtl_0" with the following parameter:
    Info: Parameter "LPM_WIDTH" = "4"
    Info: Parameter "LPM_DIRECTION" = "UP"
    Info: Parameter "LPM_TYPE" = "LPM_COUNTER"
Info: Elaborated megafunction instantiation "lpm_counter:s5_rtl_1"
Info: Instantiated megafunction "lpm_counter:s5_rtl_1" with the following parameter:
    Info: Parameter "LPM_WIDTH" = "4"
    Info: Parameter "LPM_DIRECTION" = "UP"
    Info: Parameter "LPM_TYPE" = "LPM_COUNTER"
Info: Elaborated megafunction instantiation "lpm_add_sub:Add5"
Info: Instantiated megafunction "lpm_add_sub:Add5" with the following parameter:
    Info: Parameter "LPM_WIDTH" = "4"
    Info: Parameter "LPM_DIRECTION" = "ADD"
    Info: Parameter "LPM_REPRESENTATION" = "UNSIGNED"
    Info: Parameter "ONE_INPUT_IS_CONSTANT" = "NO"
Info: Elaborated megafunction instantiation "lpm_add_sub:Add5|addcore:adder", which is child of megafunction instantiation "lpm_add_sub:Add5"
Info: Elaborated megafunction instantiation "lpm_add_sub:Add5|addcore:adder|a_csnbuffer:oflow_node", which is child of megafunction instantiation "lpm_add_sub:Add5"
Info: Elaborated megafunction instantiation "lpm_add_sub:Add5|addcore:adder|a_csnbuffer:result_node", which is child of megafunction instantiation "lpm_add_sub:Add5"
Info: Elaborated megafunction instantiation "lpm_add_sub:Add5|addcore:adder|addcore:adder[0]", which is child of megafunction instantiation "lpm_add_sub:Add5"
Info: Elaborated megafunction instantiation "lpm_add_sub:Add5|addcore:adder|addcore:adder[0]|a_csnbuffer:oflow_node", which is child of megafunction instantiation "lpm_add_sub:Add5"
Info: Elaborated megafunction instantiation "lpm_add_sub:Add5|addcore:adder|addcore:adder[0]|a_csnbuffer:result_node", which is child of megafunction instantiation "lpm_add_sub:Add5"
Info: Elaborated megafunction instantiation "lpm_add_sub:Add5|altshift:result_ext_latency_ffs", which is child of megafunction instantiation "lpm_add_sub:Add5"
Info: Elaborated megafunction instantiation "lpm_add_sub:Add5|altshift:carry_ext_latency_ffs", which is child of megafunction instantiation "lpm_add_sub:Add5"
Info: Ignored 3 buffer(s)
    Info: Ignored 3 SOFT buffer(s)
Info: Promoted pin-driven signal(s) to global signal
    Info: Promoted clock signal driven by pin "clk" to global clock signal
    Info: Promoted clear signal driven by pin "clr" to global clear signal
Info: Implemented 61 device resources after synthesis - the final resource count might be different
    Info: Implemented 2 input pins
    Info: Implemented 24 output pins
    Info: Implemented 30 macrocells
    Info: Implemented 5 shareable expanders
Info: Quartus II Analysis & Synthesis was successful. 0 errors, 0 warnings
    Info: Peak virtual memory: 244 megabytes
    Info: Processing ended: Tue May 28 18:52:48 2013
    Info: Elapsed time: 00:00:04
    Info: Total CPU time (on all processors): 00:00:03


